-------------------------------------------------------------------------------
Test set: org.openmrs.module.webservices.rest.web.v1_0.controller.openmrs1_9.PersonAttributeController1_9Test
-------------------------------------------------------------------------------
Tests run: 12, Failures: 0, Errors: 6, Skipped: 0, Time elapsed: 0.352 s <<< FAILURE! -- in org.openmrs.module.webservices.rest.web.v1_0.controller.openmrs1_9.PersonAttributeController1_9Test
org.openmrs.module.webservices.rest.web.v1_0.controller.openmrs1_9.PersonAttributeController1_9Test.shouldPurgeAttribute -- Time elapsed: 0.032 s <<< ERROR!
javax.persistence.PersistenceException: org.hibernate.HibernateException: Found shared references to a collection: org.openmrs.Location.attributes
	at org.hibernate.internal.ExceptionConverterImpl.convert(ExceptionConverterImpl.java:154)
	at org.hibernate.query.internal.AbstractProducedQuery.list(AbstractProducedQuery.java:1626)
	at org.hibernate.query.internal.AbstractProducedQuery.uniqueResult(AbstractProducedQuery.java:1659)
	at org.hibernate.query.criteria.internal.compile.CriteriaQueryTypeQueryAdapter.uniqueResult(CriteriaQueryTypeQueryAdapter.java:81)
	at org.openmrs.api.db.hibernate.HibernateUtil.getUniqueEntityByUUID(HibernateUtil.java:219)
	at org.openmrs.api.db.hibernate.HibernatePersonDAO.getPersonAttributeByUuid(HibernatePersonDAO.java:751)
	at org.openmrs.api.impl.PersonServiceImpl.getPersonAttributeByUuid(PersonServiceImpl.java:790)
	at org.openmrs.api.impl.PersonServiceImpl$$FastClassBySpringCGLIB$$2c30885a.invoke(<generated>)
	at org.springframework.cglib.proxy.MethodProxy.invoke(MethodProxy.java:218)
	at org.springframework.aop.framework.CglibAopProxy$CglibMethodInvocation.invokeJoinpoint(CglibAopProxy.java:792)
	at org.springframework.aop.framework.ReflectiveMethodInvocation.proceed(ReflectiveMethodInvocation.java:163)
	at org.springframework.aop.framework.CglibAopProxy$CglibMethodInvocation.proceed(CglibAopProxy.java:762)
	at org.springframework.transaction.interceptor.TransactionInterceptor$1.proceedWithInvocation(TransactionInterceptor.java:123)
	at org.springframework.transaction.interceptor.TransactionAspectSupport.invokeWithinTransaction(TransactionAspectSupport.java:388)
	at org.springframework.transaction.interceptor.TransactionInterceptor.invoke(TransactionInterceptor.java:119)
	at org.springframework.aop.framework.ReflectiveMethodInvocation.proceed(ReflectiveMethodInvocation.java:186)
	at org.springframework.aop.framework.CglibAopProxy$CglibMethodInvocation.proceed(CglibAopProxy.java:762)
	at org.springframework.aop.framework.CglibAopProxy$DynamicAdvisedInterceptor.intercept(CglibAopProxy.java:707)
	at org.openmrs.api.impl.PersonServiceImpl$$EnhancerBySpringCGLIB$$491a7245.getPersonAttributeByUuid(<generated>)
	at sun.reflect.NativeMethodAccessorImpl.invoke0(Native Method)
	at sun.reflect.NativeMethodAccessorImpl.invoke(NativeMethodAccessorImpl.java:62)
	at sun.reflect.DelegatingMethodAccessorImpl.invoke(DelegatingMethodAccessorImpl.java:43)
	at java.lang.reflect.Method.invoke(Method.java:498)
	at org.springframework.aop.support.AopUtils.invokeJoinpointUsingReflection(AopUtils.java:344)
	at org.springframework.aop.framework.ReflectiveMethodInvocation.invokeJoinpoint(ReflectiveMethodInvocation.java:198)
	at org.springframework.aop.framework.ReflectiveMethodInvocation.proceed(ReflectiveMethodInvocation.java:163)
	at org.springframework.transaction.interceptor.TransactionInterceptor$1.proceedWithInvocation(TransactionInterceptor.java:123)
	at org.springframework.transaction.interceptor.TransactionAspectSupport.invokeWithinTransaction(TransactionAspectSupport.java:388)
	at org.springframework.transaction.interceptor.TransactionInterceptor.invoke(TransactionInterceptor.java:119)
	at org.springframework.aop.framework.ReflectiveMethodInvocation.proceed(ReflectiveMethodInvocation.java:186)
	at org.openmrs.aop.LoggingAdvice.invoke(LoggingAdvice.java:123)
	at org.springframework.aop.framework.ReflectiveMethodInvocation.proceed(ReflectiveMethodInvocation.java:186)
	at org.springframework.aop.framework.adapter.MethodBeforeAdviceInterceptor.invoke(MethodBeforeAdviceInterceptor.java:58)
	at org.springframework.aop.framework.ReflectiveMethodInvocation.proceed(ReflectiveMethodInvocation.java:186)
	at org.springframework.aop.framework.adapter.MethodBeforeAdviceInterceptor.invoke(MethodBeforeAdviceInterceptor.java:58)
	at org.springframework.aop.framework.ReflectiveMethodInvocation.proceed(ReflectiveMethodInvocation.java:186)
	at org.springframework.aop.framework.JdkDynamicAopProxy.invoke(JdkDynamicAopProxy.java:241)
	at com.sun.proxy.$Proxy191.getPersonAttributeByUuid(Unknown Source)
	at org.openmrs.module.webservices.rest.web.v1_0.controller.openmrs1_9.PersonAttributeController1_9Test.shouldPurgeAttribute(PersonAttributeController1_9Test.java:127)
	at java.lang.reflect.Method.invoke(Method.java:498)
	at org.springframework.test.context.junit4.statements.RunBeforeTestExecutionCallbacks.evaluate(RunBeforeTestExecutionCallbacks.java:74)
	at org.springframework.test.context.junit4.statements.RunAfterTestExecutionCallbacks.evaluate(RunAfterTestExecutionCallbacks.java:84)
	at org.springframework.test.context.junit4.statements.RunBeforeTestMethodCallbacks.evaluate(RunBeforeTestMethodCallbacks.java:75)
	at org.springframework.test.context.junit4.statements.RunAfterTestMethodCallbacks.evaluate(RunAfterTestMethodCallbacks.java:86)
	at org.springframework.test.context.junit4.statements.SpringRepeat.evaluate(SpringRepeat.java:84)
	at org.springframework.test.context.junit4.SpringJUnit4ClassRunner.runChild(SpringJUnit4ClassRunner.java:251)
	at org.springframework.test.context.junit4.SpringJUnit4ClassRunner.runChild(SpringJUnit4ClassRunner.java:97)
	at org.springframework.test.context.junit4.statements.RunBeforeTestClassCallbacks.evaluate(RunBeforeTestClassCallbacks.java:61)
	at org.springframework.test.context.junit4.statements.RunAfterTestClassCallbacks.evaluate(RunAfterTestClassCallbacks.java:70)
	at org.springframework.test.context.junit4.SpringJUnit4ClassRunner.run(SpringJUnit4ClassRunner.java:190)
Caused by: org.hibernate.HibernateException: Found shared references to a collection: org.openmrs.Location.attributes
	at org.hibernate.engine.internal.Collections.processReachableCollection(Collections.java:188)
	at org.hibernate.event.internal.FlushVisitor.processCollection(FlushVisitor.java:53)
	at org.hibernate.event.internal.AbstractVisitor.processValue(AbstractVisitor.java:104)
	at org.hibernate.event.internal.AbstractVisitor.processValue(AbstractVisitor.java:65)
	at org.hibernate.event.internal.AbstractVisitor.processEntityPropertyValues(AbstractVisitor.java:59)
	at org.hibernate.event.internal.DefaultFlushEntityEventListener.onFlushEntity(DefaultFlushEntityEventListener.java:187)
	at org.hibernate.event.service.internal.EventListenerGroupImpl.fireEventOnEachListener(EventListenerGroupImpl.java:107)
	at org.hibernate.event.internal.AbstractFlushingEventListener.flushEntities(AbstractFlushingEventListener.java:229)
	at org.hibernate.event.internal.AbstractFlushingEventListener.flushEverythingToExecutions(AbstractFlushingEventListener.java:93)
	at org.hibernate.event.internal.DefaultAutoFlushEventListener.onAutoFlush(DefaultAutoFlushEventListener.java:50)
	at org.hibernate.event.service.internal.EventListenerGroupImpl.fireEventOnEachListener(EventListenerGroupImpl.java:107)
	at org.hibernate.internal.SessionImpl.autoFlushIfRequired(SessionImpl.java:1372)
	at org.hibernate.internal.SessionImpl.list(SessionImpl.java:1452)
	at org.hibernate.query.internal.AbstractProducedQuery.doList(AbstractProducedQuery.java:1649)
	at org.hibernate.query.internal.AbstractProducedQuery.list(AbstractProducedQuery.java:1617)
	... 48 more

org.openmrs.module.webservices.rest.web.v1_0.controller.openmrs1_9.PersonAttributeController1_9Test.shouldRenderHydratedAttributable -- Time elapsed: 0.067 s <<< ERROR!
javax.persistence.PersistenceException: org.hibernate.HibernateException: Found shared references to a collection: org.openmrs.Concept.names
	at org.hibernate.internal.ExceptionConverterImpl.convert(ExceptionConverterImpl.java:154)
	at org.hibernate.query.internal.AbstractProducedQuery.list(AbstractProducedQuery.java:1626)
	at org.hibernate.query.internal.AbstractProducedQuery.uniqueResult(AbstractProducedQuery.java:1659)
	at org.hibernate.query.criteria.internal.compile.CriteriaQueryTypeQueryAdapter.uniqueResult(CriteriaQueryTypeQueryAdapter.java:81)
	at org.openmrs.api.db.hibernate.HibernateAdministrationDAO.getGlobalPropertyObject(HibernateAdministrationDAO.java:116)
	at org.openmrs.api.impl.AdministrationServiceImpl.getGlobalProperty(AdministrationServiceImpl.java:167)
	at org.openmrs.api.impl.AdministrationServiceImpl$$FastClassBySpringCGLIB$$e1ce39b1.invoke(<generated>)
	at org.springframework.cglib.proxy.MethodProxy.invoke(MethodProxy.java:218)
	at org.springframework.aop.framework.CglibAopProxy$CglibMethodInvocation.invokeJoinpoint(CglibAopProxy.java:792)
	at org.springframework.aop.framework.ReflectiveMethodInvocation.proceed(ReflectiveMethodInvocation.java:163)
	at org.springframework.aop.framework.CglibAopProxy$CglibMethodInvocation.proceed(CglibAopProxy.java:762)
	at org.springframework.transaction.interceptor.TransactionInterceptor$1.proceedWithInvocation(TransactionInterceptor.java:123)
	at org.springframework.transaction.interceptor.TransactionAspectSupport.invokeWithinTransaction(TransactionAspectSupport.java:388)
	at org.springframework.transaction.interceptor.TransactionInterceptor.invoke(TransactionInterceptor.java:119)
	at org.springframework.aop.framework.ReflectiveMethodInvocation.proceed(ReflectiveMethodInvocation.java:186)
	at org.springframework.aop.framework.CglibAopProxy$CglibMethodInvocation.proceed(CglibAopProxy.java:762)
	at org.springframework.aop.framework.CglibAopProxy$DynamicAdvisedInterceptor.intercept(CglibAopProxy.java:707)
	at org.openmrs.api.impl.AdministrationServiceImpl$$EnhancerBySpringCGLIB$$cdfed5b3.getGlobalProperty(<generated>)
	at sun.reflect.GeneratedMethodAccessor198.invoke(Unknown Source)
	at sun.reflect.DelegatingMethodAccessorImpl.invoke(DelegatingMethodAccessorImpl.java:43)
	at java.lang.reflect.Method.invoke(Method.java:498)
	at org.springframework.aop.support.AopUtils.invokeJoinpointUsingReflection(AopUtils.java:344)
	at org.springframework.aop.framework.ReflectiveMethodInvocation.invokeJoinpoint(ReflectiveMethodInvocation.java:198)
	at org.springframework.aop.framework.ReflectiveMethodInvocation.proceed(ReflectiveMethodInvocation.java:163)
	at org.springframework.transaction.interceptor.TransactionInterceptor$1.proceedWithInvocation(TransactionInterceptor.java:123)
	at org.springframework.transaction.interceptor.TransactionAspectSupport.invokeWithinTransaction(TransactionAspectSupport.java:388)
	at org.springframework.transaction.interceptor.TransactionInterceptor.invoke(TransactionInterceptor.java:119)
	at org.springframework.aop.framework.ReflectiveMethodInvocation.proceed(ReflectiveMethodInvocation.java:186)
	at org.openmrs.aop.LoggingAdvice.invoke(LoggingAdvice.java:123)
	at org.springframework.aop.framework.ReflectiveMethodInvocation.proceed(ReflectiveMethodInvocation.java:186)
	at org.springframework.aop.framework.adapter.MethodBeforeAdviceInterceptor.invoke(MethodBeforeAdviceInterceptor.java:58)
	at org.springframework.aop.framework.ReflectiveMethodInvocation.proceed(ReflectiveMethodInvocation.java:186)
	at org.springframework.aop.framework.adapter.MethodBeforeAdviceInterceptor.invoke(MethodBeforeAdviceInterceptor.java:58)
	at org.springframework.aop.framework.ReflectiveMethodInvocation.proceed(ReflectiveMethodInvocation.java:186)
	at org.springframework.aop.framework.JdkDynamicAopProxy.invoke(JdkDynamicAopProxy.java:241)
	at com.sun.proxy.$Proxy203.getGlobalProperty(Unknown Source)
	at org.openmrs.api.impl.AdministrationServiceImpl.getGlobalProperty(AdministrationServiceImpl.java:224)
	at org.openmrs.api.impl.AdministrationServiceImpl$$FastClassBySpringCGLIB$$e1ce39b1.invoke(<generated>)
	at org.springframework.cglib.proxy.MethodProxy.invoke(MethodProxy.java:218)
	at org.springframework.aop.framework.CglibAopProxy$CglibMethodInvocation.invokeJoinpoint(CglibAopProxy.java:792)
	at org.springframework.aop.framework.ReflectiveMethodInvocation.proceed(ReflectiveMethodInvocation.java:163)
	at org.springframework.aop.framework.CglibAopProxy$CglibMethodInvocation.proceed(CglibAopProxy.java:762)
	at org.springframework.transaction.interceptor.TransactionInterceptor$1.proceedWithInvocation(TransactionInterceptor.java:123)
	at org.springframework.transaction.interceptor.TransactionAspectSupport.invokeWithinTransaction(TransactionAspectSupport.java:388)
	at org.springframework.transaction.interceptor.TransactionInterceptor.invoke(TransactionInterceptor.java:119)
	at org.springframework.aop.framework.ReflectiveMethodInvocation.proceed(ReflectiveMethodInvocation.java:186)
	at org.springframework.aop.framework.CglibAopProxy$CglibMethodInvocation.proceed(CglibAopProxy.java:762)
	at org.springframework.aop.framework.CglibAopProxy$DynamicAdvisedInterceptor.intercept(CglibAopProxy.java:707)
	at org.openmrs.api.impl.AdministrationServiceImpl$$EnhancerBySpringCGLIB$$cdfed5b3.getGlobalProperty(<generated>)
	at sun.reflect.GeneratedMethodAccessor210.invoke(Unknown Source)
	at sun.reflect.DelegatingMethodAccessorImpl.invoke(DelegatingMethodAccessorImpl.java:43)
	at java.lang.reflect.Method.invoke(Method.java:498)
	at org.springframework.aop.support.AopUtils.invokeJoinpointUsingReflection(AopUtils.java:344)
	at org.springframework.aop.framework.ReflectiveMethodInvocation.invokeJoinpoint(ReflectiveMethodInvocation.java:198)
	at org.springframework.aop.framework.ReflectiveMethodInvocation.proceed(ReflectiveMethodInvocation.java:163)
	at org.springframework.transaction.interceptor.TransactionInterceptor$1.proceedWithInvocation(TransactionInterceptor.java:123)
	at org.springframework.transaction.interceptor.TransactionAspectSupport.invokeWithinTransaction(TransactionAspectSupport.java:388)
	at org.springframework.transaction.interceptor.TransactionInterceptor.invoke(TransactionInterceptor.java:119)
	at org.springframework.aop.framework.ReflectiveMethodInvocation.proceed(ReflectiveMethodInvocation.java:186)
	at org.openmrs.aop.LoggingAdvice.invoke(LoggingAdvice.java:123)
	at org.springframework.aop.framework.ReflectiveMethodInvocation.proceed(ReflectiveMethodInvocation.java:186)
	at org.springframework.aop.framework.adapter.MethodBeforeAdviceInterceptor.invoke(MethodBeforeAdviceInterceptor.java:58)
	at org.springframework.aop.framework.ReflectiveMethodInvocation.proceed(ReflectiveMethodInvocation.java:186)
	at org.springframework.aop.framework.adapter.MethodBeforeAdviceInterceptor.invoke(MethodBeforeAdviceInterceptor.java:58)
	at org.springframework.aop.framework.ReflectiveMethodInvocation.proceed(ReflectiveMethodInvocation.java:186)
	at org.springframework.aop.framework.JdkDynamicAopProxy.invoke(JdkDynamicAopProxy.java:241)
	at com.sun.proxy.$Proxy203.getGlobalProperty(Unknown Source)
	at org.openmrs.module.webservices.rest.web.RestUtil.getGlobalProperty(RestUtil.java:74)
	at org.openmrs.module.webservices.rest.web.RestUtil.getDefaultLimit(RestUtil.java:88)
	at org.openmrs.module.webservices.rest.web.RequestContext.<init>(RequestContext.java:36)
	at org.openmrs.module.webservices.rest.web.RestUtil.getRequestContext(RestUtil.java:451)
	at org.openmrs.module.webservices.rest.web.RestUtil.getRequestContext(RestUtil.java:503)
	at org.openmrs.module.webservices.rest.web.v1_0.controller.MainSubResourceController.retrieve(MainSubResourceController.java:66)
	at sun.reflect.GeneratedMethodAccessor1272.invoke(Unknown Source)
	at sun.reflect.DelegatingMethodAccessorImpl.invoke(DelegatingMethodAccessorImpl.java:43)
	at java.lang.reflect.Method.invoke(Method.java:498)
	at org.springframework.web.method.support.InvocableHandlerMethod.doInvoke(InvocableHandlerMethod.java:205)
	at org.springframework.web.method.support.InvocableHandlerMethod.invokeForRequest(InvocableHandlerMethod.java:150)
	at org.springframework.web.servlet.mvc.method.annotation.ServletInvocableHandlerMethod.invokeAndHandle(ServletInvocableHandlerMethod.java:117)
	at org.springframework.web.servlet.mvc.method.annotation.RequestMappingHandlerAdapter.invokeHandlerMethod(RequestMappingHandlerAdapter.java:895)
	at org.springframework.web.servlet.mvc.method.annotation.RequestMappingHandlerAdapter.handleInternal(RequestMappingHandlerAdapter.java:808)
	at org.springframework.web.servlet.mvc.method.AbstractHandlerMethodAdapter.handle(AbstractHandlerMethodAdapter.java:87)
	at org.openmrs.module.webservices.rest.web.v1_0.controller.RestControllerTestUtils.handle(RestControllerTestUtils.java:116)
	at org.openmrs.module.webservices.rest.web.v1_0.controller.openmrs1_9.PersonAttributeController1_9Test.shouldRenderHydratedAttributable(PersonAttributeController1_9Test.java:82)
	at java.lang.reflect.Method.invoke(Method.java:498)
	at org.springframework.test.context.junit4.statements.RunBeforeTestExecutionCallbacks.evaluate(RunBeforeTestExecutionCallbacks.java:74)
	at org.springframework.test.context.junit4.statements.RunAfterTestExecutionCallbacks.evaluate(RunAfterTestExecutionCallbacks.java:84)
	at org.springframework.test.context.junit4.statements.RunBeforeTestMethodCallbacks.evaluate(RunBeforeTestMethodCallbacks.java:75)
	at org.springframework.test.context.junit4.statements.RunAfterTestMethodCallbacks.evaluate(RunAfterTestMethodCallbacks.java:86)
	at org.springframework.test.context.junit4.statements.SpringRepeat.evaluate(SpringRepeat.java:84)
	at org.springframework.test.context.junit4.SpringJUnit4ClassRunner.runChild(SpringJUnit4ClassRunner.java:251)
	at org.springframework.test.context.junit4.SpringJUnit4ClassRunner.runChild(SpringJUnit4ClassRunner.java:97)
	at org.springframework.test.context.junit4.statements.RunBeforeTestClassCallbacks.evaluate(RunBeforeTestClassCallbacks.java:61)
	at org.springframework.test.context.junit4.statements.RunAfterTestClassCallbacks.evaluate(RunAfterTestClassCallbacks.java:70)
	at org.springframework.test.context.junit4.SpringJUnit4ClassRunner.run(SpringJUnit4ClassRunner.java:190)
Caused by: org.hibernate.HibernateException: Found shared references to a collection: org.openmrs.Concept.names
	at org.hibernate.engine.internal.Collections.processReachableCollection(Collections.java:188)
	at org.hibernate.event.internal.FlushVisitor.processCollection(FlushVisitor.java:53)
	at org.hibernate.event.internal.AbstractVisitor.processValue(AbstractVisitor.java:104)
	at org.hibernate.event.internal.AbstractVisitor.processValue(AbstractVisitor.java:65)
	at org.hibernate.event.internal.AbstractVisitor.processEntityPropertyValues(AbstractVisitor.java:59)
	at org.hibernate.event.internal.DefaultFlushEntityEventListener.onFlushEntity(DefaultFlushEntityEventListener.java:187)
	at org.hibernate.event.service.internal.EventListenerGroupImpl.fireEventOnEachListener(EventListenerGroupImpl.java:107)
	at org.hibernate.event.internal.AbstractFlushingEventListener.flushEntities(AbstractFlushingEventListener.java:229)
	at org.hibernate.event.internal.AbstractFlushingEventListener.flushEverythingToExecutions(AbstractFlushingEventListener.java:93)
	at org.hibernate.event.internal.DefaultAutoFlushEventListener.onAutoFlush(DefaultAutoFlushEventListener.java:50)
	at org.hibernate.event.service.internal.EventListenerGroupImpl.fireEventOnEachListener(EventListenerGroupImpl.java:107)
	at org.hibernate.internal.SessionImpl.autoFlushIfRequired(SessionImpl.java:1372)
	at org.hibernate.internal.SessionImpl.list(SessionImpl.java:1452)
	at org.hibernate.query.internal.AbstractProducedQuery.doList(AbstractProducedQuery.java:1649)
	at org.hibernate.query.internal.AbstractProducedQuery.list(AbstractProducedQuery.java:1617)
	... 93 more

org.openmrs.module.webservices.rest.web.v1_0.controller.openmrs1_9.PersonAttributeController1_9Test.shouldVoidAttribute -- Time elapsed: 0.034 s <<< ERROR!
javax.persistence.PersistenceException: org.hibernate.HibernateException: Found shared references to a collection: org.openmrs.Location.attributes
	at org.hibernate.internal.ExceptionConverterImpl.convert(ExceptionConverterImpl.java:154)
	at org.hibernate.query.internal.AbstractProducedQuery.list(AbstractProducedQuery.java:1626)
	at org.hibernate.query.internal.AbstractProducedQuery.uniqueResult(AbstractProducedQuery.java:1659)
	at org.hibernate.query.criteria.internal.compile.CriteriaQueryTypeQueryAdapter.uniqueResult(CriteriaQueryTypeQueryAdapter.java:81)
	at org.openmrs.api.db.hibernate.HibernateUtil.getUniqueEntityByUUID(HibernateUtil.java:219)
	at org.openmrs.api.db.hibernate.HibernatePersonDAO.getPersonAttributeByUuid(HibernatePersonDAO.java:751)
	at org.openmrs.api.impl.PersonServiceImpl.getPersonAttributeByUuid(PersonServiceImpl.java:790)
	at org.openmrs.api.impl.PersonServiceImpl$$FastClassBySpringCGLIB$$2c30885a.invoke(<generated>)
	at org.springframework.cglib.proxy.MethodProxy.invoke(MethodProxy.java:218)
	at org.springframework.aop.framework.CglibAopProxy$CglibMethodInvocation.invokeJoinpoint(CglibAopProxy.java:792)
	at org.springframework.aop.framework.ReflectiveMethodInvocation.proceed(ReflectiveMethodInvocation.java:163)
	at org.springframework.aop.framework.CglibAopProxy$CglibMethodInvocation.proceed(CglibAopProxy.java:762)
	at org.springframework.transaction.interceptor.TransactionInterceptor$1.proceedWithInvocation(TransactionInterceptor.java:123)
	at org.springframework.transaction.interceptor.TransactionAspectSupport.invokeWithinTransaction(TransactionAspectSupport.java:388)
	at org.springframework.transaction.interceptor.TransactionInterceptor.invoke(TransactionInterceptor.java:119)
	at org.springframework.aop.framework.ReflectiveMethodInvocation.proceed(ReflectiveMethodInvocation.java:186)
	at org.springframework.aop.framework.CglibAopProxy$CglibMethodInvocation.proceed(CglibAopProxy.java:762)
	at org.springframework.aop.framework.CglibAopProxy$DynamicAdvisedInterceptor.intercept(CglibAopProxy.java:707)
	at org.openmrs.api.impl.PersonServiceImpl$$EnhancerBySpringCGLIB$$491a7245.getPersonAttributeByUuid(<generated>)
	at sun.reflect.GeneratedMethodAccessor1453.invoke(Unknown Source)
	at sun.reflect.DelegatingMethodAccessorImpl.invoke(DelegatingMethodAccessorImpl.java:43)
	at java.lang.reflect.Method.invoke(Method.java:498)
	at org.springframework.aop.support.AopUtils.invokeJoinpointUsingReflection(AopUtils.java:344)
	at org.springframework.aop.framework.ReflectiveMethodInvocation.invokeJoinpoint(ReflectiveMethodInvocation.java:198)
	at org.springframework.aop.framework.ReflectiveMethodInvocation.proceed(ReflectiveMethodInvocation.java:163)
	at org.springframework.transaction.interceptor.TransactionInterceptor$1.proceedWithInvocation(TransactionInterceptor.java:123)
	at org.springframework.transaction.interceptor.TransactionAspectSupport.invokeWithinTransaction(TransactionAspectSupport.java:388)
	at org.springframework.transaction.interceptor.TransactionInterceptor.invoke(TransactionInterceptor.java:119)
	at org.springframework.aop.framework.ReflectiveMethodInvocation.proceed(ReflectiveMethodInvocation.java:186)
	at org.openmrs.aop.LoggingAdvice.invoke(LoggingAdvice.java:123)
	at org.springframework.aop.framework.ReflectiveMethodInvocation.proceed(ReflectiveMethodInvocation.java:186)
	at org.springframework.aop.framework.adapter.MethodBeforeAdviceInterceptor.invoke(MethodBeforeAdviceInterceptor.java:58)
	at org.springframework.aop.framework.ReflectiveMethodInvocation.proceed(ReflectiveMethodInvocation.java:186)
	at org.springframework.aop.framework.adapter.MethodBeforeAdviceInterceptor.invoke(MethodBeforeAdviceInterceptor.java:58)
	at org.springframework.aop.framework.ReflectiveMethodInvocation.proceed(ReflectiveMethodInvocation.java:186)
	at org.springframework.aop.framework.JdkDynamicAopProxy.invoke(JdkDynamicAopProxy.java:241)
	at com.sun.proxy.$Proxy191.getPersonAttributeByUuid(Unknown Source)
	at org.openmrs.module.webservices.rest.web.v1_0.controller.openmrs1_9.PersonAttributeController1_9Test.shouldVoidAttribute(PersonAttributeController1_9Test.java:118)
	at java.lang.reflect.Method.invoke(Method.java:498)
	at org.springframework.test.context.junit4.statements.RunBeforeTestExecutionCallbacks.evaluate(RunBeforeTestExecutionCallbacks.java:74)
	at org.springframework.test.context.junit4.statements.RunAfterTestExecutionCallbacks.evaluate(RunAfterTestExecutionCallbacks.java:84)
	at org.springframework.test.context.junit4.statements.RunBeforeTestMethodCallbacks.evaluate(RunBeforeTestMethodCallbacks.java:75)
	at org.springframework.test.context.junit4.statements.RunAfterTestMethodCallbacks.evaluate(RunAfterTestMethodCallbacks.java:86)
	at org.springframework.test.context.junit4.statements.SpringRepeat.evaluate(SpringRepeat.java:84)
	at org.springframework.test.context.junit4.SpringJUnit4ClassRunner.runChild(SpringJUnit4ClassRunner.java:251)
	at org.springframework.test.context.junit4.SpringJUnit4ClassRunner.runChild(SpringJUnit4ClassRunner.java:97)
	at org.springframework.test.context.junit4.statements.RunBeforeTestClassCallbacks.evaluate(RunBeforeTestClassCallbacks.java:61)
	at org.springframework.test.context.junit4.statements.RunAfterTestClassCallbacks.evaluate(RunAfterTestClassCallbacks.java:70)
	at org.springframework.test.context.junit4.SpringJUnit4ClassRunner.run(SpringJUnit4ClassRunner.java:190)
Caused by: org.hibernate.HibernateException: Found shared references to a collection: org.openmrs.Location.attributes
	at org.hibernate.engine.internal.Collections.processReachableCollection(Collections.java:188)
	at org.hibernate.event.internal.FlushVisitor.processCollection(FlushVisitor.java:53)
	at org.hibernate.event.internal.AbstractVisitor.processValue(AbstractVisitor.java:104)
	at org.hibernate.event.internal.AbstractVisitor.processValue(AbstractVisitor.java:65)
	at org.hibernate.event.internal.AbstractVisitor.processEntityPropertyValues(AbstractVisitor.java:59)
	at org.hibernate.event.internal.DefaultFlushEntityEventListener.onFlushEntity(DefaultFlushEntityEventListener.java:187)
	at org.hibernate.event.service.internal.EventListenerGroupImpl.fireEventOnEachListener(EventListenerGroupImpl.java:107)
	at org.hibernate.event.internal.AbstractFlushingEventListener.flushEntities(AbstractFlushingEventListener.java:229)
	at org.hibernate.event.internal.AbstractFlushingEventListener.flushEverythingToExecutions(AbstractFlushingEventListener.java:93)
	at org.hibernate.event.internal.DefaultAutoFlushEventListener.onAutoFlush(DefaultAutoFlushEventListener.java:50)
	at org.hibernate.event.service.internal.EventListenerGroupImpl.fireEventOnEachListener(EventListenerGroupImpl.java:107)
	at org.hibernate.internal.SessionImpl.autoFlushIfRequired(SessionImpl.java:1372)
	at org.hibernate.internal.SessionImpl.list(SessionImpl.java:1452)
	at org.hibernate.query.internal.AbstractProducedQuery.doList(AbstractProducedQuery.java:1649)
	at org.hibernate.query.internal.AbstractProducedQuery.list(AbstractProducedQuery.java:1617)
	... 47 more

org.openmrs.module.webservices.rest.web.v1_0.controller.openmrs1_9.PersonAttributeController1_9Test.shouldAddAttributeToPerson -- Time elapsed: 0.036 s <<< ERROR!
javax.persistence.PersistenceException: org.hibernate.HibernateException: Found shared references to a collection: org.openmrs.Location.attributes
	at org.hibernate.internal.ExceptionConverterImpl.convert(ExceptionConverterImpl.java:154)
	at org.hibernate.query.internal.AbstractProducedQuery.list(AbstractProducedQuery.java:1626)
	at org.hibernate.query.internal.AbstractProducedQuery.uniqueResult(AbstractProducedQuery.java:1659)
	at org.hibernate.query.criteria.internal.compile.CriteriaQueryTypeQueryAdapter.uniqueResult(CriteriaQueryTypeQueryAdapter.java:81)
	at org.openmrs.api.db.hibernate.HibernateUtil.getUniqueEntityByUUID(HibernateUtil.java:219)
	at org.openmrs.api.db.hibernate.HibernatePersonDAO.getPersonByUuid(HibernatePersonDAO.java:688)
	at org.openmrs.api.impl.PersonServiceImpl.getPersonByUuid(PersonServiceImpl.java:778)
	at org.openmrs.api.impl.PersonServiceImpl$$FastClassBySpringCGLIB$$2c30885a.invoke(<generated>)
	at org.springframework.cglib.proxy.MethodProxy.invoke(MethodProxy.java:218)
	at org.springframework.aop.framework.CglibAopProxy$CglibMethodInvocation.invokeJoinpoint(CglibAopProxy.java:792)
	at org.springframework.aop.framework.ReflectiveMethodInvocation.proceed(ReflectiveMethodInvocation.java:163)
	at org.springframework.aop.framework.CglibAopProxy$CglibMethodInvocation.proceed(CglibAopProxy.java:762)
	at org.springframework.transaction.interceptor.TransactionInterceptor$1.proceedWithInvocation(TransactionInterceptor.java:123)
	at org.springframework.transaction.interceptor.TransactionAspectSupport.invokeWithinTransaction(TransactionAspectSupport.java:388)
	at org.springframework.transaction.interceptor.TransactionInterceptor.invoke(TransactionInterceptor.java:119)
	at org.springframework.aop.framework.ReflectiveMethodInvocation.proceed(ReflectiveMethodInvocation.java:186)
	at org.springframework.aop.framework.CglibAopProxy$CglibMethodInvocation.proceed(CglibAopProxy.java:762)
	at org.springframework.aop.framework.CglibAopProxy$DynamicAdvisedInterceptor.intercept(CglibAopProxy.java:707)
	at org.openmrs.api.impl.PersonServiceImpl$$EnhancerBySpringCGLIB$$491a7245.getPersonByUuid(<generated>)
	at sun.reflect.GeneratedMethodAccessor506.invoke(Unknown Source)
	at sun.reflect.DelegatingMethodAccessorImpl.invoke(DelegatingMethodAccessorImpl.java:43)
	at java.lang.reflect.Method.invoke(Method.java:498)
	at org.springframework.aop.support.AopUtils.invokeJoinpointUsingReflection(AopUtils.java:344)
	at org.springframework.aop.framework.ReflectiveMethodInvocation.invokeJoinpoint(ReflectiveMethodInvocation.java:198)
	at org.springframework.aop.framework.ReflectiveMethodInvocation.proceed(ReflectiveMethodInvocation.java:163)
	at org.springframework.transaction.interceptor.TransactionInterceptor$1.proceedWithInvocation(TransactionInterceptor.java:123)
	at org.springframework.transaction.interceptor.TransactionAspectSupport.invokeWithinTransaction(TransactionAspectSupport.java:388)
	at org.springframework.transaction.interceptor.TransactionInterceptor.invoke(TransactionInterceptor.java:119)
	at org.springframework.aop.framework.ReflectiveMethodInvocation.proceed(ReflectiveMethodInvocation.java:186)
	at org.openmrs.aop.LoggingAdvice.invoke(LoggingAdvice.java:123)
	at org.springframework.aop.framework.ReflectiveMethodInvocation.proceed(ReflectiveMethodInvocation.java:186)
	at org.springframework.aop.framework.adapter.MethodBeforeAdviceInterceptor.invoke(MethodBeforeAdviceInterceptor.java:58)
	at org.springframework.aop.framework.ReflectiveMethodInvocation.proceed(ReflectiveMethodInvocation.java:186)
	at org.springframework.aop.framework.adapter.MethodBeforeAdviceInterceptor.invoke(MethodBeforeAdviceInterceptor.java:58)
	at org.springframework.aop.framework.ReflectiveMethodInvocation.proceed(ReflectiveMethodInvocation.java:186)
	at org.springframework.aop.framework.JdkDynamicAopProxy.invoke(JdkDynamicAopProxy.java:241)
	at com.sun.proxy.$Proxy191.getPersonByUuid(Unknown Source)
	at org.openmrs.module.webservices.rest.web.v1_0.controller.openmrs1_9.PersonAttributeController1_9Test.shouldAddAttributeToPerson(PersonAttributeController1_9Test.java:54)
	at java.lang.reflect.Method.invoke(Method.java:498)
	at org.springframework.test.context.junit4.statements.RunBeforeTestExecutionCallbacks.evaluate(RunBeforeTestExecutionCallbacks.java:74)
	at org.springframework.test.context.junit4.statements.RunAfterTestExecutionCallbacks.evaluate(RunAfterTestExecutionCallbacks.java:84)
	at org.springframework.test.context.junit4.statements.RunBeforeTestMethodCallbacks.evaluate(RunBeforeTestMethodCallbacks.java:75)
	at org.springframework.test.context.junit4.statements.RunAfterTestMethodCallbacks.evaluate(RunAfterTestMethodCallbacks.java:86)
	at org.springframework.test.context.junit4.statements.SpringRepeat.evaluate(SpringRepeat.java:84)
	at org.springframework.test.context.junit4.SpringJUnit4ClassRunner.runChild(SpringJUnit4ClassRunner.java:251)
	at org.springframework.test.context.junit4.SpringJUnit4ClassRunner.runChild(SpringJUnit4ClassRunner.java:97)
	at org.springframework.test.context.junit4.statements.RunBeforeTestClassCallbacks.evaluate(RunBeforeTestClassCallbacks.java:61)
	at org.springframework.test.context.junit4.statements.RunAfterTestClassCallbacks.evaluate(RunAfterTestClassCallbacks.java:70)
	at org.springframework.test.context.junit4.SpringJUnit4ClassRunner.run(SpringJUnit4ClassRunner.java:190)
Caused by: org.hibernate.HibernateException: Found shared references to a collection: org.openmrs.Location.attributes
	at org.hibernate.engine.internal.Collections.processReachableCollection(Collections.java:188)
	at org.hibernate.event.internal.FlushVisitor.processCollection(FlushVisitor.java:53)
	at org.hibernate.event.internal.AbstractVisitor.processValue(AbstractVisitor.java:104)
	at org.hibernate.event.internal.AbstractVisitor.processValue(AbstractVisitor.java:65)
	at org.hibernate.event.internal.AbstractVisitor.processEntityPropertyValues(AbstractVisitor.java:59)
	at org.hibernate.event.internal.DefaultFlushEntityEventListener.onFlushEntity(DefaultFlushEntityEventListener.java:187)
	at org.hibernate.event.service.internal.EventListenerGroupImpl.fireEventOnEachListener(EventListenerGroupImpl.java:107)
	at org.hibernate.event.internal.AbstractFlushingEventListener.flushEntities(AbstractFlushingEventListener.java:229)
	at org.hibernate.event.internal.AbstractFlushingEventListener.flushEverythingToExecutions(AbstractFlushingEventListener.java:93)
	at org.hibernate.event.internal.DefaultAutoFlushEventListener.onAutoFlush(DefaultAutoFlushEventListener.java:50)
	at org.hibernate.event.service.internal.EventListenerGroupImpl.fireEventOnEachListener(EventListenerGroupImpl.java:107)
	at org.hibernate.internal.SessionImpl.autoFlushIfRequired(SessionImpl.java:1372)
	at org.hibernate.internal.SessionImpl.list(SessionImpl.java:1452)
	at org.hibernate.query.internal.AbstractProducedQuery.doList(AbstractProducedQuery.java:1649)
	at org.hibernate.query.internal.AbstractProducedQuery.list(AbstractProducedQuery.java:1617)
	... 47 more

org.openmrs.module.webservices.rest.web.v1_0.controller.openmrs1_9.PersonAttributeController1_9Test.shouldEditAttribute -- Time elapsed: 0.032 s <<< ERROR!
javax.persistence.PersistenceException: org.hibernate.HibernateException: Found shared references to a collection: org.openmrs.Location.attributes
	at org.hibernate.internal.ExceptionConverterImpl.convert(ExceptionConverterImpl.java:154)
	at org.hibernate.query.internal.AbstractProducedQuery.list(AbstractProducedQuery.java:1626)
	at org.hibernate.query.internal.AbstractProducedQuery.uniqueResult(AbstractProducedQuery.java:1659)
	at org.hibernate.query.criteria.internal.compile.CriteriaQueryTypeQueryAdapter.uniqueResult(CriteriaQueryTypeQueryAdapter.java:81)
	at org.openmrs.api.db.hibernate.HibernateUtil.getUniqueEntityByUUID(HibernateUtil.java:219)
	at org.openmrs.api.db.hibernate.HibernatePersonDAO.getPersonAttributeByUuid(HibernatePersonDAO.java:751)
	at org.openmrs.api.impl.PersonServiceImpl.getPersonAttributeByUuid(PersonServiceImpl.java:790)
	at org.openmrs.api.impl.PersonServiceImpl$$FastClassBySpringCGLIB$$2c30885a.invoke(<generated>)
	at org.springframework.cglib.proxy.MethodProxy.invoke(MethodProxy.java:218)
	at org.springframework.aop.framework.CglibAopProxy$CglibMethodInvocation.invokeJoinpoint(CglibAopProxy.java:792)
	at org.springframework.aop.framework.ReflectiveMethodInvocation.proceed(ReflectiveMethodInvocation.java:163)
	at org.springframework.aop.framework.CglibAopProxy$CglibMethodInvocation.proceed(CglibAopProxy.java:762)
	at org.springframework.transaction.interceptor.TransactionInterceptor$1.proceedWithInvocation(TransactionInterceptor.java:123)
	at org.springframework.transaction.interceptor.TransactionAspectSupport.invokeWithinTransaction(TransactionAspectSupport.java:388)
	at org.springframework.transaction.interceptor.TransactionInterceptor.invoke(TransactionInterceptor.java:119)
	at org.springframework.aop.framework.ReflectiveMethodInvocation.proceed(ReflectiveMethodInvocation.java:186)
	at org.springframework.aop.framework.CglibAopProxy$CglibMethodInvocation.proceed(CglibAopProxy.java:762)
	at org.springframework.aop.framework.CglibAopProxy$DynamicAdvisedInterceptor.intercept(CglibAopProxy.java:707)
	at org.openmrs.api.impl.PersonServiceImpl$$EnhancerBySpringCGLIB$$491a7245.getPersonAttributeByUuid(<generated>)
	at sun.reflect.GeneratedMethodAccessor1453.invoke(Unknown Source)
	at sun.reflect.DelegatingMethodAccessorImpl.invoke(DelegatingMethodAccessorImpl.java:43)
	at java.lang.reflect.Method.invoke(Method.java:498)
	at org.springframework.aop.support.AopUtils.invokeJoinpointUsingReflection(AopUtils.java:344)
	at org.springframework.aop.framework.ReflectiveMethodInvocation.invokeJoinpoint(ReflectiveMethodInvocation.java:198)
	at org.springframework.aop.framework.ReflectiveMethodInvocation.proceed(ReflectiveMethodInvocation.java:163)
	at org.springframework.transaction.interceptor.TransactionInterceptor$1.proceedWithInvocation(TransactionInterceptor.java:123)
	at org.springframework.transaction.interceptor.TransactionAspectSupport.invokeWithinTransaction(TransactionAspectSupport.java:388)
	at org.springframework.transaction.interceptor.TransactionInterceptor.invoke(TransactionInterceptor.java:119)
	at org.springframework.aop.framework.ReflectiveMethodInvocation.proceed(ReflectiveMethodInvocation.java:186)
	at org.openmrs.aop.LoggingAdvice.invoke(LoggingAdvice.java:123)
	at org.springframework.aop.framework.ReflectiveMethodInvocation.proceed(ReflectiveMethodInvocation.java:186)
	at org.springframework.aop.framework.adapter.MethodBeforeAdviceInterceptor.invoke(MethodBeforeAdviceInterceptor.java:58)
	at org.springframework.aop.framework.ReflectiveMethodInvocation.proceed(ReflectiveMethodInvocation.java:186)
	at org.springframework.aop.framework.adapter.MethodBeforeAdviceInterceptor.invoke(MethodBeforeAdviceInterceptor.java:58)
	at org.springframework.aop.framework.ReflectiveMethodInvocation.proceed(ReflectiveMethodInvocation.java:186)
	at org.springframework.aop.framework.JdkDynamicAopProxy.invoke(JdkDynamicAopProxy.java:241)
	at com.sun.proxy.$Proxy191.getPersonAttributeByUuid(Unknown Source)
	at org.openmrs.module.webservices.rest.web.v1_0.controller.openmrs1_9.PersonAttributeController1_9Test.shouldEditAttribute(PersonAttributeController1_9Test.java:107)
	at java.lang.reflect.Method.invoke(Method.java:498)
	at org.springframework.test.context.junit4.statements.RunBeforeTestExecutionCallbacks.evaluate(RunBeforeTestExecutionCallbacks.java:74)
	at org.springframework.test.context.junit4.statements.RunAfterTestExecutionCallbacks.evaluate(RunAfterTestExecutionCallbacks.java:84)
	at org.springframework.test.context.junit4.statements.RunBeforeTestMethodCallbacks.evaluate(RunBeforeTestMethodCallbacks.java:75)
	at org.springframework.test.context.junit4.statements.RunAfterTestMethodCallbacks.evaluate(RunAfterTestMethodCallbacks.java:86)
	at org.springframework.test.context.junit4.statements.SpringRepeat.evaluate(SpringRepeat.java:84)
	at org.springframework.test.context.junit4.SpringJUnit4ClassRunner.runChild(SpringJUnit4ClassRunner.java:251)
	at org.springframework.test.context.junit4.SpringJUnit4ClassRunner.runChild(SpringJUnit4ClassRunner.java:97)
	at org.springframework.test.context.junit4.statements.RunBeforeTestClassCallbacks.evaluate(RunBeforeTestClassCallbacks.java:61)
	at org.springframework.test.context.junit4.statements.RunAfterTestClassCallbacks.evaluate(RunAfterTestClassCallbacks.java:70)
	at org.springframework.test.context.junit4.SpringJUnit4ClassRunner.run(SpringJUnit4ClassRunner.java:190)
Caused by: org.hibernate.HibernateException: Found shared references to a collection: org.openmrs.Location.attributes
	at org.hibernate.engine.internal.Collections.processReachableCollection(Collections.java:188)
	at org.hibernate.event.internal.FlushVisitor.processCollection(FlushVisitor.java:53)
	at org.hibernate.event.internal.AbstractVisitor.processValue(AbstractVisitor.java:104)
	at org.hibernate.event.internal.AbstractVisitor.processValue(AbstractVisitor.java:65)
	at org.hibernate.event.internal.AbstractVisitor.processEntityPropertyValues(AbstractVisitor.java:59)
	at org.hibernate.event.internal.DefaultFlushEntityEventListener.onFlushEntity(DefaultFlushEntityEventListener.java:187)
	at org.hibernate.event.service.internal.EventListenerGroupImpl.fireEventOnEachListener(EventListenerGroupImpl.java:107)
	at org.hibernate.event.internal.AbstractFlushingEventListener.flushEntities(AbstractFlushingEventListener.java:229)
	at org.hibernate.event.internal.AbstractFlushingEventListener.flushEverythingToExecutions(AbstractFlushingEventListener.java:93)
	at org.hibernate.event.internal.DefaultAutoFlushEventListener.onAutoFlush(DefaultAutoFlushEventListener.java:50)
	at org.hibernate.event.service.internal.EventListenerGroupImpl.fireEventOnEachListener(EventListenerGroupImpl.java:107)
	at org.hibernate.internal.SessionImpl.autoFlushIfRequired(SessionImpl.java:1372)
	at org.hibernate.internal.SessionImpl.list(SessionImpl.java:1452)
	at org.hibernate.query.internal.AbstractProducedQuery.doList(AbstractProducedQuery.java:1649)
	at org.hibernate.query.internal.AbstractProducedQuery.list(AbstractProducedQuery.java:1617)
	... 47 more

org.openmrs.module.webservices.rest.web.v1_0.controller.openmrs1_9.PersonAttributeController1_9Test.shouldAddConceptAttributeToPerson -- Time elapsed: 0.061 s <<< ERROR!
javax.persistence.PersistenceException: org.hibernate.HibernateException: Found shared references to a collection: org.openmrs.Concept.names
	at org.hibernate.internal.ExceptionConverterImpl.convert(ExceptionConverterImpl.java:154)
	at org.hibernate.query.internal.AbstractProducedQuery.list(AbstractProducedQuery.java:1626)
	at org.hibernate.query.internal.AbstractProducedQuery.uniqueResult(AbstractProducedQuery.java:1659)
	at org.hibernate.query.criteria.internal.compile.CriteriaQueryTypeQueryAdapter.uniqueResult(CriteriaQueryTypeQueryAdapter.java:81)
	at org.openmrs.api.db.hibernate.HibernateUtil.getUniqueEntityByUUID(HibernateUtil.java:219)
	at org.openmrs.api.db.hibernate.HibernatePersonDAO.getPersonByUuid(HibernatePersonDAO.java:688)
	at org.openmrs.api.impl.PersonServiceImpl.getPersonByUuid(PersonServiceImpl.java:778)
	at org.openmrs.api.impl.PersonServiceImpl$$FastClassBySpringCGLIB$$2c30885a.invoke(<generated>)
	at org.springframework.cglib.proxy.MethodProxy.invoke(MethodProxy.java:218)
	at org.springframework.aop.framework.CglibAopProxy$CglibMethodInvocation.invokeJoinpoint(CglibAopProxy.java:792)
	at org.springframework.aop.framework.ReflectiveMethodInvocation.proceed(ReflectiveMethodInvocation.java:163)
	at org.springframework.aop.framework.CglibAopProxy$CglibMethodInvocation.proceed(CglibAopProxy.java:762)
	at org.springframework.transaction.interceptor.TransactionInterceptor$1.proceedWithInvocation(TransactionInterceptor.java:123)
	at org.springframework.transaction.interceptor.TransactionAspectSupport.invokeWithinTransaction(TransactionAspectSupport.java:388)
	at org.springframework.transaction.interceptor.TransactionInterceptor.invoke(TransactionInterceptor.java:119)
	at org.springframework.aop.framework.ReflectiveMethodInvocation.proceed(ReflectiveMethodInvocation.java:186)
	at org.springframework.aop.framework.CglibAopProxy$CglibMethodInvocation.proceed(CglibAopProxy.java:762)
	at org.springframework.aop.framework.CglibAopProxy$DynamicAdvisedInterceptor.intercept(CglibAopProxy.java:707)
	at org.openmrs.api.impl.PersonServiceImpl$$EnhancerBySpringCGLIB$$491a7245.getPersonByUuid(<generated>)
	at sun.reflect.GeneratedMethodAccessor506.invoke(Unknown Source)
	at sun.reflect.DelegatingMethodAccessorImpl.invoke(DelegatingMethodAccessorImpl.java:43)
	at java.lang.reflect.Method.invoke(Method.java:498)
	at org.springframework.aop.support.AopUtils.invokeJoinpointUsingReflection(AopUtils.java:344)
	at org.springframework.aop.framework.ReflectiveMethodInvocation.invokeJoinpoint(ReflectiveMethodInvocation.java:198)
	at org.springframework.aop.framework.ReflectiveMethodInvocation.proceed(ReflectiveMethodInvocation.java:163)
	at org.springframework.transaction.interceptor.TransactionInterceptor$1.proceedWithInvocation(TransactionInterceptor.java:123)
	at org.springframework.transaction.interceptor.TransactionAspectSupport.invokeWithinTransaction(TransactionAspectSupport.java:388)
	at org.springframework.transaction.interceptor.TransactionInterceptor.invoke(TransactionInterceptor.java:119)
	at org.springframework.aop.framework.ReflectiveMethodInvocation.proceed(ReflectiveMethodInvocation.java:186)
	at org.openmrs.aop.LoggingAdvice.invoke(LoggingAdvice.java:123)
	at org.springframework.aop.framework.ReflectiveMethodInvocation.proceed(ReflectiveMethodInvocation.java:186)
	at org.springframework.aop.framework.adapter.MethodBeforeAdviceInterceptor.invoke(MethodBeforeAdviceInterceptor.java:58)
	at org.springframework.aop.framework.ReflectiveMethodInvocation.proceed(ReflectiveMethodInvocation.java:186)
	at org.springframework.aop.framework.adapter.MethodBeforeAdviceInterceptor.invoke(MethodBeforeAdviceInterceptor.java:58)
	at org.springframework.aop.framework.ReflectiveMethodInvocation.proceed(ReflectiveMethodInvocation.java:186)
	at org.springframework.aop.framework.JdkDynamicAopProxy.invoke(JdkDynamicAopProxy.java:241)
	at com.sun.proxy.$Proxy191.getPersonByUuid(Unknown Source)
	at org.openmrs.module.webservices.rest.web.v1_0.controller.openmrs1_9.PersonAttributeController1_9Test.shouldAddConceptAttributeToPerson(PersonAttributeController1_9Test.java:67)
	at java.lang.reflect.Method.invoke(Method.java:498)
	at org.springframework.test.context.junit4.statements.RunBeforeTestExecutionCallbacks.evaluate(RunBeforeTestExecutionCallbacks.java:74)
	at org.springframework.test.context.junit4.statements.RunAfterTestExecutionCallbacks.evaluate(RunAfterTestExecutionCallbacks.java:84)
	at org.springframework.test.context.junit4.statements.RunBeforeTestMethodCallbacks.evaluate(RunBeforeTestMethodCallbacks.java:75)
	at org.springframework.test.context.junit4.statements.RunAfterTestMethodCallbacks.evaluate(RunAfterTestMethodCallbacks.java:86)
	at org.springframework.test.context.junit4.statements.SpringRepeat.evaluate(SpringRepeat.java:84)
	at org.springframework.test.context.junit4.SpringJUnit4ClassRunner.runChild(SpringJUnit4ClassRunner.java:251)
	at org.springframework.test.context.junit4.SpringJUnit4ClassRunner.runChild(SpringJUnit4ClassRunner.java:97)
	at org.springframework.test.context.junit4.statements.RunBeforeTestClassCallbacks.evaluate(RunBeforeTestClassCallbacks.java:61)
	at org.springframework.test.context.junit4.statements.RunAfterTestClassCallbacks.evaluate(RunAfterTestClassCallbacks.java:70)
	at org.springframework.test.context.junit4.SpringJUnit4ClassRunner.run(SpringJUnit4ClassRunner.java:190)
Caused by: org.hibernate.HibernateException: Found shared references to a collection: org.openmrs.Concept.names
	at org.hibernate.engine.internal.Collections.processReachableCollection(Collections.java:188)
	at org.hibernate.event.internal.FlushVisitor.processCollection(FlushVisitor.java:53)
	at org.hibernate.event.internal.AbstractVisitor.processValue(AbstractVisitor.java:104)
	at org.hibernate.event.internal.AbstractVisitor.processValue(AbstractVisitor.java:65)
	at org.hibernate.event.internal.AbstractVisitor.processEntityPropertyValues(AbstractVisitor.java:59)
	at org.hibernate.event.internal.DefaultFlushEntityEventListener.onFlushEntity(DefaultFlushEntityEventListener.java:187)
	at org.hibernate.event.service.internal.EventListenerGroupImpl.fireEventOnEachListener(EventListenerGroupImpl.java:107)
	at org.hibernate.event.internal.AbstractFlushingEventListener.flushEntities(AbstractFlushingEventListener.java:229)
	at org.hibernate.event.internal.AbstractFlushingEventListener.flushEverythingToExecutions(AbstractFlushingEventListener.java:93)
	at org.hibernate.event.internal.DefaultAutoFlushEventListener.onAutoFlush(DefaultAutoFlushEventListener.java:50)
	at org.hibernate.event.service.internal.EventListenerGroupImpl.fireEventOnEachListener(EventListenerGroupImpl.java:107)
	at org.hibernate.internal.SessionImpl.autoFlushIfRequired(SessionImpl.java:1372)
	at org.hibernate.internal.SessionImpl.list(SessionImpl.java:1452)
	at org.hibernate.query.internal.AbstractProducedQuery.doList(AbstractProducedQuery.java:1649)
	at org.hibernate.query.internal.AbstractProducedQuery.list(AbstractProducedQuery.java:1617)
	... 47 more

