-------------------------------------------------------------------------------
Test set: org.openmrs.module.webservices.rest.web.v1_0.controller.BaseRestControllerLoggingTest
-------------------------------------------------------------------------------
Tests run: 5, Failures: 0, Errors: 5, Skipped: 0, Time elapsed: 0.012 s <<< FAILURE! -- in org.openmrs.module.webservices.rest.web.v1_0.controller.BaseRestControllerLoggingTest
org.openmrs.module.webservices.rest.web.v1_0.controller.BaseRestControllerLoggingTest.apiAuthenticationExceptionHandler_shouldHaveAccessToClientIp -- Time elapsed: 0.004 s <<< ERROR!
org.openmrs.api.APIException: A user context must first be passed to setUserContext()...use Context.openSession() (and closeSession() to prevent memory leaks!) before using the API
	at org.openmrs.api.context.Context.getUserContext(Context.java:261)
	at org.openmrs.api.context.Context.removeProxyPrivilege(Context.java:828)
	at org.openmrs.module.webservices.rest.web.RestUtil.wrapErrorResponse(RestUtil.java:853)
	at org.openmrs.module.webservices.rest.web.v1_0.controller.BaseRestController.apiAuthenticationExceptionHandler(BaseRestController.java:78)
	at org.openmrs.module.webservices.rest.web.v1_0.controller.BaseRestControllerLoggingTest.apiAuthenticationExceptionHandler_shouldHaveAccessToClientIp(BaseRestControllerLoggingTest.java:108)
	at java.lang.reflect.Method.invoke(Method.java:498)

org.openmrs.module.webservices.rest.web.v1_0.controller.BaseRestControllerLoggingTest.apiAuthenticationExceptionHandler_shouldReturn401WithCorrectMessage -- Time elapsed: 0.001 s <<< ERROR!
org.openmrs.api.APIException: A user context must first be passed to setUserContext()...use Context.openSession() (and closeSession() to prevent memory leaks!) before using the API
	at org.openmrs.api.context.Context.getUserContext(Context.java:261)
	at org.openmrs.api.context.Context.removeProxyPrivilege(Context.java:828)
	at org.openmrs.module.webservices.rest.web.RestUtil.wrapErrorResponse(RestUtil.java:853)
	at org.openmrs.module.webservices.rest.web.v1_0.controller.BaseRestController.apiAuthenticationExceptionHandler(BaseRestController.java:78)
	at org.openmrs.module.webservices.rest.web.v1_0.controller.BaseRestControllerLoggingTest.apiAuthenticationExceptionHandler_shouldReturn401WithCorrectMessage(BaseRestControllerLoggingTest.java:84)
	at java.lang.reflect.Method.invoke(Method.java:498)

org.openmrs.module.webservices.rest.web.v1_0.controller.BaseRestControllerLoggingTest.apiAuthenticationExceptionHandler_shouldReturn403WhenAuthenticated -- Time elapsed: 0 s <<< ERROR!
org.openmrs.api.APIException: A user context must first be passed to setUserContext()...use Context.openSession() (and closeSession() to prevent memory leaks!) before using the API
	at org.openmrs.api.context.Context.getUserContext(Context.java:261)
	at org.openmrs.api.context.Context.removeProxyPrivilege(Context.java:828)
	at org.openmrs.module.webservices.rest.web.RestUtil.wrapErrorResponse(RestUtil.java:853)
	at org.openmrs.module.webservices.rest.web.v1_0.controller.BaseRestController.apiAuthenticationExceptionHandler(BaseRestController.java:78)
	at org.openmrs.module.webservices.rest.web.v1_0.controller.BaseRestControllerLoggingTest.apiAuthenticationExceptionHandler_shouldReturn403WhenAuthenticated(BaseRestControllerLoggingTest.java:65)
	at java.lang.reflect.Method.invoke(Method.java:498)

org.openmrs.module.webservices.rest.web.v1_0.controller.BaseRestControllerLoggingTest.apiAuthenticationExceptionHandler_shouldNotLeakInternalDetailsToClient -- Time elapsed: 0 s <<< ERROR!
org.openmrs.api.APIException: A user context must first be passed to setUserContext()...use Context.openSession() (and closeSession() to prevent memory leaks!) before using the API
	at org.openmrs.api.context.Context.getUserContext(Context.java:261)
	at org.openmrs.api.context.Context.removeProxyPrivilege(Context.java:828)
	at org.openmrs.module.webservices.rest.web.RestUtil.wrapErrorResponse(RestUtil.java:853)
	at org.openmrs.module.webservices.rest.web.v1_0.controller.BaseRestController.apiAuthenticationExceptionHandler(BaseRestController.java:78)
	at org.openmrs.module.webservices.rest.web.v1_0.controller.BaseRestControllerLoggingTest.apiAuthenticationExceptionHandler_shouldNotLeakInternalDetailsToClient(BaseRestControllerLoggingTest.java:131)
	at java.lang.reflect.Method.invoke(Method.java:498)

org.openmrs.module.webservices.rest.web.v1_0.controller.BaseRestControllerLoggingTest.apiAuthenticationExceptionHandler_shouldHaveAccessToRequestUri -- Time elapsed: 0.001 s <<< ERROR!
org.openmrs.api.APIException: A user context must first be passed to setUserContext()...use Context.openSession() (and closeSession() to prevent memory leaks!) before using the API
	at org.openmrs.api.context.Context.getUserContext(Context.java:261)
	at org.openmrs.api.context.Context.removeProxyPrivilege(Context.java:828)
	at org.openmrs.module.webservices.rest.web.RestUtil.wrapErrorResponse(RestUtil.java:853)
	at org.openmrs.module.webservices.rest.web.v1_0.controller.BaseRestController.apiAuthenticationExceptionHandler(BaseRestController.java:78)
	at org.openmrs.module.webservices.rest.web.v1_0.controller.BaseRestControllerLoggingTest.apiAuthenticationExceptionHandler_shouldHaveAccessToRequestUri(BaseRestControllerLoggingTest.java:149)
	at java.lang.reflect.Method.invoke(Method.java:498)

