-------------------------------------------------------------------------------
Test set: org.openmrs.module.webservices.rest.web.v1_0.controller.openmrs1_9.PersonNameController1_9Test
-------------------------------------------------------------------------------
Tests run: 10, Failures: 0, Errors: 4, Skipped: 0, Time elapsed: 5.406 s <<< FAILURE! -- in org.openmrs.module.webservices.rest.web.v1_0.controller.openmrs1_9.PersonNameController1_9Test
org.openmrs.module.webservices.rest.web.v1_0.controller.openmrs1_9.PersonNameController1_9Test.shouldAddNameToPerson -- Time elapsed: 0.547 s <<< ERROR!
org.openmrs.module.webservices.rest.web.response.ConversionException: converting class org.openmrs.PersonName to org.openmrs.module.webservices.rest.web.representation.DefaultRepresentation@3f70c30b
	at org.openmrs.module.webservices.rest.web.ConversionUtil.convertToRepresentation(ConversionUtil.java:419)
	at org.openmrs.module.webservices.rest.web.ConversionUtil.convertToRepresentation(ConversionUtil.java:374)
	at org.openmrs.module.webservices.rest.web.resource.impl.DelegatingSubResource.create(DelegatingSubResource.java:97)
	at org.openmrs.module.webservices.rest.web.v1_0.controller.MainSubResourceController.create(MainSubResourceController.java:125)
	at sun.reflect.GeneratedMethodAccessor1452.invoke(Unknown Source)
	at sun.reflect.DelegatingMethodAccessorImpl.invoke(DelegatingMethodAccessorImpl.java:43)
	at java.lang.reflect.Method.invoke(Method.java:498)
	at org.springframework.web.method.support.InvocableHandlerMethod.doInvoke(InvocableHandlerMethod.java:205)
	at org.springframework.web.method.support.InvocableHandlerMethod.invokeForRequest(InvocableHandlerMethod.java:150)
	at org.springframework.web.servlet.mvc.method.annotation.ServletInvocableHandlerMethod.invokeAndHandle(ServletInvocableHandlerMethod.java:117)
	at org.springframework.web.servlet.mvc.method.annotation.RequestMappingHandlerAdapter.invokeHandlerMethod(RequestMappingHandlerAdapter.java:895)
	at org.springframework.web.servlet.mvc.method.annotation.RequestMappingHandlerAdapter.handleInternal(RequestMappingHandlerAdapter.java:808)
	at org.springframework.web.servlet.mvc.method.AbstractHandlerMethodAdapter.handle(AbstractHandlerMethodAdapter.java:87)
	at org.openmrs.module.webservices.rest.web.v1_0.controller.RestControllerTestUtils.handle(RestControllerTestUtils.java:116)
	at org.openmrs.module.webservices.rest.web.v1_0.controller.openmrs1_9.PersonNameController1_9Test.shouldAddNameToPerson(PersonNameController1_9Test.java:89)
	at java.lang.reflect.Method.invoke(Method.java:498)
	at org.springframework.test.context.junit4.statements.RunBeforeTestExecutionCallbacks.evaluate(RunBeforeTestExecutionCallbacks.java:74)
	at org.springframework.test.context.junit4.statements.RunAfterTestExecutionCallbacks.evaluate(RunAfterTestExecutionCallbacks.java:84)
	at org.springframework.test.context.junit4.statements.RunBeforeTestMethodCallbacks.evaluate(RunBeforeTestMethodCallbacks.java:75)
	at org.springframework.test.context.junit4.statements.RunAfterTestMethodCallbacks.evaluate(RunAfterTestMethodCallbacks.java:86)
	at org.springframework.test.context.junit4.statements.SpringRepeat.evaluate(SpringRepeat.java:84)
	at org.springframework.test.context.junit4.SpringJUnit4ClassRunner.runChild(SpringJUnit4ClassRunner.java:251)
	at org.springframework.test.context.junit4.SpringJUnit4ClassRunner.runChild(SpringJUnit4ClassRunner.java:97)
	at org.springframework.test.context.junit4.statements.RunBeforeTestClassCallbacks.evaluate(RunBeforeTestClassCallbacks.java:61)
	at org.springframework.test.context.junit4.statements.RunAfterTestClassCallbacks.evaluate(RunAfterTestClassCallbacks.java:70)
	at org.springframework.test.context.junit4.SpringJUnit4ClassRunner.run(SpringJUnit4ClassRunner.java:190)
Caused by: org.openmrs.module.webservices.rest.web.response.ConversionException: display on class org.openmrs.PersonName
	at org.openmrs.module.webservices.rest.web.resource.impl.BaseDelegatingResource.getProperty(BaseDelegatingResource.java:695)
	at org.openmrs.module.webservices.rest.web.resource.impl.DelegatingResourceDescription$Property.evaluate(DelegatingResourceDescription.java:245)
	at org.openmrs.module.webservices.rest.web.resource.impl.BaseDelegatingConverter.convertDelegateToRepresentation(BaseDelegatingConverter.java:151)
	at org.openmrs.module.webservices.rest.web.resource.impl.BaseDelegatingResource.asRepresentation(BaseDelegatingResource.java:385)
	at org.openmrs.module.webservices.rest.web.ConversionUtil.convertToRepresentation(ConversionUtil.java:416)
	... 25 more
Caused by: java.lang.reflect.InvocationTargetException
	at sun.reflect.GeneratedMethodAccessor1441.invoke(Unknown Source)
	at sun.reflect.DelegatingMethodAccessorImpl.invoke(DelegatingMethodAccessorImpl.java:43)
	at java.lang.reflect.Method.invoke(Method.java:498)
	at org.openmrs.module.webservices.rest.web.resource.impl.BaseDelegatingResource.getProperty(BaseDelegatingResource.java:686)
	... 29 more
Caused by: javax.persistence.PersistenceException: org.hibernate.HibernateException: Found shared references to a collection: org.openmrs.Location.attributes
	at org.hibernate.internal.ExceptionConverterImpl.convert(ExceptionConverterImpl.java:154)
	at org.hibernate.query.internal.AbstractProducedQuery.list(AbstractProducedQuery.java:1626)
	at org.hibernate.query.internal.AbstractProducedQuery.uniqueResult(AbstractProducedQuery.java:1659)
	at org.hibernate.query.criteria.internal.compile.CriteriaQueryTypeQueryAdapter.uniqueResult(CriteriaQueryTypeQueryAdapter.java:81)
	at org.openmrs.api.db.hibernate.HibernateAdministrationDAO.getGlobalPropertyObject(HibernateAdministrationDAO.java:116)
	at org.openmrs.api.impl.AdministrationServiceImpl.getGlobalProperty(AdministrationServiceImpl.java:167)
	at org.openmrs.api.impl.AdministrationServiceImpl$$FastClassBySpringCGLIB$$e1ce39b1.invoke(<generated>)
	at org.springframework.cglib.proxy.MethodProxy.invoke(MethodProxy.java:218)
	at org.springframework.aop.framework.CglibAopProxy$CglibMethodInvocation.invokeJoinpoint(CglibAopProxy.java:792)
	at org.springframework.aop.framework.ReflectiveMethodInvocation.proceed(ReflectiveMethodInvocation.java:163)
	at org.springframework.aop.framework.CglibAopProxy$CglibMethodInvocation.proceed(CglibAopProxy.java:762)
	at org.springframework.transaction.interceptor.TransactionInterceptor$1.proceedWithInvocation(TransactionInterceptor.java:123)
	at org.springframework.transaction.interceptor.TransactionAspectSupport.invokeWithinTransaction(TransactionAspectSupport.java:388)
	at org.springframework.transaction.interceptor.TransactionInterceptor.invoke(TransactionInterceptor.java:119)
	at org.springframework.aop.framework.ReflectiveMethodInvocation.proceed(ReflectiveMethodInvocation.java:186)
	at org.springframework.aop.framework.CglibAopProxy$CglibMethodInvocation.proceed(CglibAopProxy.java:762)
	at org.springframework.aop.framework.CglibAopProxy$DynamicAdvisedInterceptor.intercept(CglibAopProxy.java:707)
	at org.openmrs.api.impl.AdministrationServiceImpl$$EnhancerBySpringCGLIB$$cdfed5b3.getGlobalProperty(<generated>)
	at sun.reflect.GeneratedMethodAccessor198.invoke(Unknown Source)
	at sun.reflect.DelegatingMethodAccessorImpl.invoke(DelegatingMethodAccessorImpl.java:43)
	at java.lang.reflect.Method.invoke(Method.java:498)
	at org.springframework.aop.support.AopUtils.invokeJoinpointUsingReflection(AopUtils.java:344)
	at org.springframework.aop.framework.ReflectiveMethodInvocation.invokeJoinpoint(ReflectiveMethodInvocation.java:198)
	at org.springframework.aop.framework.ReflectiveMethodInvocation.proceed(ReflectiveMethodInvocation.java:163)
	at org.springframework.transaction.interceptor.TransactionInterceptor$1.proceedWithInvocation(TransactionInterceptor.java:123)
	at org.springframework.transaction.interceptor.TransactionAspectSupport.invokeWithinTransaction(TransactionAspectSupport.java:388)
	at org.springframework.transaction.interceptor.TransactionInterceptor.invoke(TransactionInterceptor.java:119)
	at org.springframework.aop.framework.ReflectiveMethodInvocation.proceed(ReflectiveMethodInvocation.java:186)
	at org.openmrs.aop.LoggingAdvice.invoke(LoggingAdvice.java:123)
	at org.springframework.aop.framework.ReflectiveMethodInvocation.proceed(ReflectiveMethodInvocation.java:186)
	at org.springframework.aop.framework.adapter.MethodBeforeAdviceInterceptor.invoke(MethodBeforeAdviceInterceptor.java:58)
	at org.springframework.aop.framework.ReflectiveMethodInvocation.proceed(ReflectiveMethodInvocation.java:186)
	at org.springframework.aop.framework.adapter.MethodBeforeAdviceInterceptor.invoke(MethodBeforeAdviceInterceptor.java:58)
	at org.springframework.aop.framework.ReflectiveMethodInvocation.proceed(ReflectiveMethodInvocation.java:186)
	at org.springframework.aop.framework.JdkDynamicAopProxy.invoke(JdkDynamicAopProxy.java:241)
	at com.sun.proxy.$Proxy203.getGlobalProperty(Unknown Source)
	at org.openmrs.layout.name.NameSupport.getDefaultLayoutFormat(NameSupport.java:109)
	at org.openmrs.layout.LayoutSupport.getDefaultLayoutTemplate(LayoutSupport.java:48)
	at org.openmrs.PersonName.getFullName(PersonName.java:414)
	at org.openmrs.module.webservices.rest.web.v1_0.resource.openmrs2_0.PersonNameResource2_0.getDisplayString(PersonNameResource2_0.java:40)
	... 33 more
Caused by: org.hibernate.HibernateException: Found shared references to a collection: org.openmrs.Location.attributes
	at org.hibernate.engine.internal.Collections.processReachableCollection(Collections.java:188)
	at org.hibernate.event.internal.FlushVisitor.processCollection(FlushVisitor.java:53)
	at org.hibernate.event.internal.AbstractVisitor.processValue(AbstractVisitor.java:104)
	at org.hibernate.event.internal.AbstractVisitor.processValue(AbstractVisitor.java:65)
	at org.hibernate.event.internal.AbstractVisitor.processEntityPropertyValues(AbstractVisitor.java:59)
	at org.hibernate.event.internal.DefaultFlushEntityEventListener.onFlushEntity(DefaultFlushEntityEventListener.java:187)
	at org.hibernate.event.service.internal.EventListenerGroupImpl.fireEventOnEachListener(EventListenerGroupImpl.java:107)
	at org.hibernate.event.internal.AbstractFlushingEventListener.flushEntities(AbstractFlushingEventListener.java:229)
	at org.hibernate.event.internal.AbstractFlushingEventListener.flushEverythingToExecutions(AbstractFlushingEventListener.java:93)
	at org.hibernate.event.internal.DefaultAutoFlushEventListener.onAutoFlush(DefaultAutoFlushEventListener.java:50)
	at org.hibernate.event.service.internal.EventListenerGroupImpl.fireEventOnEachListener(EventListenerGroupImpl.java:107)
	at org.hibernate.internal.SessionImpl.autoFlushIfRequired(SessionImpl.java:1372)
	at org.hibernate.internal.SessionImpl.list(SessionImpl.java:1452)
	at org.hibernate.query.internal.AbstractProducedQuery.doList(AbstractProducedQuery.java:1649)
	at org.hibernate.query.internal.AbstractProducedQuery.list(AbstractProducedQuery.java:1617)
	... 71 more

org.openmrs.module.webservices.rest.web.v1_0.controller.openmrs1_9.PersonNameController1_9Test.shouldEditName -- Time elapsed: 0.548 s <<< ERROR!
org.openmrs.module.webservices.rest.web.response.ConversionException: converting class org.openmrs.PersonName to org.openmrs.module.webservices.rest.web.representation.DefaultRepresentation@3f70c30b
	at org.openmrs.module.webservices.rest.web.ConversionUtil.convertToRepresentation(ConversionUtil.java:419)
	at org.openmrs.module.webservices.rest.web.ConversionUtil.convertToRepresentation(ConversionUtil.java:374)
	at org.openmrs.module.webservices.rest.web.resource.impl.DelegatingSubResource.update(DelegatingSubResource.java:138)
	at org.openmrs.module.webservices.rest.web.v1_0.controller.MainSubResourceController.update(MainSubResourceController.java:147)
	at sun.reflect.NativeMethodAccessorImpl.invoke0(Native Method)
	at sun.reflect.NativeMethodAccessorImpl.invoke(NativeMethodAccessorImpl.java:62)
	at sun.reflect.DelegatingMethodAccessorImpl.invoke(DelegatingMethodAccessorImpl.java:43)
	at java.lang.reflect.Method.invoke(Method.java:498)
	at org.springframework.web.method.support.InvocableHandlerMethod.doInvoke(InvocableHandlerMethod.java:205)
	at org.springframework.web.method.support.InvocableHandlerMethod.invokeForRequest(InvocableHandlerMethod.java:150)
	at org.springframework.web.servlet.mvc.method.annotation.ServletInvocableHandlerMethod.invokeAndHandle(ServletInvocableHandlerMethod.java:117)
	at org.springframework.web.servlet.mvc.method.annotation.RequestMappingHandlerAdapter.invokeHandlerMethod(RequestMappingHandlerAdapter.java:895)
	at org.springframework.web.servlet.mvc.method.annotation.RequestMappingHandlerAdapter.handleInternal(RequestMappingHandlerAdapter.java:808)
	at org.springframework.web.servlet.mvc.method.AbstractHandlerMethodAdapter.handle(AbstractHandlerMethodAdapter.java:87)
	at org.openmrs.module.webservices.rest.web.v1_0.controller.RestControllerTestUtils.handle(RestControllerTestUtils.java:116)
	at org.openmrs.module.webservices.rest.web.v1_0.controller.openmrs1_9.PersonNameController1_9Test.shouldEditName(PersonNameController1_9Test.java:103)
	at java.lang.reflect.Method.invoke(Method.java:498)
	at org.springframework.test.context.junit4.statements.RunBeforeTestExecutionCallbacks.evaluate(RunBeforeTestExecutionCallbacks.java:74)
	at org.springframework.test.context.junit4.statements.RunAfterTestExecutionCallbacks.evaluate(RunAfterTestExecutionCallbacks.java:84)
	at org.springframework.test.context.junit4.statements.RunBeforeTestMethodCallbacks.evaluate(RunBeforeTestMethodCallbacks.java:75)
	at org.springframework.test.context.junit4.statements.RunAfterTestMethodCallbacks.evaluate(RunAfterTestMethodCallbacks.java:86)
	at org.springframework.test.context.junit4.statements.SpringRepeat.evaluate(SpringRepeat.java:84)
	at org.springframework.test.context.junit4.SpringJUnit4ClassRunner.runChild(SpringJUnit4ClassRunner.java:251)
	at org.springframework.test.context.junit4.SpringJUnit4ClassRunner.runChild(SpringJUnit4ClassRunner.java:97)
	at org.springframework.test.context.junit4.statements.RunBeforeTestClassCallbacks.evaluate(RunBeforeTestClassCallbacks.java:61)
	at org.springframework.test.context.junit4.statements.RunAfterTestClassCallbacks.evaluate(RunAfterTestClassCallbacks.java:70)
	at org.springframework.test.context.junit4.SpringJUnit4ClassRunner.run(SpringJUnit4ClassRunner.java:190)
Caused by: org.openmrs.module.webservices.rest.web.response.ConversionException: display on class org.openmrs.PersonName
	at org.openmrs.module.webservices.rest.web.resource.impl.BaseDelegatingResource.getProperty(BaseDelegatingResource.java:695)
	at org.openmrs.module.webservices.rest.web.resource.impl.DelegatingResourceDescription$Property.evaluate(DelegatingResourceDescription.java:245)
	at org.openmrs.module.webservices.rest.web.resource.impl.BaseDelegatingConverter.convertDelegateToRepresentation(BaseDelegatingConverter.java:151)
	at org.openmrs.module.webservices.rest.web.resource.impl.BaseDelegatingResource.asRepresentation(BaseDelegatingResource.java:385)
	at org.openmrs.module.webservices.rest.web.ConversionUtil.convertToRepresentation(ConversionUtil.java:416)
	... 26 more
Caused by: java.lang.reflect.InvocationTargetException
	at sun.reflect.GeneratedMethodAccessor1441.invoke(Unknown Source)
	at sun.reflect.DelegatingMethodAccessorImpl.invoke(DelegatingMethodAccessorImpl.java:43)
	at java.lang.reflect.Method.invoke(Method.java:498)
	at org.openmrs.module.webservices.rest.web.resource.impl.BaseDelegatingResource.getProperty(BaseDelegatingResource.java:686)
	... 30 more
Caused by: javax.persistence.PersistenceException: org.hibernate.HibernateException: Found shared references to a collection: org.openmrs.Person.addresses
	at org.hibernate.internal.ExceptionConverterImpl.convert(ExceptionConverterImpl.java:154)
	at org.hibernate.query.internal.AbstractProducedQuery.list(AbstractProducedQuery.java:1626)
	at org.hibernate.query.internal.AbstractProducedQuery.uniqueResult(AbstractProducedQuery.java:1659)
	at org.hibernate.query.criteria.internal.compile.CriteriaQueryTypeQueryAdapter.uniqueResult(CriteriaQueryTypeQueryAdapter.java:81)
	at org.openmrs.api.db.hibernate.HibernateAdministrationDAO.getGlobalPropertyObject(HibernateAdministrationDAO.java:116)
	at org.openmrs.api.impl.AdministrationServiceImpl.getGlobalProperty(AdministrationServiceImpl.java:167)
	at org.openmrs.api.impl.AdministrationServiceImpl$$FastClassBySpringCGLIB$$e1ce39b1.invoke(<generated>)
	at org.springframework.cglib.proxy.MethodProxy.invoke(MethodProxy.java:218)
	at org.springframework.aop.framework.CglibAopProxy$CglibMethodInvocation.invokeJoinpoint(CglibAopProxy.java:792)
	at org.springframework.aop.framework.ReflectiveMethodInvocation.proceed(ReflectiveMethodInvocation.java:163)
	at org.springframework.aop.framework.CglibAopProxy$CglibMethodInvocation.proceed(CglibAopProxy.java:762)
	at org.springframework.transaction.interceptor.TransactionInterceptor$1.proceedWithInvocation(TransactionInterceptor.java:123)
	at org.springframework.transaction.interceptor.TransactionAspectSupport.invokeWithinTransaction(TransactionAspectSupport.java:388)
	at org.springframework.transaction.interceptor.TransactionInterceptor.invoke(TransactionInterceptor.java:119)
	at org.springframework.aop.framework.ReflectiveMethodInvocation.proceed(ReflectiveMethodInvocation.java:186)
	at org.springframework.aop.framework.CglibAopProxy$CglibMethodInvocation.proceed(CglibAopProxy.java:762)
	at org.springframework.aop.framework.CglibAopProxy$DynamicAdvisedInterceptor.intercept(CglibAopProxy.java:707)
	at org.openmrs.api.impl.AdministrationServiceImpl$$EnhancerBySpringCGLIB$$cdfed5b3.getGlobalProperty(<generated>)
	at sun.reflect.GeneratedMethodAccessor198.invoke(Unknown Source)
	at sun.reflect.DelegatingMethodAccessorImpl.invoke(DelegatingMethodAccessorImpl.java:43)
	at java.lang.reflect.Method.invoke(Method.java:498)
	at org.springframework.aop.support.AopUtils.invokeJoinpointUsingReflection(AopUtils.java:344)
	at org.springframework.aop.framework.ReflectiveMethodInvocation.invokeJoinpoint(ReflectiveMethodInvocation.java:198)
	at org.springframework.aop.framework.ReflectiveMethodInvocation.proceed(ReflectiveMethodInvocation.java:163)
	at org.springframework.transaction.interceptor.TransactionInterceptor$1.proceedWithInvocation(TransactionInterceptor.java:123)
	at org.springframework.transaction.interceptor.TransactionAspectSupport.invokeWithinTransaction(TransactionAspectSupport.java:388)
	at org.springframework.transaction.interceptor.TransactionInterceptor.invoke(TransactionInterceptor.java:119)
	at org.springframework.aop.framework.ReflectiveMethodInvocation.proceed(ReflectiveMethodInvocation.java:186)
	at org.openmrs.aop.LoggingAdvice.invoke(LoggingAdvice.java:123)
	at org.springframework.aop.framework.ReflectiveMethodInvocation.proceed(ReflectiveMethodInvocation.java:186)
	at org.springframework.aop.framework.adapter.MethodBeforeAdviceInterceptor.invoke(MethodBeforeAdviceInterceptor.java:58)
	at org.springframework.aop.framework.ReflectiveMethodInvocation.proceed(ReflectiveMethodInvocation.java:186)
	at org.springframework.aop.framework.adapter.MethodBeforeAdviceInterceptor.invoke(MethodBeforeAdviceInterceptor.java:58)
	at org.springframework.aop.framework.ReflectiveMethodInvocation.proceed(ReflectiveMethodInvocation.java:186)
	at org.springframework.aop.framework.JdkDynamicAopProxy.invoke(JdkDynamicAopProxy.java:241)
	at com.sun.proxy.$Proxy203.getGlobalProperty(Unknown Source)
	at org.openmrs.layout.name.NameSupport.getDefaultLayoutFormat(NameSupport.java:109)
	at org.openmrs.layout.LayoutSupport.getDefaultLayoutTemplate(LayoutSupport.java:48)
	at org.openmrs.PersonName.getFullName(PersonName.java:414)
	at org.openmrs.module.webservices.rest.web.v1_0.resource.openmrs2_0.PersonNameResource2_0.getDisplayString(PersonNameResource2_0.java:40)
	... 34 more
Caused by: org.hibernate.HibernateException: Found shared references to a collection: org.openmrs.Person.addresses
	at org.hibernate.engine.internal.Collections.processReachableCollection(Collections.java:188)
	at org.hibernate.event.internal.FlushVisitor.processCollection(FlushVisitor.java:53)
	at org.hibernate.event.internal.AbstractVisitor.processValue(AbstractVisitor.java:104)
	at org.hibernate.event.internal.AbstractVisitor.processValue(AbstractVisitor.java:65)
	at org.hibernate.event.internal.AbstractVisitor.processEntityPropertyValues(AbstractVisitor.java:59)
	at org.hibernate.event.internal.DefaultFlushEntityEventListener.onFlushEntity(DefaultFlushEntityEventListener.java:187)
	at org.hibernate.event.service.internal.EventListenerGroupImpl.fireEventOnEachListener(EventListenerGroupImpl.java:107)
	at org.hibernate.event.internal.AbstractFlushingEventListener.flushEntities(AbstractFlushingEventListener.java:229)
	at org.hibernate.event.internal.AbstractFlushingEventListener.flushEverythingToExecutions(AbstractFlushingEventListener.java:93)
	at org.hibernate.event.internal.DefaultAutoFlushEventListener.onAutoFlush(DefaultAutoFlushEventListener.java:50)
	at org.hibernate.event.service.internal.EventListenerGroupImpl.fireEventOnEachListener(EventListenerGroupImpl.java:107)
	at org.hibernate.internal.SessionImpl.autoFlushIfRequired(SessionImpl.java:1372)
	at org.hibernate.internal.SessionImpl.list(SessionImpl.java:1452)
	at org.hibernate.query.internal.AbstractProducedQuery.doList(AbstractProducedQuery.java:1649)
	at org.hibernate.query.internal.AbstractProducedQuery.list(AbstractProducedQuery.java:1617)
	... 72 more

org.openmrs.module.webservices.rest.web.v1_0.controller.openmrs1_9.PersonNameController1_9Test.shouldVoidName -- Time elapsed: 0.515 s <<< ERROR!
javax.persistence.PersistenceException: org.hibernate.HibernateException: Found shared references to a collection: org.openmrs.Person.addresses
	at org.hibernate.internal.ExceptionConverterImpl.convert(ExceptionConverterImpl.java:154)
	at org.hibernate.query.internal.AbstractProducedQuery.list(AbstractProducedQuery.java:1626)
	at org.hibernate.query.internal.AbstractProducedQuery.uniqueResult(AbstractProducedQuery.java:1659)
	at org.hibernate.query.criteria.internal.compile.CriteriaQueryTypeQueryAdapter.uniqueResult(CriteriaQueryTypeQueryAdapter.java:81)
	at org.openmrs.api.db.hibernate.HibernateUtil.getUniqueEntityByUUID(HibernateUtil.java:219)
	at org.openmrs.api.db.hibernate.HibernatePersonDAO.getPersonNameByUuid(HibernatePersonDAO.java:767)
	at org.openmrs.api.impl.PersonServiceImpl.getPersonNameByUuid(PersonServiceImpl.java:808)
	at org.openmrs.api.impl.PersonServiceImpl$$FastClassBySpringCGLIB$$2c30885a.invoke(<generated>)
	at org.springframework.cglib.proxy.MethodProxy.invoke(MethodProxy.java:218)
	at org.springframework.aop.framework.CglibAopProxy$CglibMethodInvocation.invokeJoinpoint(CglibAopProxy.java:792)
	at org.springframework.aop.framework.ReflectiveMethodInvocation.proceed(ReflectiveMethodInvocation.java:163)
	at org.springframework.aop.framework.CglibAopProxy$CglibMethodInvocation.proceed(CglibAopProxy.java:762)
	at org.springframework.transaction.interceptor.TransactionInterceptor$1.proceedWithInvocation(TransactionInterceptor.java:123)
	at org.springframework.transaction.interceptor.TransactionAspectSupport.invokeWithinTransaction(TransactionAspectSupport.java:388)
	at org.springframework.transaction.interceptor.TransactionInterceptor.invoke(TransactionInterceptor.java:119)
	at org.springframework.aop.framework.ReflectiveMethodInvocation.proceed(ReflectiveMethodInvocation.java:186)
	at org.springframework.aop.framework.CglibAopProxy$CglibMethodInvocation.proceed(CglibAopProxy.java:762)
	at org.springframework.aop.framework.CglibAopProxy$DynamicAdvisedInterceptor.intercept(CglibAopProxy.java:707)
	at org.openmrs.api.impl.PersonServiceImpl$$EnhancerBySpringCGLIB$$491a7245.getPersonNameByUuid(<generated>)
	at sun.reflect.GeneratedMethodAccessor1478.invoke(Unknown Source)
	at sun.reflect.DelegatingMethodAccessorImpl.invoke(DelegatingMethodAccessorImpl.java:43)
	at java.lang.reflect.Method.invoke(Method.java:498)
	at org.springframework.aop.support.AopUtils.invokeJoinpointUsingReflection(AopUtils.java:344)
	at org.springframework.aop.framework.ReflectiveMethodInvocation.invokeJoinpoint(ReflectiveMethodInvocation.java:198)
	at org.springframework.aop.framework.ReflectiveMethodInvocation.proceed(ReflectiveMethodInvocation.java:163)
	at org.springframework.transaction.interceptor.TransactionInterceptor$1.proceedWithInvocation(TransactionInterceptor.java:123)
	at org.springframework.transaction.interceptor.TransactionAspectSupport.invokeWithinTransaction(TransactionAspectSupport.java:388)
	at org.springframework.transaction.interceptor.TransactionInterceptor.invoke(TransactionInterceptor.java:119)
	at org.springframework.aop.framework.ReflectiveMethodInvocation.proceed(ReflectiveMethodInvocation.java:186)
	at org.openmrs.aop.LoggingAdvice.invoke(LoggingAdvice.java:123)
	at org.springframework.aop.framework.ReflectiveMethodInvocation.proceed(ReflectiveMethodInvocation.java:186)
	at org.springframework.aop.framework.adapter.MethodBeforeAdviceInterceptor.invoke(MethodBeforeAdviceInterceptor.java:58)
	at org.springframework.aop.framework.ReflectiveMethodInvocation.proceed(ReflectiveMethodInvocation.java:186)
	at org.springframework.aop.framework.adapter.MethodBeforeAdviceInterceptor.invoke(MethodBeforeAdviceInterceptor.java:58)
	at org.springframework.aop.framework.ReflectiveMethodInvocation.proceed(ReflectiveMethodInvocation.java:186)
	at org.springframework.aop.framework.JdkDynamicAopProxy.invoke(JdkDynamicAopProxy.java:241)
	at com.sun.proxy.$Proxy191.getPersonNameByUuid(Unknown Source)
	at org.openmrs.module.webservices.rest.web.v1_0.controller.openmrs1_9.PersonNameController1_9Test.shouldVoidName(PersonNameController1_9Test.java:119)
	at java.lang.reflect.Method.invoke(Method.java:498)
	at org.springframework.test.context.junit4.statements.RunBeforeTestExecutionCallbacks.evaluate(RunBeforeTestExecutionCallbacks.java:74)
	at org.springframework.test.context.junit4.statements.RunAfterTestExecutionCallbacks.evaluate(RunAfterTestExecutionCallbacks.java:84)
	at org.springframework.test.context.junit4.statements.RunBeforeTestMethodCallbacks.evaluate(RunBeforeTestMethodCallbacks.java:75)
	at org.springframework.test.context.junit4.statements.RunAfterTestMethodCallbacks.evaluate(RunAfterTestMethodCallbacks.java:86)
	at org.springframework.test.context.junit4.statements.SpringRepeat.evaluate(SpringRepeat.java:84)
	at org.springframework.test.context.junit4.SpringJUnit4ClassRunner.runChild(SpringJUnit4ClassRunner.java:251)
	at org.springframework.test.context.junit4.SpringJUnit4ClassRunner.runChild(SpringJUnit4ClassRunner.java:97)
	at org.springframework.test.context.junit4.statements.RunBeforeTestClassCallbacks.evaluate(RunBeforeTestClassCallbacks.java:61)
	at org.springframework.test.context.junit4.statements.RunAfterTestClassCallbacks.evaluate(RunAfterTestClassCallbacks.java:70)
	at org.springframework.test.context.junit4.SpringJUnit4ClassRunner.run(SpringJUnit4ClassRunner.java:190)
Caused by: org.hibernate.HibernateException: Found shared references to a collection: org.openmrs.Person.addresses
	at org.hibernate.engine.internal.Collections.processReachableCollection(Collections.java:188)
	at org.hibernate.event.internal.FlushVisitor.processCollection(FlushVisitor.java:53)
	at org.hibernate.event.internal.AbstractVisitor.processValue(AbstractVisitor.java:104)
	at org.hibernate.event.internal.AbstractVisitor.processValue(AbstractVisitor.java:65)
	at org.hibernate.event.internal.AbstractVisitor.processEntityPropertyValues(AbstractVisitor.java:59)
	at org.hibernate.event.internal.DefaultFlushEntityEventListener.onFlushEntity(DefaultFlushEntityEventListener.java:187)
	at org.hibernate.event.service.internal.EventListenerGroupImpl.fireEventOnEachListener(EventListenerGroupImpl.java:107)
	at org.hibernate.event.internal.AbstractFlushingEventListener.flushEntities(AbstractFlushingEventListener.java:229)
	at org.hibernate.event.internal.AbstractFlushingEventListener.flushEverythingToExecutions(AbstractFlushingEventListener.java:93)
	at org.hibernate.event.internal.DefaultAutoFlushEventListener.onAutoFlush(DefaultAutoFlushEventListener.java:50)
	at org.hibernate.event.service.internal.EventListenerGroupImpl.fireEventOnEachListener(EventListenerGroupImpl.java:107)
	at org.hibernate.internal.SessionImpl.autoFlushIfRequired(SessionImpl.java:1372)
	at org.hibernate.internal.SessionImpl.list(SessionImpl.java:1452)
	at org.hibernate.query.internal.AbstractProducedQuery.doList(AbstractProducedQuery.java:1649)
	at org.hibernate.query.internal.AbstractProducedQuery.list(AbstractProducedQuery.java:1617)
	... 47 more

org.openmrs.module.webservices.rest.web.v1_0.controller.openmrs1_9.PersonNameController1_9Test.shouldPurgeName -- Time elapsed: 0.820 s <<< ERROR!
javax.persistence.PersistenceException: org.hibernate.HibernateException: Found shared references to a collection: org.openmrs.Location.attributes
	at org.hibernate.internal.ExceptionConverterImpl.convert(ExceptionConverterImpl.java:154)
	at org.hibernate.query.internal.AbstractProducedQuery.list(AbstractProducedQuery.java:1626)
	at org.hibernate.query.internal.AbstractProducedQuery.uniqueResult(AbstractProducedQuery.java:1659)
	at org.hibernate.query.criteria.internal.compile.CriteriaQueryTypeQueryAdapter.uniqueResult(CriteriaQueryTypeQueryAdapter.java:81)
	at org.openmrs.api.db.hibernate.HibernateUtil.getUniqueEntityByUUID(HibernateUtil.java:219)
	at org.openmrs.api.db.hibernate.HibernatePersonDAO.getPersonByUuid(HibernatePersonDAO.java:688)
	at org.openmrs.api.impl.PersonServiceImpl.getPersonByUuid(PersonServiceImpl.java:778)
	at org.openmrs.api.impl.PersonServiceImpl$$FastClassBySpringCGLIB$$2c30885a.invoke(<generated>)
	at org.springframework.cglib.proxy.MethodProxy.invoke(MethodProxy.java:218)
	at org.springframework.aop.framework.CglibAopProxy$CglibMethodInvocation.invokeJoinpoint(CglibAopProxy.java:792)
	at org.springframework.aop.framework.ReflectiveMethodInvocation.proceed(ReflectiveMethodInvocation.java:163)
	at org.springframework.aop.framework.CglibAopProxy$CglibMethodInvocation.proceed(CglibAopProxy.java:762)
	at org.springframework.transaction.interceptor.TransactionInterceptor$1.proceedWithInvocation(TransactionInterceptor.java:123)
	at org.springframework.transaction.interceptor.TransactionAspectSupport.invokeWithinTransaction(TransactionAspectSupport.java:388)
	at org.springframework.transaction.interceptor.TransactionInterceptor.invoke(TransactionInterceptor.java:119)
	at org.springframework.aop.framework.ReflectiveMethodInvocation.proceed(ReflectiveMethodInvocation.java:186)
	at org.springframework.aop.framework.CglibAopProxy$CglibMethodInvocation.proceed(CglibAopProxy.java:762)
	at org.springframework.aop.framework.CglibAopProxy$DynamicAdvisedInterceptor.intercept(CglibAopProxy.java:707)
	at org.openmrs.api.impl.PersonServiceImpl$$EnhancerBySpringCGLIB$$491a7245.getPersonByUuid(<generated>)
	at sun.reflect.GeneratedMethodAccessor506.invoke(Unknown Source)
	at sun.reflect.DelegatingMethodAccessorImpl.invoke(DelegatingMethodAccessorImpl.java:43)
	at java.lang.reflect.Method.invoke(Method.java:498)
	at org.springframework.aop.support.AopUtils.invokeJoinpointUsingReflection(AopUtils.java:344)
	at org.springframework.aop.framework.ReflectiveMethodInvocation.invokeJoinpoint(ReflectiveMethodInvocation.java:198)
	at org.springframework.aop.framework.ReflectiveMethodInvocation.proceed(ReflectiveMethodInvocation.java:163)
	at org.springframework.transaction.interceptor.TransactionInterceptor$1.proceedWithInvocation(TransactionInterceptor.java:123)
	at org.springframework.transaction.interceptor.TransactionAspectSupport.invokeWithinTransaction(TransactionAspectSupport.java:388)
	at org.springframework.transaction.interceptor.TransactionInterceptor.invoke(TransactionInterceptor.java:119)
	at org.springframework.aop.framework.ReflectiveMethodInvocation.proceed(ReflectiveMethodInvocation.java:186)
	at org.openmrs.aop.LoggingAdvice.invoke(LoggingAdvice.java:123)
	at org.springframework.aop.framework.ReflectiveMethodInvocation.proceed(ReflectiveMethodInvocation.java:186)
	at org.springframework.aop.framework.adapter.MethodBeforeAdviceInterceptor.invoke(MethodBeforeAdviceInterceptor.java:58)
	at org.springframework.aop.framework.ReflectiveMethodInvocation.proceed(ReflectiveMethodInvocation.java:186)
	at org.springframework.aop.framework.adapter.MethodBeforeAdviceInterceptor.invoke(MethodBeforeAdviceInterceptor.java:58)
	at org.springframework.aop.framework.ReflectiveMethodInvocation.proceed(ReflectiveMethodInvocation.java:186)
	at org.springframework.aop.framework.JdkDynamicAopProxy.invoke(JdkDynamicAopProxy.java:241)
	at com.sun.proxy.$Proxy191.getPersonByUuid(Unknown Source)
	at org.openmrs.module.webservices.rest.web.v1_0.controller.openmrs1_9.PersonNameController1_9Test.shouldPurgeName(PersonNameController1_9Test.java:131)
	at java.lang.reflect.Method.invoke(Method.java:498)
	at org.springframework.test.context.junit4.statements.RunBeforeTestExecutionCallbacks.evaluate(RunBeforeTestExecutionCallbacks.java:74)
	at org.springframework.test.context.junit4.statements.RunAfterTestExecutionCallbacks.evaluate(RunAfterTestExecutionCallbacks.java:84)
	at org.springframework.test.context.junit4.statements.RunBeforeTestMethodCallbacks.evaluate(RunBeforeTestMethodCallbacks.java:75)
	at org.springframework.test.context.junit4.statements.RunAfterTestMethodCallbacks.evaluate(RunAfterTestMethodCallbacks.java:86)
	at org.springframework.test.context.junit4.statements.SpringRepeat.evaluate(SpringRepeat.java:84)
	at org.springframework.test.context.junit4.SpringJUnit4ClassRunner.runChild(SpringJUnit4ClassRunner.java:251)
	at org.springframework.test.context.junit4.SpringJUnit4ClassRunner.runChild(SpringJUnit4ClassRunner.java:97)
	at org.springframework.test.context.junit4.statements.RunBeforeTestClassCallbacks.evaluate(RunBeforeTestClassCallbacks.java:61)
	at org.springframework.test.context.junit4.statements.RunAfterTestClassCallbacks.evaluate(RunAfterTestClassCallbacks.java:70)
	at org.springframework.test.context.junit4.SpringJUnit4ClassRunner.run(SpringJUnit4ClassRunner.java:190)
Caused by: org.hibernate.HibernateException: Found shared references to a collection: org.openmrs.Location.attributes
	at org.hibernate.engine.internal.Collections.processReachableCollection(Collections.java:188)
	at org.hibernate.event.internal.FlushVisitor.processCollection(FlushVisitor.java:53)
	at org.hibernate.event.internal.AbstractVisitor.processValue(AbstractVisitor.java:104)
	at org.hibernate.event.internal.AbstractVisitor.processValue(AbstractVisitor.java:65)
	at org.hibernate.event.internal.AbstractVisitor.processEntityPropertyValues(AbstractVisitor.java:59)
	at org.hibernate.event.internal.DefaultFlushEntityEventListener.onFlushEntity(DefaultFlushEntityEventListener.java:187)
	at org.hibernate.event.service.internal.EventListenerGroupImpl.fireEventOnEachListener(EventListenerGroupImpl.java:107)
	at org.hibernate.event.internal.AbstractFlushingEventListener.flushEntities(AbstractFlushingEventListener.java:229)
	at org.hibernate.event.internal.AbstractFlushingEventListener.flushEverythingToExecutions(AbstractFlushingEventListener.java:93)
	at org.hibernate.event.internal.DefaultAutoFlushEventListener.onAutoFlush(DefaultAutoFlushEventListener.java:50)
	at org.hibernate.event.service.internal.EventListenerGroupImpl.fireEventOnEachListener(EventListenerGroupImpl.java:107)
	at org.hibernate.internal.SessionImpl.autoFlushIfRequired(SessionImpl.java:1372)
	at org.hibernate.internal.SessionImpl.list(SessionImpl.java:1452)
	at org.hibernate.query.internal.AbstractProducedQuery.doList(AbstractProducedQuery.java:1649)
	at org.hibernate.query.internal.AbstractProducedQuery.list(AbstractProducedQuery.java:1617)
	... 47 more

