<?xml version="1.0" encoding="UTF-8"?>
<testsuite xmlns:xsi="http://www.w3.org/2001/XMLSchema-instance" xsi:noNamespaceSchemaLocation="https://maven.apache.org/surefire/maven-surefire-plugin/xsd/surefire-test-report.xsd" version="3.0.2" name="org.openmrs.module.webservices.rest.web.v1_0.resource.openmrs2_0.ConceptAttributeResource2_0Test" time="0.068" tests="3" errors="0" skipped="0" failures="0">
  <properties>
[...]
</properties>
  <testcase name="asRepresentation_shouldReturnValidFullRepresentation" classname="org.openmrs.module.webservices.rest.web.v1_0.resource.openmrs2_0.ConceptAttributeResource2_0Test" time="0.027">
    <system-out><![CDATA[18:34:56.945 [main] INFO  o.s.t.c.t.TransactionContext - Began transaction (1) for test context [DefaultTestContext@4981e867 testClass = ConceptAttributeResource2_0Test, testInstance = org.openmrs.module.webservices.rest.web.v1_0.resource.openmrs2_0.ConceptAttributeResource2_0Test@2baa9073, testMethod = asRepresentation_shouldReturnValidFullRepresentation@BaseDelegatingResourceTest, testException = [null], mergedContextConfiguration = [WebMergedContextConfiguration@45eaed4a testClass = ConceptAttributeResource2_0Test, locations = '{classpath:applicationContext-service.xml, classpath*:TestingApplicationContext.xml, classpath*:moduleApplicationContext.xml, classpath*:openmrs-servlet.xml, classpath*:webModuleApplicationContext.xml}', classes = '{}', contextInitializerClasses = '[]', activeProfiles = '{}', propertySourceLocations = '{}', propertySourceProperties = '{}', contextCustomizers = set[[empty]], resourceBasePath = 'src/main/webapp', contextLoader = 'org.springframework.test.context.web.WebDelegatingSmartContextLoader', parent = [null]], attributes = map['org.springframework.test.context.web.ServletTestExecutionListener.populatedRequestContextHolder' -> true, 'org.springframework.test.context.web.ServletTestExecutionListener.resetRequestContextHolder' -> true, 'org.springframework.test.context.event.ApplicationEventsTestExecutionListener.recordApplicationEvents' -> false]]; transaction manager [org.springframework.orm.hibernate5.HibernateTransactionManager@23f8b7a4]; rollback [true]
18:34:56.971 [main] INFO  o.s.t.c.t.TransactionContext - Rolled back transaction for test: [DefaultTestContext@4981e867 testClass = ConceptAttributeResource2_0Test, testInstance = org.openmrs.module.webservices.rest.web.v1_0.resource.openmrs2_0.ConceptAttributeResource2_0Test@2baa9073, testMethod = asRepresentation_shouldReturnValidFullRepresentation@BaseDelegatingResourceTest, testException = [null], mergedContextConfiguration = [WebMergedContextConfiguration@45eaed4a testClass = ConceptAttributeResource2_0Test, locations = '{classpath:applicationContext-service.xml, classpath*:TestingApplicationContext.xml, classpath*:moduleApplicationContext.xml, classpath*:openmrs-servlet.xml, classpath*:webModuleApplicationContext.xml}', classes = '{}', contextInitializerClasses = '[]', activeProfiles = '{}', propertySourceLocations = '{}', propertySourceProperties = '{}', contextCustomizers = set[[empty]], resourceBasePath = 'src/main/webapp', contextLoader = 'org.springframework.test.context.web.WebDelegatingSmartContextLoader', parent = [null]], attributes = map['org.springframework.test.context.web.ServletTestExecutionListener.populatedRequestContextHolder' -> true, 'org.springframework.test.context.web.ServletTestExecutionListener.resetRequestContextHolder' -> true, 'org.springframework.test.context.event.ApplicationEventsTestExecutionListener.recordApplicationEvents' -> false]]
]]></system-out>
  </testcase>
  <testcase name="asRepresentation_shouldReturnValidDefaultRepresentation" classname="org.openmrs.module.webservices.rest.web.v1_0.resource.openmrs2_0.ConceptAttributeResource2_0Test" time="0.021">
    <system-out><![CDATA[18:34:56.972 [main] INFO  o.s.t.c.t.TransactionContext - Began transaction (1) for test context [DefaultTestContext@4981e867 testClass = ConceptAttributeResource2_0Test, testInstance = org.openmrs.module.webservices.rest.web.v1_0.resource.openmrs2_0.ConceptAttributeResource2_0Test@3be165fa, testMethod = asRepresentation_shouldReturnValidDefaultRepresentation@BaseDelegatingResourceTest, testException = [null], mergedContextConfiguration = [WebMergedContextConfiguration@45eaed4a testClass = ConceptAttributeResource2_0Test, locations = '{classpath:applicationContext-service.xml, classpath*:TestingApplicationContext.xml, classpath*:moduleApplicationContext.xml, classpath*:openmrs-servlet.xml, classpath*:webModuleApplicationContext.xml}', classes = '{}', contextInitializerClasses = '[]', activeProfiles = '{}', propertySourceLocations = '{}', propertySourceProperties = '{}', contextCustomizers = set[[empty]], resourceBasePath = 'src/main/webapp', contextLoader = 'org.springframework.test.context.web.WebDelegatingSmartContextLoader', parent = [null]], attributes = map['org.springframework.test.context.web.ServletTestExecutionListener.populatedRequestContextHolder' -> true, 'org.springframework.test.context.web.ServletTestExecutionListener.resetRequestContextHolder' -> true, 'org.springframework.test.context.event.ApplicationEventsTestExecutionListener.recordApplicationEvents' -> false]]; transaction manager [org.springframework.orm.hibernate5.HibernateTransactionManager@23f8b7a4]; rollback [true]
18:34:56.993 [main] INFO  o.s.t.c.t.TransactionContext - Rolled back transaction for test: [DefaultTestContext@4981e867 testClass = ConceptAttributeResource2_0Test, testInstance = org.openmrs.module.webservices.rest.web.v1_0.resource.openmrs2_0.ConceptAttributeResource2_0Test@3be165fa, testMethod = asRepresentation_shouldReturnValidDefaultRepresentation@BaseDelegatingResourceTest, testException = [null], mergedContextConfiguration = [WebMergedContextConfiguration@45eaed4a testClass = ConceptAttributeResource2_0Test, locations = '{classpath:applicationContext-service.xml, classpath*:TestingApplicationContext.xml, classpath*:moduleApplicationContext.xml, classpath*:openmrs-servlet.xml, classpath*:webModuleApplicationContext.xml}', classes = '{}', contextInitializerClasses = '[]', activeProfiles = '{}', propertySourceLocations = '{}', propertySourceProperties = '{}', contextCustomizers = set[[empty]], resourceBasePath = 'src/main/webapp', contextLoader = 'org.springframework.test.context.web.WebDelegatingSmartContextLoader', parent = [null]], attributes = map['org.springframework.test.context.web.ServletTestExecutionListener.populatedRequestContextHolder' -> true, 'org.springframework.test.context.web.ServletTestExecutionListener.resetRequestContextHolder' -> true, 'org.springframework.test.context.event.ApplicationEventsTestExecutionListener.recordApplicationEvents' -> false]]
]]></system-out>
  </testcase>
  <testcase name="asRepresentation_shouldReturnValidRefRepresentation" classname="org.openmrs.module.webservices.rest.web.v1_0.resource.openmrs2_0.ConceptAttributeResource2_0Test" time="0.018">
    <system-out><![CDATA[18:34:56.994 [main] INFO  o.s.t.c.t.TransactionContext - Began transaction (1) for test context [DefaultTestContext@4981e867 testClass = ConceptAttributeResource2_0Test, testInstance = org.openmrs.module.webservices.rest.web.v1_0.resource.openmrs2_0.ConceptAttributeResource2_0Test@607521e8, testMethod = asRepresentation_shouldReturnValidRefRepresentation@BaseDelegatingResourceTest, testException = [null], mergedContextConfiguration = [WebMergedContextConfiguration@45eaed4a testClass = ConceptAttributeResource2_0Test, locations = '{classpath:applicationContext-service.xml, classpath*:TestingApplicationContext.xml, classpath*:moduleApplicationContext.xml, classpath*:openmrs-servlet.xml, classpath*:webModuleApplicationContext.xml}', classes = '{}', contextInitializerClasses = '[]', activeProfiles = '{}', propertySourceLocations = '{}', propertySourceProperties = '{}', contextCustomizers = set[[empty]], resourceBasePath = 'src/main/webapp', contextLoader = 'org.springframework.test.context.web.WebDelegatingSmartContextLoader', parent = [null]], attributes = map['org.springframework.test.context.web.ServletTestExecutionListener.populatedRequestContextHolder' -> true, 'org.springframework.test.context.web.ServletTestExecutionListener.resetRequestContextHolder' -> true, 'org.springframework.test.context.event.ApplicationEventsTestExecutionListener.recordApplicationEvents' -> false]]; transaction manager [org.springframework.orm.hibernate5.HibernateTransactionManager@23f8b7a4]; rollback [true]
18:34:57.011 [main] INFO  o.s.t.c.t.TransactionContext - Rolled back transaction for test: [DefaultTestContext@4981e867 testClass = ConceptAttributeResource2_0Test, testInstance = org.openmrs.module.webservices.rest.web.v1_0.resource.openmrs2_0.ConceptAttributeResource2_0Test@607521e8, testMethod = asRepresentation_shouldReturnValidRefRepresentation@BaseDelegatingResourceTest, testException = [null], mergedContextConfiguration = [WebMergedContextConfiguration@45eaed4a testClass = ConceptAttributeResource2_0Test, locations = '{classpath:applicationContext-service.xml, classpath*:TestingApplicationContext.xml, classpath*:moduleApplicationContext.xml, classpath*:openmrs-servlet.xml, classpath*:webModuleApplicationContext.xml}', classes = '{}', contextInitializerClasses = '[]', activeProfiles = '{}', propertySourceLocations = '{}', propertySourceProperties = '{}', contextCustomizers = set[[empty]], resourceBasePath = 'src/main/webapp', contextLoader = 'org.springframework.test.context.web.WebDelegatingSmartContextLoader', parent = [null]], attributes = map['org.springframework.test.context.web.ServletTestExecutionListener.populatedRequestContextHolder' -> true, 'org.springframework.test.context.web.ServletTestExecutionListener.resetRequestContextHolder' -> true, 'org.springframework.test.context.event.ApplicationEventsTestExecutionListener.recordApplicationEvents' -> false]]
]]></system-out>
  </testcase>
</testsuite>