<?xml version="1.0" encoding="UTF-8"?>
<testsuite xmlns:xsi="http://www.w3.org/2001/XMLSchema-instance" xsi:noNamespaceSchemaLocation="https://maven.apache.org/surefire/maven-surefire-plugin/xsd/surefire-test-report.xsd" version="3.0.2" name="org.openmrs.module.webservices.rest.web.v1_0.controller.openmrs1_9.ConceptReferenceTermController1_9Test" time="0.226" tests="23" errors="0" skipped="0" failures="0">
  <properties>
[...]
</properties>
  <testcase name="shouldSearchAndReturnAListOfConceptReferenceTermsMatchingTheQueryString" classname="org.openmrs.module.webservices.rest.web.v1_0.controller.openmrs1_9.ConceptReferenceTermController1_9Test" time="0.01">
    <system-out><![CDATA[16:13:13.013 [main] DEBUG org.openmrs.test.BaseContextSensitiveTest - props: {connection.username=sa, connection.url=jdbc:h2:mem:openmrs;DB_CLOSE_DELAY=30;LOCK_TIMEOUT=10000, hibernate.connection.driver_class=org.h2.Driver, hibernate.dialect=org.hibernate.dialect.H2Dialect, connection.password=, hibernate.connection.username=sa, hibernate.hbm2ddl.auto=create-drop, hibernate.connection.url=jdbc:h2:mem:openmrs;DB_CLOSE_DELAY=30;LOCK_TIMEOUT=10000, hibernate.connection.password=}
16:13:13.014 [main] DEBUG org.springframework.orm.hibernate5.HibernateTransactionManager - Creating new transaction with name [org.openmrs.module.webservices.rest.web.v1_0.controller.openmrs1_9.ConceptReferenceTermController1_9Test.shouldSearchAndReturnAListOfConceptReferenceTermsMatchingTheQueryString]: PROPAGATION_REQUIRED,ISOLATION_DEFAULT
16:13:13.014 [main] DEBUG org.springframework.orm.hibernate5.HibernateTransactionManager - Opened new Session [SessionImpl(801995776<open>)] for Hibernate transaction
16:13:13.014 [main] DEBUG org.springframework.orm.hibernate5.HibernateTransactionManager - Exposing Hibernate transaction as JDBC [org.springframework.orm.hibernate5.HibernateTransactionManager$$Lambda$1394/0x00000007c0e3dc28@296208dc]
16:13:13.014 [main] INFO org.springframework.test.context.transaction.TransactionContext - Began transaction (1) for test context [DefaultTestContext@569957fc testClass = ConceptReferenceTermController1_9Test, testInstance = org.openmrs.module.webservices.rest.web.v1_0.controller.openmrs1_9.ConceptReferenceTermController1_9Test@12701c53, testMethod = shouldSearchAndReturnAListOfConceptReferenceTermsMatchingTheQueryString@ConceptReferenceTermController1_9Test, testException = [null], mergedContextConfiguration = [WebMergedContextConfiguration@51207894 testClass = ConceptReferenceTermController1_9Test, locations = '{classpath:applicationContext-service.xml, classpath*:TestingApplicationContext.xml, classpath*:moduleApplicationContext.xml, classpath*:openmrs-servlet.xml, classpath*:webModuleApplicationContext.xml}', classes = '{}', contextInitializerClasses = '[]', activeProfiles = '{}', propertySourceLocations = '{}', propertySourceProperties = '{}', contextCustomizers = set[[empty]], resourceBasePath = 'src/main/webapp', contextLoader = 'org.springframework.test.context.web.WebDelegatingSmartContextLoader', parent = [null]], attributes = map['org.springframework.test.context.web.ServletTestExecutionListener.populatedRequestContextHolder' -> true, 'org.springframework.test.context.web.ServletTestExecutionListener.resetRequestContextHolder' -> true, 'org.springframework.test.context.event.ApplicationEventsTestExecutionListener.recordApplicationEvents' -> false]]; transaction manager [org.springframework.orm.hibernate5.HibernateTransactionManager@f47a569]; rollback [true]
16:13:13.014 [main] DEBUG org.openmrs.api.db.hibernate.HibernateContextDAO - HibernateContext: Opening Hibernate Session
16:13:13.014 [main] DEBUG org.openmrs.api.db.hibernate.HibernateContextDAO - Participating in existing session (40380649)
16:13:13.014 [main] DEBUG org.openmrs.api.context.UserContext - Authenticating client 'admin' with scheme 'OPENMRS_USERPASS_AUTH_SCHEME'
16:13:13.014 [main] DEBUG org.openmrs.api.context.UsernamePasswordAuthenticationScheme - Authenticating client: admin
16:13:13.014 [main] DEBUG org.springframework.orm.hibernate5.HibernateTransactionManager - Found thread-bound Session [SessionImpl(801995776<open>)] for Hibernate transaction
16:13:13.014 [main] DEBUG org.springframework.orm.hibernate5.HibernateTransactionManager - Participating in existing transaction
16:13:13.016 [main] DEBUG org.openmrs.api.db.hibernate.HibernateContextDAO - Candidate user id: 1
16:13:13.016 [main] DEBUG org.openmrs.User - User's base roles: [System Developer]
16:13:13.016 [main] DEBUG org.openmrs.User - User's base roles: [System Developer]
16:13:13.016 [main] DEBUG org.openmrs.api.context.UserContext - Authenticated as: admin
16:13:13.016 [main] DEBUG org.springframework.orm.hibernate5.HibernateTransactionManager - Found thread-bound Session [SessionImpl(801995776<open>)] for Hibernate transaction
16:13:13.016 [main] DEBUG org.springframework.orm.hibernate5.HibernateTransactionManager - Participating in existing transaction
16:13:13.017 [main] DEBUG org.springframework.web.servlet.mvc.method.annotation.RequestMappingHandlerMapping - Mapped to org.openmrs.module.webservices.rest.web.v1_0.controller.MainResourceController#get(String, HttpServletRequest, HttpServletResponse)
16:13:13.017 [main] DEBUG org.openmrs.aop.AuthorizationAdvice - Calling authorization advice before getResourceByName
16:13:13.017 [main] DEBUG org.openmrs.aop.AuthorizationAdvice - User admin
16:13:13.017 [main] DEBUG org.openmrs.User - User's base roles: [System Developer]
16:13:13.017 [main] DEBUG org.openmrs.aop.AuthorizationAdvice - has roles [System Developer]
16:13:13.017 [main] DEBUG org.openmrs.api.context.UserContext - Adding proxy privilege: Get Global Properties
16:13:13.017 [main] DEBUG org.openmrs.aop.AuthorizationAdvice - Calling authorization advice before getGlobalProperty
16:13:13.017 [main] DEBUG org.openmrs.aop.AuthorizationAdvice - User admin
16:13:13.017 [main] DEBUG org.openmrs.User - User's base roles: [System Developer]
16:13:13.017 [main] DEBUG org.openmrs.aop.AuthorizationAdvice - has roles [System Developer]
16:13:13.017 [main] DEBUG org.openmrs.api.context.UserContext - Adding proxy privilege: Get Roles
16:13:13.017 [main] DEBUG org.openmrs.api.context.UserContext - Checking 'Get Global Properties' against proxies: [Get Global Properties, Get Roles]
16:13:13.017 [main] DEBUG org.openmrs.aop.AuthorizationAdvice - User has privilege Get Global Properties? true
16:13:13.017 [main] DEBUG org.openmrs.api.context.UserContext - Removing privilege: Get Roles
16:13:13.017 [main] DEBUG org.springframework.orm.hibernate5.HibernateTransactionManager - Found thread-bound Session [SessionImpl(801995776<open>)] for Hibernate transaction
16:13:13.017 [main] DEBUG org.springframework.orm.hibernate5.HibernateTransactionManager - Participating in existing transaction
16:13:13.017 [main] DEBUG org.springframework.orm.hibernate5.HibernateTransactionManager - Found thread-bound Session [SessionImpl(801995776<open>)] for Hibernate transaction
16:13:13.017 [main] DEBUG org.springframework.orm.hibernate5.HibernateTransactionManager - Participating in existing transaction
16:13:13.017 [main] DEBUG org.openmrs.aop.AuthorizationAdvice - Calling authorization advice before getGlobalProperty
16:13:13.017 [main] DEBUG org.openmrs.aop.AuthorizationAdvice - User admin
16:13:13.017 [main] DEBUG org.openmrs.User - User's base roles: [System Developer]
16:13:13.017 [main] DEBUG org.openmrs.aop.AuthorizationAdvice - has roles [System Developer]
16:13:13.017 [main] DEBUG org.openmrs.api.context.UserContext - Adding proxy privilege: Get Roles
16:13:13.017 [main] DEBUG org.openmrs.api.context.UserContext - Checking 'Get Global Properties' against proxies: [Get Global Properties, Get Roles]
16:13:13.017 [main] DEBUG org.openmrs.aop.AuthorizationAdvice - User has privilege Get Global Properties? true
16:13:13.017 [main] DEBUG org.openmrs.api.context.UserContext - Removing privilege: Get Roles
16:13:13.017 [main] DEBUG org.springframework.orm.hibernate5.HibernateTransactionManager - Found thread-bound Session [SessionImpl(801995776<open>)] for Hibernate transaction
16:13:13.017 [main] DEBUG org.springframework.orm.hibernate5.HibernateTransactionManager - Participating in existing transaction
16:13:13.017 [main] DEBUG org.springframework.orm.hibernate5.HibernateTransactionManager - Found thread-bound Session [SessionImpl(801995776<open>)] for Hibernate transaction
16:13:13.017 [main] DEBUG org.springframework.orm.hibernate5.HibernateTransactionManager - Participating in existing transaction
16:13:13.018 [main] DEBUG org.openmrs.api.context.UserContext - Removing privilege: Get Global Properties
16:13:13.018 [main] DEBUG org.openmrs.aop.AuthorizationAdvice - Calling authorization advice before getSearchHandler
16:13:13.018 [main] DEBUG org.openmrs.aop.AuthorizationAdvice - User admin
16:13:13.018 [main] DEBUG org.openmrs.User - User's base roles: [System Developer]
16:13:13.018 [main] DEBUG org.openmrs.aop.AuthorizationAdvice - has roles [System Developer]
16:13:13.018 [main] DEBUG org.openmrs.aop.AuthorizationAdvice - Calling authorization advice before getConceptReferenceTerms
16:13:13.018 [main] DEBUG org.openmrs.aop.AuthorizationAdvice - User admin
16:13:13.018 [main] DEBUG org.openmrs.User - User's base roles: [System Developer]
16:13:13.018 [main] DEBUG org.openmrs.aop.AuthorizationAdvice - has roles [System Developer]
16:13:13.018 [main] DEBUG org.openmrs.api.context.UserContext - Adding proxy privilege: Get Roles
16:13:13.018 [main] DEBUG org.openmrs.api.context.UserContext - Checking 'Get Concept Reference Terms' against proxies: [Get Roles]
16:13:13.018 [main] DEBUG org.openmrs.User - User's base roles: [System Developer]
16:13:13.018 [main] DEBUG org.openmrs.aop.AuthorizationAdvice - User has privilege Get Concept Reference Terms? true
16:13:13.018 [main] DEBUG org.openmrs.api.context.UserContext - Removing privilege: Get Roles
16:13:13.018 [main] DEBUG org.springframework.orm.hibernate5.HibernateTransactionManager - Found thread-bound Session [SessionImpl(801995776<open>)] for Hibernate transaction
16:13:13.018 [main] DEBUG org.springframework.orm.hibernate5.HibernateTransactionManager - Participating in existing transaction
16:13:13.018 [main] DEBUG org.springframework.orm.hibernate5.HibernateTransactionManager - Found thread-bound Session [SessionImpl(801995776<open>)] for Hibernate transaction
16:13:13.018 [main] DEBUG org.springframework.orm.hibernate5.HibernateTransactionManager - Participating in existing transaction
16:13:13.020 [main] DEBUG org.openmrs.aop.AuthorizationAdvice - Calling authorization advice before getCountOfConceptReferenceTerms
16:13:13.020 [main] DEBUG org.openmrs.aop.AuthorizationAdvice - User admin
16:13:13.020 [main] DEBUG org.openmrs.User - User's base roles: [System Developer]
16:13:13.020 [main] DEBUG org.openmrs.aop.AuthorizationAdvice - has roles [System Developer]
16:13:13.020 [main] DEBUG org.openmrs.api.context.UserContext - Adding proxy privilege: Get Roles
16:13:13.020 [main] DEBUG org.openmrs.api.context.UserContext - Checking 'Get Concept Reference Terms' against proxies: [Get Roles]
16:13:13.020 [main] DEBUG org.openmrs.User - User's base roles: [System Developer]
16:13:13.020 [main] DEBUG org.openmrs.aop.AuthorizationAdvice - User has privilege Get Concept Reference Terms? true
16:13:13.020 [main] DEBUG org.openmrs.api.context.UserContext - Removing privilege: Get Roles
16:13:13.020 [main] DEBUG org.springframework.orm.hibernate5.HibernateTransactionManager - Found thread-bound Session [SessionImpl(801995776<open>)] for Hibernate transaction
16:13:13.020 [main] DEBUG org.springframework.orm.hibernate5.HibernateTransactionManager - Participating in existing transaction
16:13:13.020 [main] DEBUG org.springframework.orm.hibernate5.HibernateTransactionManager - Found thread-bound Session [SessionImpl(801995776<open>)] for Hibernate transaction
16:13:13.020 [main] DEBUG org.springframework.orm.hibernate5.HibernateTransactionManager - Participating in existing transaction
16:13:13.022 [main] DEBUG org.springframework.web.servlet.mvc.method.annotation.RequestResponseBodyMethodProcessor - Using 'application/json', given [*/*] and supported [application/json, application/*+json, application/xml, text/xml, application/*+xml]
16:13:13.023 [main] DEBUG org.springframework.web.servlet.mvc.method.annotation.RequestResponseBodyMethodProcessor - Writing [{results=[{uuid=SSTRM-CD41003, display=Some Standardized Terminology: CD41003 (cd4 term), links=[org (truncated)...]
16:13:13.023 [main] DEBUG org.springframework.orm.hibernate5.HibernateTransactionManager - Found thread-bound Session [SessionImpl(801995776<open>)] for Hibernate transaction
16:13:13.023 [main] DEBUG org.springframework.orm.hibernate5.HibernateTransactionManager - Participating in existing transaction
16:13:13.023 [main] DEBUG org.openmrs.api.context.Context - Clearing DB cache
16:13:13.024 [main] DEBUG org.openmrs.api.context.Context - Clearing API cache
16:13:13.024 [main] DEBUG org.openmrs.api.context.Context - Logging out : admin
16:13:13.024 [main] DEBUG org.openmrs.api.context.UserContext - setting user to null on logout
16:13:13.024 [main] DEBUG org.springframework.orm.hibernate5.HibernateTransactionManager - Initiating transaction rollback
16:13:13.024 [main] DEBUG org.springframework.orm.hibernate5.HibernateTransactionManager - Rolling back Hibernate transaction on Session [SessionImpl(801995776<open>)]
16:13:13.024 [main] DEBUG org.springframework.orm.hibernate5.HibernateTransactionManager - Closing Hibernate Session [SessionImpl(801995776<open>)] after transaction
16:13:13.024 [main] INFO org.springframework.test.context.transaction.TransactionContext - Rolled back transaction for test: [DefaultTestContext@569957fc testClass = ConceptReferenceTermController1_9Test, testInstance = org.openmrs.module.webservices.rest.web.v1_0.controller.openmrs1_9.ConceptReferenceTermController1_9Test@12701c53, testMethod = shouldSearchAndReturnAListOfConceptReferenceTermsMatchingTheQueryString@ConceptReferenceTermController1_9Test, testException = [null], mergedContextConfiguration = [WebMergedContextConfiguration@51207894 testClass = ConceptReferenceTermController1_9Test, locations = '{classpath:applicationContext-service.xml, classpath*:TestingApplicationContext.xml, classpath*:moduleApplicationContext.xml, classpath*:openmrs-servlet.xml, classpath*:webModuleApplicationContext.xml}', classes = '{}', contextInitializerClasses = '[]', activeProfiles = '{}', propertySourceLocations = '{}', propertySourceProperties = '{}', contextCustomizers = set[[empty]], resourceBasePath = 'src/main/webapp', contextLoader = 'org.springframework.test.context.web.WebDelegatingSmartContextLoader', parent = [null]], attributes = map['org.springframework.test.context.web.ServletTestExecutionListener.populatedRequestContextHolder' -> true, 'org.springframework.test.context.web.ServletTestExecutionListener.resetRequestContextHolder' -> true, 'org.springframework.test.context.event.ApplicationEventsTestExecutionListener.recordApplicationEvents' -> false]]
]]></system-out>
  </testcase>
  <testcase name="shouldGetAnConceptReferenceTermByUuid" classname="org.openmrs.module.webservices.rest.web.v1_0.controller.openmrs1_9.ConceptReferenceTermController1_9Test" time="0.008">
    <system-out><![CDATA[16:13:13.025 [main] DEBUG org.openmrs.test.BaseContextSensitiveTest - props: {connection.username=sa, connection.url=jdbc:h2:mem:openmrs;DB_CLOSE_DELAY=30;LOCK_TIMEOUT=10000, hibernate.connection.driver_class=org.h2.Driver, hibernate.dialect=org.hibernate.dialect.H2Dialect, connection.password=, hibernate.connection.username=sa, hibernate.hbm2ddl.auto=create-drop, hibernate.connection.url=jdbc:h2:mem:openmrs;DB_CLOSE_DELAY=30;LOCK_TIMEOUT=10000, hibernate.connection.password=}
16:13:13.025 [main] DEBUG org.springframework.orm.hibernate5.HibernateTransactionManager - Creating new transaction with name [org.openmrs.module.webservices.rest.web.v1_0.controller.openmrs1_9.ConceptReferenceTermController1_9Test.shouldGetAnConceptReferenceTermByUuid]: PROPAGATION_REQUIRED,ISOLATION_DEFAULT
16:13:13.025 [main] DEBUG org.springframework.orm.hibernate5.HibernateTransactionManager - Opened new Session [SessionImpl(996567140<open>)] for Hibernate transaction
16:13:13.025 [main] DEBUG org.springframework.orm.hibernate5.HibernateTransactionManager - Exposing Hibernate transaction as JDBC [org.springframework.orm.hibernate5.HibernateTransactionManager$$Lambda$1394/0x00000007c0e3dc28@1065aae5]
16:13:13.025 [main] INFO org.springframework.test.context.transaction.TransactionContext - Began transaction (1) for test context [DefaultTestContext@569957fc testClass = ConceptReferenceTermController1_9Test, testInstance = org.openmrs.module.webservices.rest.web.v1_0.controller.openmrs1_9.ConceptReferenceTermController1_9Test@4ab531a6, testMethod = shouldGetAnConceptReferenceTermByUuid@ConceptReferenceTermController1_9Test, testException = [null], mergedContextConfiguration = [WebMergedContextConfiguration@51207894 testClass = ConceptReferenceTermController1_9Test, locations = '{classpath:applicationContext-service.xml, classpath*:TestingApplicationContext.xml, classpath*:moduleApplicationContext.xml, classpath*:openmrs-servlet.xml, classpath*:webModuleApplicationContext.xml}', classes = '{}', contextInitializerClasses = '[]', activeProfiles = '{}', propertySourceLocations = '{}', propertySourceProperties = '{}', contextCustomizers = set[[empty]], resourceBasePath = 'src/main/webapp', contextLoader = 'org.springframework.test.context.web.WebDelegatingSmartContextLoader', parent = [null]], attributes = map['org.springframework.test.context.web.ServletTestExecutionListener.populatedRequestContextHolder' -> true, 'org.springframework.test.context.web.ServletTestExecutionListener.resetRequestContextHolder' -> true, 'org.springframework.test.context.event.ApplicationEventsTestExecutionListener.recordApplicationEvents' -> false]]; transaction manager [org.springframework.orm.hibernate5.HibernateTransactionManager@f47a569]; rollback [true]
16:13:13.026 [main] DEBUG org.openmrs.api.context.UserContext - Authenticating client 'admin' with scheme 'OPENMRS_USERPASS_AUTH_SCHEME'
16:13:13.026 [main] DEBUG org.openmrs.api.context.UsernamePasswordAuthenticationScheme - Authenticating client: admin
16:13:13.026 [main] DEBUG org.springframework.orm.hibernate5.HibernateTransactionManager - Found thread-bound Session [SessionImpl(996567140<open>)] for Hibernate transaction
16:13:13.026 [main] DEBUG org.springframework.orm.hibernate5.HibernateTransactionManager - Participating in existing transaction
16:13:13.028 [main] DEBUG org.openmrs.api.db.hibernate.HibernateContextDAO - Candidate user id: 1
16:13:13.028 [main] DEBUG org.openmrs.User - User's base roles: [System Developer]
16:13:13.028 [main] DEBUG org.openmrs.User - User's base roles: [System Developer]
16:13:13.028 [main] DEBUG org.openmrs.api.context.UserContext - Authenticated as: admin
16:13:13.028 [main] DEBUG org.springframework.orm.hibernate5.HibernateTransactionManager - Found thread-bound Session [SessionImpl(996567140<open>)] for Hibernate transaction
16:13:13.028 [main] DEBUG org.springframework.orm.hibernate5.HibernateTransactionManager - Participating in existing transaction
16:13:13.029 [main] DEBUG org.springframework.web.servlet.mvc.method.annotation.RequestMappingHandlerMapping - Mapped to org.openmrs.module.webservices.rest.web.v1_0.controller.MainResourceController#retrieve(String, String, HttpServletRequest, HttpServletResponse)
16:13:13.029 [main] DEBUG org.openmrs.api.context.UserContext - Adding proxy privilege: Get Global Properties
16:13:13.029 [main] DEBUG org.openmrs.aop.AuthorizationAdvice - Calling authorization advice before getGlobalProperty
16:13:13.029 [main] DEBUG org.openmrs.aop.AuthorizationAdvice - User admin
16:13:13.029 [main] DEBUG org.openmrs.User - User's base roles: [System Developer]
16:13:13.029 [main] DEBUG org.openmrs.aop.AuthorizationAdvice - has roles [System Developer]
16:13:13.029 [main] DEBUG org.openmrs.api.context.UserContext - Adding proxy privilege: Get Roles
16:13:13.029 [main] DEBUG org.openmrs.api.context.UserContext - Checking 'Get Global Properties' against proxies: [Get Global Properties, Get Roles]
16:13:13.029 [main] DEBUG org.openmrs.aop.AuthorizationAdvice - User has privilege Get Global Properties? true
16:13:13.029 [main] DEBUG org.openmrs.api.context.UserContext - Removing privilege: Get Roles
16:13:13.029 [main] DEBUG org.springframework.orm.hibernate5.HibernateTransactionManager - Found thread-bound Session [SessionImpl(996567140<open>)] for Hibernate transaction
16:13:13.029 [main] DEBUG org.springframework.orm.hibernate5.HibernateTransactionManager - Participating in existing transaction
16:13:13.029 [main] DEBUG org.springframework.orm.hibernate5.HibernateTransactionManager - Found thread-bound Session [SessionImpl(996567140<open>)] for Hibernate transaction
16:13:13.029 [main] DEBUG org.springframework.orm.hibernate5.HibernateTransactionManager - Participating in existing transaction
16:13:13.029 [main] DEBUG org.openmrs.aop.AuthorizationAdvice - Calling authorization advice before getGlobalProperty
16:13:13.029 [main] DEBUG org.openmrs.aop.AuthorizationAdvice - User admin
16:13:13.029 [main] DEBUG org.openmrs.User - User's base roles: [System Developer]
16:13:13.029 [main] DEBUG org.openmrs.aop.AuthorizationAdvice - has roles [System Developer]
16:13:13.029 [main] DEBUG org.openmrs.api.context.UserContext - Adding proxy privilege: Get Roles
16:13:13.029 [main] DEBUG org.openmrs.api.context.UserContext - Checking 'Get Global Properties' against proxies: [Get Global Properties, Get Roles]
16:13:13.029 [main] DEBUG org.openmrs.aop.AuthorizationAdvice - User has privilege Get Global Properties? true
16:13:13.029 [main] DEBUG org.openmrs.api.context.UserContext - Removing privilege: Get Roles
16:13:13.029 [main] DEBUG org.springframework.orm.hibernate5.HibernateTransactionManager - Found thread-bound Session [SessionImpl(996567140<open>)] for Hibernate transaction
16:13:13.029 [main] DEBUG org.springframework.orm.hibernate5.HibernateTransactionManager - Participating in existing transaction
16:13:13.029 [main] DEBUG org.springframework.orm.hibernate5.HibernateTransactionManager - Found thread-bound Session [SessionImpl(996567140<open>)] for Hibernate transaction
16:13:13.029 [main] DEBUG org.springframework.orm.hibernate5.HibernateTransactionManager - Participating in existing transaction
16:13:13.030 [main] DEBUG org.openmrs.api.context.UserContext - Removing privilege: Get Global Properties
16:13:13.030 [main] DEBUG org.openmrs.aop.AuthorizationAdvice - Calling authorization advice before getResourceByName
16:13:13.030 [main] DEBUG org.openmrs.aop.AuthorizationAdvice - User admin
16:13:13.030 [main] DEBUG org.openmrs.User - User's base roles: [System Developer]
16:13:13.030 [main] DEBUG org.openmrs.aop.AuthorizationAdvice - has roles [System Developer]
16:13:13.030 [main] DEBUG org.openmrs.aop.AuthorizationAdvice - Calling authorization advice before getConceptReferenceTermByUuid
16:13:13.030 [main] DEBUG org.openmrs.aop.AuthorizationAdvice - User admin
16:13:13.030 [main] DEBUG org.openmrs.User - User's base roles: [System Developer]
16:13:13.030 [main] DEBUG org.openmrs.aop.AuthorizationAdvice - has roles [System Developer]
16:13:13.030 [main] DEBUG org.openmrs.api.context.UserContext - Adding proxy privilege: Get Roles
16:13:13.030 [main] DEBUG org.openmrs.api.context.UserContext - Checking 'Get Concept Reference Terms' against proxies: [Get Roles]
16:13:13.030 [main] DEBUG org.openmrs.User - User's base roles: [System Developer]
16:13:13.030 [main] DEBUG org.openmrs.aop.AuthorizationAdvice - User has privilege Get Concept Reference Terms? true
16:13:13.030 [main] DEBUG org.openmrs.api.context.UserContext - Removing privilege: Get Roles
16:13:13.030 [main] DEBUG org.springframework.orm.hibernate5.HibernateTransactionManager - Found thread-bound Session [SessionImpl(996567140<open>)] for Hibernate transaction
16:13:13.030 [main] DEBUG org.springframework.orm.hibernate5.HibernateTransactionManager - Participating in existing transaction
16:13:13.030 [main] DEBUG org.springframework.orm.hibernate5.HibernateTransactionManager - Found thread-bound Session [SessionImpl(996567140<open>)] for Hibernate transaction
16:13:13.030 [main] DEBUG org.springframework.orm.hibernate5.HibernateTransactionManager - Participating in existing transaction
16:13:13.031 [main] DEBUG org.openmrs.aop.AuthorizationAdvice - Calling authorization advice before getMessage
16:13:13.031 [main] DEBUG org.openmrs.aop.AuthorizationAdvice - User admin
16:13:13.031 [main] DEBUG org.openmrs.User - User's base roles: [System Developer]
16:13:13.031 [main] DEBUG org.openmrs.aop.AuthorizationAdvice - has roles [System Developer]
16:13:13.031 [main] DEBUG org.openmrs.aop.AuthorizationAdvice - Calling authorization advice before getMessage
16:13:13.031 [main] DEBUG org.openmrs.aop.AuthorizationAdvice - User admin
16:13:13.031 [main] DEBUG org.openmrs.User - User's base roles: [System Developer]
16:13:13.031 [main] DEBUG org.openmrs.aop.AuthorizationAdvice - has roles [System Developer]
16:13:13.031 [main] DEBUG org.springframework.web.servlet.mvc.method.annotation.RequestResponseBodyMethodProcessor - Using 'application/json', given [*/*] and supported [application/json, application/*+json, application/xml, text/xml, application/*+xml]
16:13:13.031 [main] DEBUG org.springframework.web.servlet.mvc.method.annotation.RequestResponseBodyMethodProcessor - Writing [{uuid=SSTRM-127689_3, display=Some Standardized Terminology: 127cd4689 (cd4died term2), name=cd4died (truncated)...]
16:13:13.032 [main] DEBUG org.openmrs.aop.AuthorizationAdvice - Calling authorization advice before getConceptReferenceTermByUuid
16:13:13.032 [main] DEBUG org.openmrs.aop.AuthorizationAdvice - User admin
16:13:13.032 [main] DEBUG org.openmrs.User - User's base roles: [System Developer]
16:13:13.032 [main] DEBUG org.openmrs.aop.AuthorizationAdvice - has roles [System Developer]
16:13:13.032 [main] DEBUG org.openmrs.api.context.UserContext - Adding proxy privilege: Get Roles
16:13:13.032 [main] DEBUG org.openmrs.api.context.UserContext - Checking 'Get Concept Reference Terms' against proxies: [Get Roles]
16:13:13.032 [main] DEBUG org.openmrs.User - User's base roles: [System Developer]
16:13:13.032 [main] DEBUG org.openmrs.aop.AuthorizationAdvice - User has privilege Get Concept Reference Terms? true
16:13:13.032 [main] DEBUG org.openmrs.api.context.UserContext - Removing privilege: Get Roles
16:13:13.032 [main] DEBUG org.springframework.orm.hibernate5.HibernateTransactionManager - Found thread-bound Session [SessionImpl(996567140<open>)] for Hibernate transaction
16:13:13.032 [main] DEBUG org.springframework.orm.hibernate5.HibernateTransactionManager - Participating in existing transaction
16:13:13.032 [main] DEBUG org.springframework.orm.hibernate5.HibernateTransactionManager - Found thread-bound Session [SessionImpl(996567140<open>)] for Hibernate transaction
16:13:13.032 [main] DEBUG org.springframework.orm.hibernate5.HibernateTransactionManager - Participating in existing transaction
16:13:13.033 [main] DEBUG org.springframework.orm.hibernate5.HibernateTransactionManager - Found thread-bound Session [SessionImpl(996567140<open>)] for Hibernate transaction
16:13:13.033 [main] DEBUG org.springframework.orm.hibernate5.HibernateTransactionManager - Participating in existing transaction
16:13:13.033 [main] DEBUG org.openmrs.api.context.Context - Clearing DB cache
16:13:13.033 [main] DEBUG org.openmrs.api.context.Context - Clearing API cache
16:13:13.033 [main] DEBUG org.openmrs.api.context.Context - Logging out : admin
16:13:13.033 [main] DEBUG org.openmrs.api.context.UserContext - setting user to null on logout
16:13:13.033 [main] DEBUG org.springframework.orm.hibernate5.HibernateTransactionManager - Initiating transaction rollback
16:13:13.033 [main] DEBUG org.springframework.orm.hibernate5.HibernateTransactionManager - Rolling back Hibernate transaction on Session [SessionImpl(996567140<open>)]
16:13:13.033 [main] DEBUG org.springframework.orm.hibernate5.HibernateTransactionManager - Closing Hibernate Session [SessionImpl(996567140<open>)] after transaction
16:13:13.033 [main] INFO org.springframework.test.context.transaction.TransactionContext - Rolled back transaction for test: [DefaultTestContext@569957fc testClass = ConceptReferenceTermController1_9Test, testInstance = org.openmrs.module.webservices.rest.web.v1_0.controller.openmrs1_9.ConceptReferenceTermController1_9Test@4ab531a6, testMethod = shouldGetAnConceptReferenceTermByUuid@ConceptReferenceTermController1_9Test, testException = [null], mergedContextConfiguration = [WebMergedContextConfiguration@51207894 testClass = ConceptReferenceTermController1_9Test, locations = '{classpath:applicationContext-service.xml, classpath*:TestingApplicationContext.xml, classpath*:moduleApplicationContext.xml, classpath*:openmrs-servlet.xml, classpath*:webModuleApplicationContext.xml}', classes = '{}', contextInitializerClasses = '[]', activeProfiles = '{}', propertySourceLocations = '{}', propertySourceProperties = '{}', contextCustomizers = set[[empty]], resourceBasePath = 'src/main/webapp', contextLoader = 'org.springframework.test.context.web.WebDelegatingSmartContextLoader', parent = [null]], attributes = map['org.springframework.test.context.web.ServletTestExecutionListener.populatedRequestContextHolder' -> true, 'org.springframework.test.context.web.ServletTestExecutionListener.resetRequestContextHolder' -> true, 'org.springframework.test.context.event.ApplicationEventsTestExecutionListener.recordApplicationEvents' -> false]]
]]></system-out>
  </testcase>
  <testcase name="shouldFindBySourceAndCodeOrName" classname="org.openmrs.module.webservices.rest.web.v1_0.controller.openmrs1_9.ConceptReferenceTermController1_9Test" time="0.01">
    <system-out><![CDATA[16:13:13.034 [main] DEBUG org.openmrs.test.BaseContextSensitiveTest - props: {connection.username=sa, connection.url=jdbc:h2:mem:openmrs;DB_CLOSE_DELAY=30;LOCK_TIMEOUT=10000, hibernate.connection.driver_class=org.h2.Driver, hibernate.dialect=org.hibernate.dialect.H2Dialect, connection.password=, hibernate.connection.username=sa, hibernate.hbm2ddl.auto=create-drop, hibernate.connection.url=jdbc:h2:mem:openmrs;DB_CLOSE_DELAY=30;LOCK_TIMEOUT=10000, hibernate.connection.password=}
16:13:13.034 [main] DEBUG org.springframework.orm.hibernate5.HibernateTransactionManager - Creating new transaction with name [org.openmrs.module.webservices.rest.web.v1_0.controller.openmrs1_9.ConceptReferenceTermController1_9Test.shouldFindBySourceAndCodeOrName]: PROPAGATION_REQUIRED,ISOLATION_DEFAULT
16:13:13.034 [main] DEBUG org.springframework.orm.hibernate5.HibernateTransactionManager - Opened new Session [SessionImpl(524196029<open>)] for Hibernate transaction
16:13:13.034 [main] DEBUG org.springframework.orm.hibernate5.HibernateTransactionManager - Exposing Hibernate transaction as JDBC [org.springframework.orm.hibernate5.HibernateTransactionManager$$Lambda$1394/0x00000007c0e3dc28@7121129a]
16:13:13.034 [main] INFO org.springframework.test.context.transaction.TransactionContext - Began transaction (1) for test context [DefaultTestContext@569957fc testClass = ConceptReferenceTermController1_9Test, testInstance = org.openmrs.module.webservices.rest.web.v1_0.controller.openmrs1_9.ConceptReferenceTermController1_9Test@1158bbe8, testMethod = shouldFindBySourceAndCodeOrName@ConceptReferenceTermController1_9Test, testException = [null], mergedContextConfiguration = [WebMergedContextConfiguration@51207894 testClass = ConceptReferenceTermController1_9Test, locations = '{classpath:applicationContext-service.xml, classpath*:TestingApplicationContext.xml, classpath*:moduleApplicationContext.xml, classpath*:openmrs-servlet.xml, classpath*:webModuleApplicationContext.xml}', classes = '{}', contextInitializerClasses = '[]', activeProfiles = '{}', propertySourceLocations = '{}', propertySourceProperties = '{}', contextCustomizers = set[[empty]], resourceBasePath = 'src/main/webapp', contextLoader = 'org.springframework.test.context.web.WebDelegatingSmartContextLoader', parent = [null]], attributes = map['org.springframework.test.context.web.ServletTestExecutionListener.populatedRequestContextHolder' -> true, 'org.springframework.test.context.web.ServletTestExecutionListener.resetRequestContextHolder' -> true, 'org.springframework.test.context.event.ApplicationEventsTestExecutionListener.recordApplicationEvents' -> false]]; transaction manager [org.springframework.orm.hibernate5.HibernateTransactionManager@f47a569]; rollback [true]
16:13:13.035 [main] DEBUG org.openmrs.api.context.UserContext - Authenticating client 'admin' with scheme 'OPENMRS_USERPASS_AUTH_SCHEME'
16:13:13.035 [main] DEBUG org.openmrs.api.context.UsernamePasswordAuthenticationScheme - Authenticating client: admin
16:13:13.035 [main] DEBUG org.springframework.orm.hibernate5.HibernateTransactionManager - Found thread-bound Session [SessionImpl(524196029<open>)] for Hibernate transaction
16:13:13.035 [main] DEBUG org.springframework.orm.hibernate5.HibernateTransactionManager - Participating in existing transaction
16:13:13.036 [main] DEBUG org.openmrs.api.db.hibernate.HibernateContextDAO - Candidate user id: 1
16:13:13.036 [main] DEBUG org.openmrs.User - User's base roles: [System Developer]
16:13:13.036 [main] DEBUG org.openmrs.User - User's base roles: [System Developer]
16:13:13.036 [main] DEBUG org.openmrs.api.context.UserContext - Authenticated as: admin
16:13:13.036 [main] DEBUG org.springframework.orm.hibernate5.HibernateTransactionManager - Found thread-bound Session [SessionImpl(524196029<open>)] for Hibernate transaction
16:13:13.036 [main] DEBUG org.springframework.orm.hibernate5.HibernateTransactionManager - Participating in existing transaction
16:13:13.037 [main] DEBUG org.springframework.web.servlet.mvc.method.annotation.RequestMappingHandlerMapping - Mapped to org.openmrs.module.webservices.rest.web.v1_0.controller.MainResourceController#get(String, HttpServletRequest, HttpServletResponse)
16:13:13.037 [main] DEBUG org.openmrs.aop.AuthorizationAdvice - Calling authorization advice before getResourceByName
16:13:13.037 [main] DEBUG org.openmrs.aop.AuthorizationAdvice - User admin
16:13:13.037 [main] DEBUG org.openmrs.User - User's base roles: [System Developer]
16:13:13.037 [main] DEBUG org.openmrs.aop.AuthorizationAdvice - has roles [System Developer]
16:13:13.037 [main] DEBUG org.openmrs.api.context.UserContext - Adding proxy privilege: Get Global Properties
16:13:13.037 [main] DEBUG org.openmrs.aop.AuthorizationAdvice - Calling authorization advice before getGlobalProperty
16:13:13.037 [main] DEBUG org.openmrs.aop.AuthorizationAdvice - User admin
16:13:13.037 [main] DEBUG org.openmrs.User - User's base roles: [System Developer]
16:13:13.037 [main] DEBUG org.openmrs.aop.AuthorizationAdvice - has roles [System Developer]
16:13:13.037 [main] DEBUG org.openmrs.api.context.UserContext - Adding proxy privilege: Get Roles
16:13:13.037 [main] DEBUG org.openmrs.api.context.UserContext - Checking 'Get Global Properties' against proxies: [Get Global Properties, Get Roles]
16:13:13.037 [main] DEBUG org.openmrs.aop.AuthorizationAdvice - User has privilege Get Global Properties? true
16:13:13.037 [main] DEBUG org.openmrs.api.context.UserContext - Removing privilege: Get Roles
16:13:13.037 [main] DEBUG org.springframework.orm.hibernate5.HibernateTransactionManager - Found thread-bound Session [SessionImpl(524196029<open>)] for Hibernate transaction
16:13:13.037 [main] DEBUG org.springframework.orm.hibernate5.HibernateTransactionManager - Participating in existing transaction
16:13:13.037 [main] DEBUG org.springframework.orm.hibernate5.HibernateTransactionManager - Found thread-bound Session [SessionImpl(524196029<open>)] for Hibernate transaction
16:13:13.037 [main] DEBUG org.springframework.orm.hibernate5.HibernateTransactionManager - Participating in existing transaction
16:13:13.037 [main] DEBUG org.openmrs.aop.AuthorizationAdvice - Calling authorization advice before getGlobalProperty
16:13:13.037 [main] DEBUG org.openmrs.aop.AuthorizationAdvice - User admin
16:13:13.037 [main] DEBUG org.openmrs.User - User's base roles: [System Developer]
16:13:13.037 [main] DEBUG org.openmrs.aop.AuthorizationAdvice - has roles [System Developer]
16:13:13.037 [main] DEBUG org.openmrs.api.context.UserContext - Adding proxy privilege: Get Roles
16:13:13.037 [main] DEBUG org.openmrs.api.context.UserContext - Checking 'Get Global Properties' against proxies: [Get Global Properties, Get Roles]
16:13:13.037 [main] DEBUG org.openmrs.aop.AuthorizationAdvice - User has privilege Get Global Properties? true
16:13:13.037 [main] DEBUG org.openmrs.api.context.UserContext - Removing privilege: Get Roles
16:13:13.037 [main] DEBUG org.springframework.orm.hibernate5.HibernateTransactionManager - Found thread-bound Session [SessionImpl(524196029<open>)] for Hibernate transaction
16:13:13.037 [main] DEBUG org.springframework.orm.hibernate5.HibernateTransactionManager - Participating in existing transaction
16:13:13.037 [main] DEBUG org.springframework.orm.hibernate5.HibernateTransactionManager - Found thread-bound Session [SessionImpl(524196029<open>)] for Hibernate transaction
16:13:13.037 [main] DEBUG org.springframework.orm.hibernate5.HibernateTransactionManager - Participating in existing transaction
16:13:13.038 [main] DEBUG org.openmrs.api.context.UserContext - Removing privilege: Get Global Properties
16:13:13.038 [main] DEBUG org.openmrs.aop.AuthorizationAdvice - Calling authorization advice before getRepresentation
16:13:13.038 [main] DEBUG org.openmrs.aop.AuthorizationAdvice - User admin
16:13:13.038 [main] DEBUG org.openmrs.User - User's base roles: [System Developer]
16:13:13.038 [main] DEBUG org.openmrs.aop.AuthorizationAdvice - has roles [System Developer]
16:13:13.038 [main] DEBUG org.openmrs.aop.AuthorizationAdvice - Calling authorization advice before getSearchHandler
16:13:13.038 [main] DEBUG org.openmrs.aop.AuthorizationAdvice - User admin
16:13:13.038 [main] DEBUG org.openmrs.User - User's base roles: [System Developer]
16:13:13.038 [main] DEBUG org.openmrs.aop.AuthorizationAdvice - has roles [System Developer]
16:13:13.038 [main] DEBUG org.openmrs.aop.AuthorizationAdvice - Calling authorization advice before getConceptSourceByUuid
16:13:13.038 [main] DEBUG org.openmrs.aop.AuthorizationAdvice - User admin
16:13:13.038 [main] DEBUG org.openmrs.User - User's base roles: [System Developer]
16:13:13.038 [main] DEBUG org.openmrs.aop.AuthorizationAdvice - has roles [System Developer]
16:13:13.038 [main] DEBUG org.openmrs.api.context.UserContext - Adding proxy privilege: Get Roles
16:13:13.039 [main] DEBUG org.openmrs.api.context.UserContext - Checking 'Get Concept Sources' against proxies: [Get Roles]
16:13:13.039 [main] DEBUG org.openmrs.User - User's base roles: [System Developer]
16:13:13.039 [main] DEBUG org.openmrs.aop.AuthorizationAdvice - User has privilege Get Concept Sources? true
16:13:13.039 [main] DEBUG org.openmrs.api.context.UserContext - Removing privilege: Get Roles
16:13:13.039 [main] DEBUG org.springframework.orm.hibernate5.HibernateTransactionManager - Found thread-bound Session [SessionImpl(524196029<open>)] for Hibernate transaction
16:13:13.039 [main] DEBUG org.springframework.orm.hibernate5.HibernateTransactionManager - Participating in existing transaction
16:13:13.039 [main] DEBUG org.springframework.orm.hibernate5.HibernateTransactionManager - Found thread-bound Session [SessionImpl(524196029<open>)] for Hibernate transaction
16:13:13.039 [main] DEBUG org.springframework.orm.hibernate5.HibernateTransactionManager - Participating in existing transaction
16:13:13.039 [main] DEBUG org.openmrs.aop.AuthorizationAdvice - Calling authorization advice before getConceptSourceByName
16:13:13.039 [main] DEBUG org.openmrs.aop.AuthorizationAdvice - User admin
16:13:13.039 [main] DEBUG org.openmrs.User - User's base roles: [System Developer]
16:13:13.039 [main] DEBUG org.openmrs.aop.AuthorizationAdvice - has roles [System Developer]
16:13:13.039 [main] DEBUG org.openmrs.api.context.UserContext - Adding proxy privilege: Get Roles
16:13:13.039 [main] DEBUG org.openmrs.api.context.UserContext - Checking 'Get Concept Sources' against proxies: [Get Roles]
16:13:13.039 [main] DEBUG org.openmrs.User - User's base roles: [System Developer]
16:13:13.039 [main] DEBUG org.openmrs.aop.AuthorizationAdvice - User has privilege Get Concept Sources? true
16:13:13.039 [main] DEBUG org.openmrs.api.context.UserContext - Removing privilege: Get Roles
16:13:13.039 [main] DEBUG org.springframework.orm.hibernate5.HibernateTransactionManager - Found thread-bound Session [SessionImpl(524196029<open>)] for Hibernate transaction
16:13:13.039 [main] DEBUG org.springframework.orm.hibernate5.HibernateTransactionManager - Participating in existing transaction
16:13:13.039 [main] DEBUG org.springframework.orm.hibernate5.HibernateTransactionManager - Found thread-bound Session [SessionImpl(524196029<open>)] for Hibernate transaction
16:13:13.039 [main] DEBUG org.springframework.orm.hibernate5.HibernateTransactionManager - Participating in existing transaction
16:13:13.039 [main] DEBUG org.openmrs.aop.AuthorizationAdvice - Calling authorization advice before getConceptReferenceTermByCode
16:13:13.040 [main] DEBUG org.openmrs.aop.AuthorizationAdvice - User admin
16:13:13.040 [main] DEBUG org.openmrs.User - User's base roles: [System Developer]
16:13:13.040 [main] DEBUG org.openmrs.aop.AuthorizationAdvice - has roles [System Developer]
16:13:13.040 [main] DEBUG org.openmrs.api.context.UserContext - Adding proxy privilege: Get Roles
16:13:13.040 [main] DEBUG org.openmrs.api.context.UserContext - Checking 'Get Concept Reference Terms' against proxies: [Get Roles]
16:13:13.040 [main] DEBUG org.openmrs.User - User's base roles: [System Developer]
16:13:13.040 [main] DEBUG org.openmrs.aop.AuthorizationAdvice - User has privilege Get Concept Reference Terms? true
16:13:13.040 [main] DEBUG org.openmrs.api.context.UserContext - Removing privilege: Get Roles
16:13:13.040 [main] DEBUG org.springframework.orm.hibernate5.HibernateTransactionManager - Found thread-bound Session [SessionImpl(524196029<open>)] for Hibernate transaction
16:13:13.040 [main] DEBUG org.springframework.orm.hibernate5.HibernateTransactionManager - Participating in existing transaction
16:13:13.040 [main] DEBUG org.springframework.orm.hibernate5.HibernateTransactionManager - Found thread-bound Session [SessionImpl(524196029<open>)] for Hibernate transaction
16:13:13.040 [main] DEBUG org.springframework.orm.hibernate5.HibernateTransactionManager - Participating in existing transaction
16:13:13.041 [main] DEBUG org.openmrs.aop.AuthorizationAdvice - Calling authorization advice before getMessage
16:13:13.041 [main] DEBUG org.openmrs.aop.AuthorizationAdvice - User admin
16:13:13.041 [main] DEBUG org.openmrs.User - User's base roles: [System Developer]
16:13:13.041 [main] DEBUG org.openmrs.aop.AuthorizationAdvice - has roles [System Developer]
16:13:13.042 [main] DEBUG org.openmrs.aop.AuthorizationAdvice - Calling authorization advice before getMessage
16:13:13.042 [main] DEBUG org.openmrs.aop.AuthorizationAdvice - User admin
16:13:13.042 [main] DEBUG org.openmrs.User - User's base roles: [System Developer]
16:13:13.042 [main] DEBUG org.openmrs.aop.AuthorizationAdvice - has roles [System Developer]
16:13:13.042 [main] DEBUG org.openmrs.aop.AuthorizationAdvice - Calling authorization advice before getResourceByName
16:13:13.042 [main] DEBUG org.openmrs.aop.AuthorizationAdvice - User admin
16:13:13.042 [main] DEBUG org.openmrs.User - User's base roles: [System Developer]
16:13:13.042 [main] DEBUG org.openmrs.aop.AuthorizationAdvice - has roles [System Developer]
16:13:13.043 [main] DEBUG org.springframework.web.servlet.mvc.method.annotation.RequestResponseBodyMethodProcessor - Using 'application/json', given [*/*] and supported [application/json, application/*+json, application/xml, text/xml, application/*+xml]
16:13:13.043 [main] DEBUG org.springframework.web.servlet.mvc.method.annotation.RequestResponseBodyMethodProcessor - Writing [{results=[{uuid=SSTRM-WGT234, display=Some Standardized Terminology: WGT234 (weight term), name=weig (truncated)...]
16:13:13.044 [main] DEBUG org.springframework.orm.hibernate5.HibernateTransactionManager - Found thread-bound Session [SessionImpl(524196029<open>)] for Hibernate transaction
16:13:13.044 [main] DEBUG org.springframework.orm.hibernate5.HibernateTransactionManager - Participating in existing transaction
16:13:13.044 [main] DEBUG org.openmrs.api.context.Context - Clearing DB cache
16:13:13.044 [main] DEBUG org.openmrs.api.context.Context - Clearing API cache
16:13:13.044 [main] DEBUG org.openmrs.api.context.Context - Logging out : admin
16:13:13.044 [main] DEBUG org.openmrs.api.context.UserContext - setting user to null on logout
16:13:13.044 [main] DEBUG org.springframework.orm.hibernate5.HibernateTransactionManager - Initiating transaction rollback
16:13:13.044 [main] DEBUG org.springframework.orm.hibernate5.HibernateTransactionManager - Rolling back Hibernate transaction on Session [SessionImpl(524196029<open>)]
16:13:13.044 [main] DEBUG org.springframework.orm.hibernate5.HibernateTransactionManager - Closing Hibernate Session [SessionImpl(524196029<open>)] after transaction
16:13:13.044 [main] INFO org.springframework.test.context.transaction.TransactionContext - Rolled back transaction for test: [DefaultTestContext@569957fc testClass = ConceptReferenceTermController1_9Test, testInstance = org.openmrs.module.webservices.rest.web.v1_0.controller.openmrs1_9.ConceptReferenceTermController1_9Test@1158bbe8, testMethod = shouldFindBySourceAndCodeOrName@ConceptReferenceTermController1_9Test, testException = [null], mergedContextConfiguration = [WebMergedContextConfiguration@51207894 testClass = ConceptReferenceTermController1_9Test, locations = '{classpath:applicationContext-service.xml, classpath*:TestingApplicationContext.xml, classpath*:moduleApplicationContext.xml, classpath*:openmrs-servlet.xml, classpath*:webModuleApplicationContext.xml}', classes = '{}', contextInitializerClasses = '[]', activeProfiles = '{}', propertySourceLocations = '{}', propertySourceProperties = '{}', contextCustomizers = set[[empty]], resourceBasePath = 'src/main/webapp', contextLoader = 'org.springframework.test.context.web.WebDelegatingSmartContextLoader', parent = [null]], attributes = map['org.springframework.test.context.web.ServletTestExecutionListener.populatedRequestContextHolder' -> true, 'org.springframework.test.context.web.ServletTestExecutionListener.resetRequestContextHolder' -> true, 'org.springframework.test.context.event.ApplicationEventsTestExecutionListener.recordApplicationEvents' -> false]]
]]></system-out>
  </testcase>
  <testcase name="shouldFindBySourceAndCodeOrNameAlikeNameWithPaging" classname="org.openmrs.module.webservices.rest.web.v1_0.controller.openmrs1_9.ConceptReferenceTermController1_9Test" time="0.02">
    <system-out><![CDATA[16:13:13.045 [main] DEBUG org.openmrs.test.BaseContextSensitiveTest - props: {connection.username=sa, connection.url=jdbc:h2:mem:openmrs;DB_CLOSE_DELAY=30;LOCK_TIMEOUT=10000, hibernate.connection.driver_class=org.h2.Driver, hibernate.dialect=org.hibernate.dialect.H2Dialect, connection.password=, hibernate.connection.username=sa, hibernate.hbm2ddl.auto=create-drop, hibernate.connection.url=jdbc:h2:mem:openmrs;DB_CLOSE_DELAY=30;LOCK_TIMEOUT=10000, hibernate.connection.password=}
16:13:13.045 [main] DEBUG org.springframework.orm.hibernate5.HibernateTransactionManager - Creating new transaction with name [org.openmrs.module.webservices.rest.web.v1_0.controller.openmrs1_9.ConceptReferenceTermController1_9Test.shouldFindBySourceAndCodeOrNameAlikeNameWithPaging]: PROPAGATION_REQUIRED,ISOLATION_DEFAULT
16:13:13.045 [main] DEBUG org.springframework.orm.hibernate5.HibernateTransactionManager - Opened new Session [SessionImpl(1270899763<open>)] for Hibernate transaction
16:13:13.045 [main] DEBUG org.springframework.orm.hibernate5.HibernateTransactionManager - Exposing Hibernate transaction as JDBC [org.springframework.orm.hibernate5.HibernateTransactionManager$$Lambda$1394/0x00000007c0e3dc28@44dbf01a]
16:13:13.045 [main] INFO org.springframework.test.context.transaction.TransactionContext - Began transaction (1) for test context [DefaultTestContext@569957fc testClass = ConceptReferenceTermController1_9Test, testInstance = org.openmrs.module.webservices.rest.web.v1_0.controller.openmrs1_9.ConceptReferenceTermController1_9Test@3a5775a6, testMethod = shouldFindBySourceAndCodeOrNameAlikeNameWithPaging@ConceptReferenceTermController1_9Test, testException = [null], mergedContextConfiguration = [WebMergedContextConfiguration@51207894 testClass = ConceptReferenceTermController1_9Test, locations = '{classpath:applicationContext-service.xml, classpath*:TestingApplicationContext.xml, classpath*:moduleApplicationContext.xml, classpath*:openmrs-servlet.xml, classpath*:webModuleApplicationContext.xml}', classes = '{}', contextInitializerClasses = '[]', activeProfiles = '{}', propertySourceLocations = '{}', propertySourceProperties = '{}', contextCustomizers = set[[empty]], resourceBasePath = 'src/main/webapp', contextLoader = 'org.springframework.test.context.web.WebDelegatingSmartContextLoader', parent = [null]], attributes = map['org.springframework.test.context.web.ServletTestExecutionListener.populatedRequestContextHolder' -> true, 'org.springframework.test.context.web.ServletTestExecutionListener.resetRequestContextHolder' -> true, 'org.springframework.test.context.event.ApplicationEventsTestExecutionListener.recordApplicationEvents' -> false]]; transaction manager [org.springframework.orm.hibernate5.HibernateTransactionManager@f47a569]; rollback [true]
16:13:13.046 [main] DEBUG org.openmrs.api.context.UserContext - Authenticating client 'admin' with scheme 'OPENMRS_USERPASS_AUTH_SCHEME'
16:13:13.046 [main] DEBUG org.openmrs.api.context.UsernamePasswordAuthenticationScheme - Authenticating client: admin
16:13:13.046 [main] DEBUG org.springframework.orm.hibernate5.HibernateTransactionManager - Found thread-bound Session [SessionImpl(1270899763<open>)] for Hibernate transaction
16:13:13.046 [main] DEBUG org.springframework.orm.hibernate5.HibernateTransactionManager - Participating in existing transaction
16:13:13.047 [main] DEBUG org.openmrs.api.db.hibernate.HibernateContextDAO - Candidate user id: 1
16:13:13.047 [main] DEBUG org.openmrs.User - User's base roles: [System Developer]
16:13:13.047 [main] DEBUG org.openmrs.User - User's base roles: [System Developer]
16:13:13.047 [main] DEBUG org.openmrs.api.context.UserContext - Authenticated as: admin
16:13:13.047 [main] DEBUG org.springframework.orm.hibernate5.HibernateTransactionManager - Found thread-bound Session [SessionImpl(1270899763<open>)] for Hibernate transaction
16:13:13.047 [main] DEBUG org.springframework.orm.hibernate5.HibernateTransactionManager - Participating in existing transaction
16:13:13.047 [main] DEBUG org.springframework.web.servlet.mvc.method.annotation.RequestMappingHandlerMapping - Mapped to org.openmrs.module.webservices.rest.web.v1_0.controller.MainResourceController#get(String, HttpServletRequest, HttpServletResponse)
16:13:13.047 [main] DEBUG org.openmrs.aop.AuthorizationAdvice - Calling authorization advice before getResourceByName
16:13:13.047 [main] DEBUG org.openmrs.aop.AuthorizationAdvice - User admin
16:13:13.047 [main] DEBUG org.openmrs.User - User's base roles: [System Developer]
16:13:13.047 [main] DEBUG org.openmrs.aop.AuthorizationAdvice - has roles [System Developer]
16:13:13.047 [main] DEBUG org.openmrs.api.context.UserContext - Adding proxy privilege: Get Global Properties
16:13:13.047 [main] DEBUG org.openmrs.aop.AuthorizationAdvice - Calling authorization advice before getGlobalProperty
16:13:13.048 [main] DEBUG org.openmrs.aop.AuthorizationAdvice - User admin
16:13:13.048 [main] DEBUG org.openmrs.User - User's base roles: [System Developer]
16:13:13.048 [main] DEBUG org.openmrs.aop.AuthorizationAdvice - has roles [System Developer]
16:13:13.048 [main] DEBUG org.openmrs.api.context.UserContext - Adding proxy privilege: Get Roles
16:13:13.048 [main] DEBUG org.openmrs.api.context.UserContext - Checking 'Get Global Properties' against proxies: [Get Global Properties, Get Roles]
16:13:13.048 [main] DEBUG org.openmrs.aop.AuthorizationAdvice - User has privilege Get Global Properties? true
16:13:13.048 [main] DEBUG org.openmrs.api.context.UserContext - Removing privilege: Get Roles
16:13:13.048 [main] DEBUG org.springframework.orm.hibernate5.HibernateTransactionManager - Found thread-bound Session [SessionImpl(1270899763<open>)] for Hibernate transaction
16:13:13.048 [main] DEBUG org.springframework.orm.hibernate5.HibernateTransactionManager - Participating in existing transaction
16:13:13.048 [main] DEBUG org.springframework.orm.hibernate5.HibernateTransactionManager - Found thread-bound Session [SessionImpl(1270899763<open>)] for Hibernate transaction
16:13:13.048 [main] DEBUG org.springframework.orm.hibernate5.HibernateTransactionManager - Participating in existing transaction
16:13:13.048 [main] DEBUG org.openmrs.aop.AuthorizationAdvice - Calling authorization advice before getGlobalProperty
16:13:13.048 [main] DEBUG org.openmrs.aop.AuthorizationAdvice - User admin
16:13:13.048 [main] DEBUG org.openmrs.User - User's base roles: [System Developer]
16:13:13.048 [main] DEBUG org.openmrs.aop.AuthorizationAdvice - has roles [System Developer]
16:13:13.048 [main] DEBUG org.openmrs.api.context.UserContext - Adding proxy privilege: Get Roles
16:13:13.048 [main] DEBUG org.openmrs.api.context.UserContext - Checking 'Get Global Properties' against proxies: [Get Global Properties, Get Roles]
16:13:13.048 [main] DEBUG org.openmrs.aop.AuthorizationAdvice - User has privilege Get Global Properties? true
16:13:13.048 [main] DEBUG org.openmrs.api.context.UserContext - Removing privilege: Get Roles
16:13:13.048 [main] DEBUG org.springframework.orm.hibernate5.HibernateTransactionManager - Found thread-bound Session [SessionImpl(1270899763<open>)] for Hibernate transaction
16:13:13.048 [main] DEBUG org.springframework.orm.hibernate5.HibernateTransactionManager - Participating in existing transaction
16:13:13.048 [main] DEBUG org.springframework.orm.hibernate5.HibernateTransactionManager - Found thread-bound Session [SessionImpl(1270899763<open>)] for Hibernate transaction
16:13:13.048 [main] DEBUG org.springframework.orm.hibernate5.HibernateTransactionManager - Participating in existing transaction
16:13:13.048 [main] DEBUG org.openmrs.api.context.UserContext - Removing privilege: Get Global Properties
16:13:13.048 [main] DEBUG org.openmrs.aop.AuthorizationAdvice - Calling authorization advice before getRepresentation
16:13:13.048 [main] DEBUG org.openmrs.aop.AuthorizationAdvice - User admin
16:13:13.048 [main] DEBUG org.openmrs.User - User's base roles: [System Developer]
16:13:13.048 [main] DEBUG org.openmrs.aop.AuthorizationAdvice - has roles [System Developer]
16:13:13.048 [main] DEBUG org.openmrs.api.context.UserContext - Adding proxy privilege: Get Global Properties
16:13:13.048 [main] DEBUG org.openmrs.aop.AuthorizationAdvice - Calling authorization advice before getGlobalProperty
16:13:13.049 [main] DEBUG org.openmrs.aop.AuthorizationAdvice - User admin
16:13:13.049 [main] DEBUG org.openmrs.User - User's base roles: [System Developer]
16:13:13.049 [main] DEBUG org.openmrs.aop.AuthorizationAdvice - has roles [System Developer]
16:13:13.049 [main] DEBUG org.openmrs.api.context.UserContext - Adding proxy privilege: Get Roles
16:13:13.049 [main] DEBUG org.openmrs.api.context.UserContext - Checking 'Get Global Properties' against proxies: [Get Global Properties, Get Roles]
16:13:13.049 [main] DEBUG org.openmrs.aop.AuthorizationAdvice - User has privilege Get Global Properties? true
16:13:13.049 [main] DEBUG org.openmrs.api.context.UserContext - Removing privilege: Get Roles
16:13:13.049 [main] DEBUG org.springframework.orm.hibernate5.HibernateTransactionManager - Found thread-bound Session [SessionImpl(1270899763<open>)] for Hibernate transaction
16:13:13.049 [main] DEBUG org.springframework.orm.hibernate5.HibernateTransactionManager - Participating in existing transaction
16:13:13.049 [main] DEBUG org.springframework.orm.hibernate5.HibernateTransactionManager - Found thread-bound Session [SessionImpl(1270899763<open>)] for Hibernate transaction
16:13:13.049 [main] DEBUG org.springframework.orm.hibernate5.HibernateTransactionManager - Participating in existing transaction
16:13:13.049 [main] DEBUG org.openmrs.aop.AuthorizationAdvice - Calling authorization advice before getGlobalProperty
16:13:13.049 [main] DEBUG org.openmrs.aop.AuthorizationAdvice - User admin
16:13:13.049 [main] DEBUG org.openmrs.User - User's base roles: [System Developer]
16:13:13.049 [main] DEBUG org.openmrs.aop.AuthorizationAdvice - has roles [System Developer]
16:13:13.049 [main] DEBUG org.openmrs.api.context.UserContext - Adding proxy privilege: Get Roles
16:13:13.049 [main] DEBUG org.openmrs.api.context.UserContext - Checking 'Get Global Properties' against proxies: [Get Global Properties, Get Roles]
16:13:13.049 [main] DEBUG org.openmrs.aop.AuthorizationAdvice - User has privilege Get Global Properties? true
16:13:13.049 [main] DEBUG org.openmrs.api.context.UserContext - Removing privilege: Get Roles
16:13:13.049 [main] DEBUG org.springframework.orm.hibernate5.HibernateTransactionManager - Found thread-bound Session [SessionImpl(1270899763<open>)] for Hibernate transaction
16:13:13.049 [main] DEBUG org.springframework.orm.hibernate5.HibernateTransactionManager - Participating in existing transaction
16:13:13.049 [main] DEBUG org.springframework.orm.hibernate5.HibernateTransactionManager - Found thread-bound Session [SessionImpl(1270899763<open>)] for Hibernate transaction
16:13:13.049 [main] DEBUG org.springframework.orm.hibernate5.HibernateTransactionManager - Participating in existing transaction
16:13:13.049 [main] DEBUG org.openmrs.api.context.UserContext - Removing privilege: Get Global Properties
16:13:13.049 [main] DEBUG org.openmrs.aop.AuthorizationAdvice - Calling authorization advice before getSearchHandler
16:13:13.049 [main] DEBUG org.openmrs.aop.AuthorizationAdvice - User admin
16:13:13.049 [main] DEBUG org.openmrs.User - User's base roles: [System Developer]
16:13:13.049 [main] DEBUG org.openmrs.aop.AuthorizationAdvice - has roles [System Developer]
16:13:13.049 [main] DEBUG org.openmrs.aop.AuthorizationAdvice - Calling authorization advice before getConceptSourceByUuid
16:13:13.050 [main] DEBUG org.openmrs.aop.AuthorizationAdvice - User admin
16:13:13.050 [main] DEBUG org.openmrs.User - User's base roles: [System Developer]
16:13:13.050 [main] DEBUG org.openmrs.aop.AuthorizationAdvice - has roles [System Developer]
16:13:13.050 [main] DEBUG org.openmrs.api.context.UserContext - Adding proxy privilege: Get Roles
16:13:13.050 [main] DEBUG org.openmrs.api.context.UserContext - Checking 'Get Concept Sources' against proxies: [Get Roles]
16:13:13.050 [main] DEBUG org.openmrs.User - User's base roles: [System Developer]
16:13:13.050 [main] DEBUG org.openmrs.aop.AuthorizationAdvice - User has privilege Get Concept Sources? true
16:13:13.050 [main] DEBUG org.openmrs.api.context.UserContext - Removing privilege: Get Roles
16:13:13.050 [main] DEBUG org.springframework.orm.hibernate5.HibernateTransactionManager - Found thread-bound Session [SessionImpl(1270899763<open>)] for Hibernate transaction
16:13:13.050 [main] DEBUG org.springframework.orm.hibernate5.HibernateTransactionManager - Participating in existing transaction
16:13:13.050 [main] DEBUG org.springframework.orm.hibernate5.HibernateTransactionManager - Found thread-bound Session [SessionImpl(1270899763<open>)] for Hibernate transaction
16:13:13.050 [main] DEBUG org.springframework.orm.hibernate5.HibernateTransactionManager - Participating in existing transaction
16:13:13.050 [main] DEBUG org.openmrs.aop.AuthorizationAdvice - Calling authorization advice before getConceptSourceByName
16:13:13.050 [main] DEBUG org.openmrs.aop.AuthorizationAdvice - User admin
16:13:13.050 [main] DEBUG org.openmrs.User - User's base roles: [System Developer]
16:13:13.050 [main] DEBUG org.openmrs.aop.AuthorizationAdvice - has roles [System Developer]
16:13:13.050 [main] DEBUG org.openmrs.api.context.UserContext - Adding proxy privilege: Get Roles
16:13:13.050 [main] DEBUG org.openmrs.api.context.UserContext - Checking 'Get Concept Sources' against proxies: [Get Roles]
16:13:13.050 [main] DEBUG org.openmrs.User - User's base roles: [System Developer]
16:13:13.050 [main] DEBUG org.openmrs.aop.AuthorizationAdvice - User has privilege Get Concept Sources? true
16:13:13.050 [main] DEBUG org.openmrs.api.context.UserContext - Removing privilege: Get Roles
16:13:13.050 [main] DEBUG org.springframework.orm.hibernate5.HibernateTransactionManager - Found thread-bound Session [SessionImpl(1270899763<open>)] for Hibernate transaction
16:13:13.050 [main] DEBUG org.springframework.orm.hibernate5.HibernateTransactionManager - Participating in existing transaction
16:13:13.050 [main] DEBUG org.springframework.orm.hibernate5.HibernateTransactionManager - Found thread-bound Session [SessionImpl(1270899763<open>)] for Hibernate transaction
16:13:13.050 [main] DEBUG org.springframework.orm.hibernate5.HibernateTransactionManager - Participating in existing transaction
16:13:13.050 [main] DEBUG org.openmrs.aop.AuthorizationAdvice - Calling authorization advice before getConceptReferenceTerms
16:13:13.051 [main] DEBUG org.openmrs.aop.AuthorizationAdvice - User admin
16:13:13.051 [main] DEBUG org.openmrs.User - User's base roles: [System Developer]
16:13:13.051 [main] DEBUG org.openmrs.aop.AuthorizationAdvice - has roles [System Developer]
16:13:13.051 [main] DEBUG org.openmrs.api.context.UserContext - Adding proxy privilege: Get Roles
16:13:13.051 [main] DEBUG org.openmrs.api.context.UserContext - Checking 'Get Concept Reference Terms' against proxies: [Get Roles]
16:13:13.051 [main] DEBUG org.openmrs.User - User's base roles: [System Developer]
16:13:13.051 [main] DEBUG org.openmrs.aop.AuthorizationAdvice - User has privilege Get Concept Reference Terms? true
16:13:13.051 [main] DEBUG org.openmrs.api.context.UserContext - Removing privilege: Get Roles
16:13:13.051 [main] DEBUG org.springframework.orm.hibernate5.HibernateTransactionManager - Found thread-bound Session [SessionImpl(1270899763<open>)] for Hibernate transaction
16:13:13.051 [main] DEBUG org.springframework.orm.hibernate5.HibernateTransactionManager - Participating in existing transaction
16:13:13.051 [main] DEBUG org.springframework.orm.hibernate5.HibernateTransactionManager - Found thread-bound Session [SessionImpl(1270899763<open>)] for Hibernate transaction
16:13:13.051 [main] DEBUG org.springframework.orm.hibernate5.HibernateTransactionManager - Participating in existing transaction
16:13:13.052 [main] DEBUG org.openmrs.aop.AuthorizationAdvice - Calling authorization advice before getCountOfConceptReferenceTerms
16:13:13.052 [main] DEBUG org.openmrs.aop.AuthorizationAdvice - User admin
16:13:13.052 [main] DEBUG org.openmrs.User - User's base roles: [System Developer]
16:13:13.052 [main] DEBUG org.openmrs.aop.AuthorizationAdvice - has roles [System Developer]
16:13:13.052 [main] DEBUG org.openmrs.api.context.UserContext - Adding proxy privilege: Get Roles
16:13:13.052 [main] DEBUG org.openmrs.api.context.UserContext - Checking 'Get Concept Reference Terms' against proxies: [Get Roles]
16:13:13.052 [main] DEBUG org.openmrs.User - User's base roles: [System Developer]
16:13:13.052 [main] DEBUG org.openmrs.aop.AuthorizationAdvice - User has privilege Get Concept Reference Terms? true
16:13:13.052 [main] DEBUG org.openmrs.api.context.UserContext - Removing privilege: Get Roles
16:13:13.052 [main] DEBUG org.springframework.orm.hibernate5.HibernateTransactionManager - Found thread-bound Session [SessionImpl(1270899763<open>)] for Hibernate transaction
16:13:13.052 [main] DEBUG org.springframework.orm.hibernate5.HibernateTransactionManager - Participating in existing transaction
16:13:13.052 [main] DEBUG org.springframework.orm.hibernate5.HibernateTransactionManager - Found thread-bound Session [SessionImpl(1270899763<open>)] for Hibernate transaction
16:13:13.052 [main] DEBUG org.springframework.orm.hibernate5.HibernateTransactionManager - Participating in existing transaction
16:13:13.053 [main] DEBUG org.openmrs.aop.AuthorizationAdvice - Calling authorization advice before getMessage
16:13:13.053 [main] DEBUG org.openmrs.aop.AuthorizationAdvice - User admin
16:13:13.053 [main] DEBUG org.openmrs.User - User's base roles: [System Developer]
16:13:13.053 [main] DEBUG org.openmrs.aop.AuthorizationAdvice - has roles [System Developer]
16:13:13.053 [main] DEBUG org.openmrs.aop.AuthorizationAdvice - Calling authorization advice before getMessage
16:13:13.053 [main] DEBUG org.openmrs.aop.AuthorizationAdvice - User admin
16:13:13.053 [main] DEBUG org.openmrs.User - User's base roles: [System Developer]
16:13:13.053 [main] DEBUG org.openmrs.aop.AuthorizationAdvice - has roles [System Developer]
16:13:13.053 [main] DEBUG org.openmrs.aop.AuthorizationAdvice - Calling authorization advice before getResourceByName
16:13:13.053 [main] DEBUG org.openmrs.aop.AuthorizationAdvice - User admin
16:13:13.053 [main] DEBUG org.openmrs.User - User's base roles: [System Developer]
16:13:13.053 [main] DEBUG org.openmrs.aop.AuthorizationAdvice - has roles [System Developer]
16:13:13.054 [main] DEBUG org.openmrs.aop.AuthorizationAdvice - Calling authorization advice before getMessage
16:13:13.054 [main] DEBUG org.openmrs.aop.AuthorizationAdvice - User admin
16:13:13.054 [main] DEBUG org.openmrs.User - User's base roles: [System Developer]
16:13:13.054 [main] DEBUG org.openmrs.aop.AuthorizationAdvice - has roles [System Developer]
16:13:13.054 [main] DEBUG org.openmrs.aop.AuthorizationAdvice - Calling authorization advice before getMessage
16:13:13.054 [main] DEBUG org.openmrs.aop.AuthorizationAdvice - User admin
16:13:13.054 [main] DEBUG org.openmrs.User - User's base roles: [System Developer]
16:13:13.054 [main] DEBUG org.openmrs.aop.AuthorizationAdvice - has roles [System Developer]
16:13:13.054 [main] DEBUG org.openmrs.aop.AuthorizationAdvice - Calling authorization advice before getResourceByName
16:13:13.054 [main] DEBUG org.openmrs.aop.AuthorizationAdvice - User admin
16:13:13.054 [main] DEBUG org.openmrs.User - User's base roles: [System Developer]
16:13:13.054 [main] DEBUG org.openmrs.aop.AuthorizationAdvice - has roles [System Developer]
16:13:13.055 [main] DEBUG org.springframework.web.servlet.mvc.method.annotation.RequestResponseBodyMethodProcessor - Using 'application/json', given [*/*] and supported [application/json, application/*+json, application/xml, text/xml, application/*+xml]
16:13:13.055 [main] DEBUG org.springframework.web.servlet.mvc.method.annotation.RequestResponseBodyMethodProcessor - Writing [{results=[{uuid=SSTRM_766554, display=Some Standardized Terminology: 766554 (no term name), name=no  (truncated)...]
16:13:13.056 [main] DEBUG org.springframework.web.servlet.mvc.method.annotation.RequestMappingHandlerMapping - Mapped to org.openmrs.module.webservices.rest.web.v1_0.controller.MainResourceController#get(String, HttpServletRequest, HttpServletResponse)
16:13:13.056 [main] DEBUG org.openmrs.aop.AuthorizationAdvice - Calling authorization advice before getResourceByName
16:13:13.057 [main] DEBUG org.openmrs.aop.AuthorizationAdvice - User admin
16:13:13.057 [main] DEBUG org.openmrs.User - User's base roles: [System Developer]
16:13:13.057 [main] DEBUG org.openmrs.aop.AuthorizationAdvice - has roles [System Developer]
16:13:13.057 [main] DEBUG org.openmrs.api.context.UserContext - Adding proxy privilege: Get Global Properties
16:13:13.057 [main] DEBUG org.openmrs.aop.AuthorizationAdvice - Calling authorization advice before getGlobalProperty
16:13:13.057 [main] DEBUG org.openmrs.aop.AuthorizationAdvice - User admin
16:13:13.057 [main] DEBUG org.openmrs.User - User's base roles: [System Developer]
16:13:13.057 [main] DEBUG org.openmrs.aop.AuthorizationAdvice - has roles [System Developer]
16:13:13.057 [main] DEBUG org.openmrs.api.context.UserContext - Adding proxy privilege: Get Roles
16:13:13.057 [main] DEBUG org.openmrs.api.context.UserContext - Checking 'Get Global Properties' against proxies: [Get Global Properties, Get Roles]
16:13:13.057 [main] DEBUG org.openmrs.aop.AuthorizationAdvice - User has privilege Get Global Properties? true
16:13:13.057 [main] DEBUG org.openmrs.api.context.UserContext - Removing privilege: Get Roles
16:13:13.057 [main] DEBUG org.springframework.orm.hibernate5.HibernateTransactionManager - Found thread-bound Session [SessionImpl(1270899763<open>)] for Hibernate transaction
16:13:13.057 [main] DEBUG org.springframework.orm.hibernate5.HibernateTransactionManager - Participating in existing transaction
16:13:13.057 [main] DEBUG org.springframework.orm.hibernate5.HibernateTransactionManager - Found thread-bound Session [SessionImpl(1270899763<open>)] for Hibernate transaction
16:13:13.057 [main] DEBUG org.springframework.orm.hibernate5.HibernateTransactionManager - Participating in existing transaction
16:13:13.057 [main] DEBUG org.openmrs.aop.AuthorizationAdvice - Calling authorization advice before getGlobalProperty
16:13:13.057 [main] DEBUG org.openmrs.aop.AuthorizationAdvice - User admin
16:13:13.057 [main] DEBUG org.openmrs.User - User's base roles: [System Developer]
16:13:13.057 [main] DEBUG org.openmrs.aop.AuthorizationAdvice - has roles [System Developer]
16:13:13.057 [main] DEBUG org.openmrs.api.context.UserContext - Adding proxy privilege: Get Roles
16:13:13.057 [main] DEBUG org.openmrs.api.context.UserContext - Checking 'Get Global Properties' against proxies: [Get Global Properties, Get Roles]
16:13:13.057 [main] DEBUG org.openmrs.aop.AuthorizationAdvice - User has privilege Get Global Properties? true
16:13:13.057 [main] DEBUG org.openmrs.api.context.UserContext - Removing privilege: Get Roles
16:13:13.057 [main] DEBUG org.springframework.orm.hibernate5.HibernateTransactionManager - Found thread-bound Session [SessionImpl(1270899763<open>)] for Hibernate transaction
16:13:13.057 [main] DEBUG org.springframework.orm.hibernate5.HibernateTransactionManager - Participating in existing transaction
16:13:13.057 [main] DEBUG org.springframework.orm.hibernate5.HibernateTransactionManager - Found thread-bound Session [SessionImpl(1270899763<open>)] for Hibernate transaction
16:13:13.057 [main] DEBUG org.springframework.orm.hibernate5.HibernateTransactionManager - Participating in existing transaction
16:13:13.058 [main] DEBUG org.openmrs.api.context.UserContext - Removing privilege: Get Global Properties
16:13:13.058 [main] DEBUG org.openmrs.aop.AuthorizationAdvice - Calling authorization advice before getRepresentation
16:13:13.058 [main] DEBUG org.openmrs.aop.AuthorizationAdvice - User admin
16:13:13.058 [main] DEBUG org.openmrs.User - User's base roles: [System Developer]
16:13:13.058 [main] DEBUG org.openmrs.aop.AuthorizationAdvice - has roles [System Developer]
16:13:13.058 [main] DEBUG org.openmrs.api.context.UserContext - Adding proxy privilege: Get Global Properties
16:13:13.058 [main] DEBUG org.openmrs.aop.AuthorizationAdvice - Calling authorization advice before getGlobalProperty
16:13:13.058 [main] DEBUG org.openmrs.aop.AuthorizationAdvice - User admin
16:13:13.058 [main] DEBUG org.openmrs.User - User's base roles: [System Developer]
16:13:13.058 [main] DEBUG org.openmrs.aop.AuthorizationAdvice - has roles [System Developer]
16:13:13.058 [main] DEBUG org.openmrs.api.context.UserContext - Adding proxy privilege: Get Roles
16:13:13.058 [main] DEBUG org.openmrs.api.context.UserContext - Checking 'Get Global Properties' against proxies: [Get Global Properties, Get Roles]
16:13:13.058 [main] DEBUG org.openmrs.aop.AuthorizationAdvice - User has privilege Get Global Properties? true
16:13:13.058 [main] DEBUG org.openmrs.api.context.UserContext - Removing privilege: Get Roles
16:13:13.058 [main] DEBUG org.springframework.orm.hibernate5.HibernateTransactionManager - Found thread-bound Session [SessionImpl(1270899763<open>)] for Hibernate transaction
16:13:13.058 [main] DEBUG org.springframework.orm.hibernate5.HibernateTransactionManager - Participating in existing transaction
16:13:13.058 [main] DEBUG org.springframework.orm.hibernate5.HibernateTransactionManager - Found thread-bound Session [SessionImpl(1270899763<open>)] for Hibernate transaction
16:13:13.058 [main] DEBUG org.springframework.orm.hibernate5.HibernateTransactionManager - Participating in existing transaction
16:13:13.058 [main] DEBUG org.openmrs.aop.AuthorizationAdvice - Calling authorization advice before getGlobalProperty
16:13:13.058 [main] DEBUG org.openmrs.aop.AuthorizationAdvice - User admin
16:13:13.058 [main] DEBUG org.openmrs.User - User's base roles: [System Developer]
16:13:13.058 [main] DEBUG org.openmrs.aop.AuthorizationAdvice - has roles [System Developer]
16:13:13.059 [main] DEBUG org.openmrs.api.context.UserContext - Adding proxy privilege: Get Roles
16:13:13.059 [main] DEBUG org.openmrs.api.context.UserContext - Checking 'Get Global Properties' against proxies: [Get Global Properties, Get Roles]
16:13:13.059 [main] DEBUG org.openmrs.aop.AuthorizationAdvice - User has privilege Get Global Properties? true
16:13:13.059 [main] DEBUG org.openmrs.api.context.UserContext - Removing privilege: Get Roles
16:13:13.059 [main] DEBUG org.springframework.orm.hibernate5.HibernateTransactionManager - Found thread-bound Session [SessionImpl(1270899763<open>)] for Hibernate transaction
16:13:13.059 [main] DEBUG org.springframework.orm.hibernate5.HibernateTransactionManager - Participating in existing transaction
16:13:13.059 [main] DEBUG org.springframework.orm.hibernate5.HibernateTransactionManager - Found thread-bound Session [SessionImpl(1270899763<open>)] for Hibernate transaction
16:13:13.059 [main] DEBUG org.springframework.orm.hibernate5.HibernateTransactionManager - Participating in existing transaction
16:13:13.059 [main] DEBUG org.openmrs.api.context.UserContext - Removing privilege: Get Global Properties
16:13:13.059 [main] DEBUG org.openmrs.aop.AuthorizationAdvice - Calling authorization advice before getSearchHandler
16:13:13.059 [main] DEBUG org.openmrs.aop.AuthorizationAdvice - User admin
16:13:13.059 [main] DEBUG org.openmrs.User - User's base roles: [System Developer]
16:13:13.059 [main] DEBUG org.openmrs.aop.AuthorizationAdvice - has roles [System Developer]
16:13:13.059 [main] DEBUG org.openmrs.aop.AuthorizationAdvice - Calling authorization advice before getConceptSourceByUuid
16:13:13.059 [main] DEBUG org.openmrs.aop.AuthorizationAdvice - User admin
16:13:13.059 [main] DEBUG org.openmrs.User - User's base roles: [System Developer]
16:13:13.059 [main] DEBUG org.openmrs.aop.AuthorizationAdvice - has roles [System Developer]
16:13:13.059 [main] DEBUG org.openmrs.api.context.UserContext - Adding proxy privilege: Get Roles
16:13:13.059 [main] DEBUG org.openmrs.api.context.UserContext - Checking 'Get Concept Sources' against proxies: [Get Roles]
16:13:13.059 [main] DEBUG org.openmrs.User - User's base roles: [System Developer]
16:13:13.059 [main] DEBUG org.openmrs.aop.AuthorizationAdvice - User has privilege Get Concept Sources? true
16:13:13.059 [main] DEBUG org.openmrs.api.context.UserContext - Removing privilege: Get Roles
16:13:13.059 [main] DEBUG org.springframework.orm.hibernate5.HibernateTransactionManager - Found thread-bound Session [SessionImpl(1270899763<open>)] for Hibernate transaction
16:13:13.059 [main] DEBUG org.springframework.orm.hibernate5.HibernateTransactionManager - Participating in existing transaction
16:13:13.059 [main] DEBUG org.springframework.orm.hibernate5.HibernateTransactionManager - Found thread-bound Session [SessionImpl(1270899763<open>)] for Hibernate transaction
16:13:13.059 [main] DEBUG org.springframework.orm.hibernate5.HibernateTransactionManager - Participating in existing transaction
16:13:13.059 [main] DEBUG org.openmrs.aop.AuthorizationAdvice - Calling authorization advice before getConceptSourceByName
16:13:13.059 [main] DEBUG org.openmrs.aop.AuthorizationAdvice - User admin
16:13:13.060 [main] DEBUG org.openmrs.User - User's base roles: [System Developer]
16:13:13.060 [main] DEBUG org.openmrs.aop.AuthorizationAdvice - has roles [System Developer]
16:13:13.060 [main] DEBUG org.openmrs.api.context.UserContext - Adding proxy privilege: Get Roles
16:13:13.060 [main] DEBUG org.openmrs.api.context.UserContext - Checking 'Get Concept Sources' against proxies: [Get Roles]
16:13:13.060 [main] DEBUG org.openmrs.User - User's base roles: [System Developer]
16:13:13.060 [main] DEBUG org.openmrs.aop.AuthorizationAdvice - User has privilege Get Concept Sources? true
16:13:13.060 [main] DEBUG org.openmrs.api.context.UserContext - Removing privilege: Get Roles
16:13:13.060 [main] DEBUG org.springframework.orm.hibernate5.HibernateTransactionManager - Found thread-bound Session [SessionImpl(1270899763<open>)] for Hibernate transaction
16:13:13.060 [main] DEBUG org.springframework.orm.hibernate5.HibernateTransactionManager - Participating in existing transaction
16:13:13.060 [main] DEBUG org.springframework.orm.hibernate5.HibernateTransactionManager - Found thread-bound Session [SessionImpl(1270899763<open>)] for Hibernate transaction
16:13:13.060 [main] DEBUG org.springframework.orm.hibernate5.HibernateTransactionManager - Participating in existing transaction
16:13:13.060 [main] DEBUG org.openmrs.aop.AuthorizationAdvice - Calling authorization advice before getConceptReferenceTerms
16:13:13.060 [main] DEBUG org.openmrs.aop.AuthorizationAdvice - User admin
16:13:13.060 [main] DEBUG org.openmrs.User - User's base roles: [System Developer]
16:13:13.060 [main] DEBUG org.openmrs.aop.AuthorizationAdvice - has roles [System Developer]
16:13:13.060 [main] DEBUG org.openmrs.api.context.UserContext - Adding proxy privilege: Get Roles
16:13:13.060 [main] DEBUG org.openmrs.api.context.UserContext - Checking 'Get Concept Reference Terms' against proxies: [Get Roles]
16:13:13.060 [main] DEBUG org.openmrs.User - User's base roles: [System Developer]
16:13:13.060 [main] DEBUG org.openmrs.aop.AuthorizationAdvice - User has privilege Get Concept Reference Terms? true
16:13:13.060 [main] DEBUG org.openmrs.api.context.UserContext - Removing privilege: Get Roles
16:13:13.060 [main] DEBUG org.springframework.orm.hibernate5.HibernateTransactionManager - Found thread-bound Session [SessionImpl(1270899763<open>)] for Hibernate transaction
16:13:13.060 [main] DEBUG org.springframework.orm.hibernate5.HibernateTransactionManager - Participating in existing transaction
16:13:13.060 [main] DEBUG org.springframework.orm.hibernate5.HibernateTransactionManager - Found thread-bound Session [SessionImpl(1270899763<open>)] for Hibernate transaction
16:13:13.060 [main] DEBUG org.springframework.orm.hibernate5.HibernateTransactionManager - Participating in existing transaction
16:13:13.061 [main] DEBUG org.openmrs.aop.AuthorizationAdvice - Calling authorization advice before getCountOfConceptReferenceTerms
16:13:13.061 [main] DEBUG org.openmrs.aop.AuthorizationAdvice - User admin
16:13:13.061 [main] DEBUG org.openmrs.User - User's base roles: [System Developer]
16:13:13.061 [main] DEBUG org.openmrs.aop.AuthorizationAdvice - has roles [System Developer]
[...]
16:13:13.230 [main] DEBUG org.springframework.orm.hibernate5.HibernateTransactionManager - Found thread-bound Session [SessionImpl(1093520261<open>)] for Hibernate transaction
16:13:13.230 [main] DEBUG org.springframework.orm.hibernate5.HibernateTransactionManager - Participating in existing transaction
16:13:13.230 [main] DEBUG org.openmrs.api.context.UserContext - Removing privilege: Get Global Properties
16:13:13.230 [main] DEBUG org.openmrs.aop.AuthorizationAdvice - Calling authorization advice before getResourceByName
16:13:13.230 [main] DEBUG org.openmrs.aop.AuthorizationAdvice - User admin
16:13:13.230 [main] DEBUG org.openmrs.User - User's base roles: [System Developer]
16:13:13.230 [main] DEBUG org.openmrs.aop.AuthorizationAdvice - has roles [System Developer]
16:13:13.230 [main] DEBUG org.openmrs.aop.AuthorizationAdvice - Calling authorization advice before getConceptReferenceTermByUuid
16:13:13.230 [main] DEBUG org.openmrs.aop.AuthorizationAdvice - User admin
16:13:13.230 [main] DEBUG org.openmrs.User - User's base roles: [System Developer]
16:13:13.230 [main] DEBUG org.openmrs.aop.AuthorizationAdvice - has roles [System Developer]
16:13:13.230 [main] DEBUG org.openmrs.api.context.UserContext - Adding proxy privilege: Get Roles
16:13:13.230 [main] DEBUG org.openmrs.api.context.UserContext - Checking 'Get Concept Reference Terms' against proxies: [Get Roles]
16:13:13.230 [main] DEBUG org.openmrs.User - User's base roles: [System Developer]
16:13:13.230 [main] DEBUG org.openmrs.aop.AuthorizationAdvice - User has privilege Get Concept Reference Terms? true
16:13:13.230 [main] DEBUG org.openmrs.api.context.UserContext - Removing privilege: Get Roles
16:13:13.230 [main] DEBUG org.springframework.orm.hibernate5.HibernateTransactionManager - Found thread-bound Session [SessionImpl(1093520261<open>)] for Hibernate transaction
16:13:13.230 [main] DEBUG org.springframework.orm.hibernate5.HibernateTransactionManager - Participating in existing transaction
16:13:13.230 [main] DEBUG org.springframework.orm.hibernate5.HibernateTransactionManager - Found thread-bound Session [SessionImpl(1093520261<open>)] for Hibernate transaction
16:13:13.230 [main] DEBUG org.springframework.orm.hibernate5.HibernateTransactionManager - Participating in existing transaction
16:13:13.230 [main] DEBUG org.openmrs.aop.AuthorizationAdvice - Calling authorization advice before getMessage
16:13:13.231 [main] DEBUG org.openmrs.aop.AuthorizationAdvice - User admin
16:13:13.231 [main] DEBUG org.openmrs.User - User's base roles: [System Developer]
16:13:13.231 [main] DEBUG org.openmrs.aop.AuthorizationAdvice - has roles [System Developer]
16:13:13.231 [main] DEBUG org.openmrs.aop.AuthorizationAdvice - Calling authorization advice before getMessage
16:13:13.231 [main] DEBUG org.openmrs.aop.AuthorizationAdvice - User admin
16:13:13.231 [main] DEBUG org.openmrs.User - User's base roles: [System Developer]
16:13:13.231 [main] DEBUG org.openmrs.aop.AuthorizationAdvice - has roles [System Developer]
16:13:13.231 [main] DEBUG org.springframework.web.servlet.mvc.method.annotation.RequestResponseBodyMethodProcessor - Using 'application/json', given [*/*] and supported [application/json, application/*+json, application/xml, text/xml, application/*+xml]
16:13:13.231 [main] DEBUG org.springframework.web.servlet.mvc.method.annotation.RequestResponseBodyMethodProcessor - Writing [{uuid=SSTRM-127689_3, display=Some Standardized Terminology: 127cd4689 (cd4died term2), name=cd4died (truncated)...]
16:13:13.232 [main] DEBUG org.springframework.orm.hibernate5.HibernateTransactionManager - Found thread-bound Session [SessionImpl(1093520261<open>)] for Hibernate transaction
16:13:13.232 [main] DEBUG org.springframework.orm.hibernate5.HibernateTransactionManager - Participating in existing transaction
16:13:13.232 [main] DEBUG org.openmrs.api.context.Context - Clearing DB cache
16:13:13.232 [main] DEBUG org.openmrs.api.context.Context - Clearing API cache
16:13:13.232 [main] DEBUG org.openmrs.api.context.Context - Logging out : admin
16:13:13.232 [main] DEBUG org.openmrs.api.context.UserContext - setting user to null on logout
16:13:13.232 [main] DEBUG org.springframework.orm.hibernate5.HibernateTransactionManager - Initiating transaction rollback
16:13:13.232 [main] DEBUG org.springframework.orm.hibernate5.HibernateTransactionManager - Rolling back Hibernate transaction on Session [SessionImpl(1093520261<open>)]
16:13:13.232 [main] DEBUG org.springframework.orm.hibernate5.HibernateTransactionManager - Closing Hibernate Session [SessionImpl(1093520261<open>)] after transaction
16:13:13.232 [main] INFO org.springframework.test.context.transaction.TransactionContext - Rolled back transaction for test: [DefaultTestContext@569957fc testClass = ConceptReferenceTermController1_9Test, testInstance = org.openmrs.module.webservices.rest.web.v1_0.controller.openmrs1_9.ConceptReferenceTermController1_9Test@126cba3b, testMethod = shouldGetDefaultByUuid@MainResourceControllerTest, testException = [null], mergedContextConfiguration = [WebMergedContextConfiguration@51207894 testClass = ConceptReferenceTermController1_9Test, locations = '{classpath:applicationContext-service.xml, classpath*:TestingApplicationContext.xml, classpath*:moduleApplicationContext.xml, classpath*:openmrs-servlet.xml, classpath*:webModuleApplicationContext.xml}', classes = '{}', contextInitializerClasses = '[]', activeProfiles = '{}', propertySourceLocations = '{}', propertySourceProperties = '{}', contextCustomizers = set[[empty]], resourceBasePath = 'src/main/webapp', contextLoader = 'org.springframework.test.context.web.WebDelegatingSmartContextLoader', parent = [null]], attributes = map['org.springframework.test.context.web.ServletTestExecutionListener.populatedRequestContextHolder' -> true, 'org.springframework.test.context.web.ServletTestExecutionListener.resetRequestContextHolder' -> true, 'org.springframework.test.context.event.ApplicationEventsTestExecutionListener.recordApplicationEvents' -> false]]
]]></system-out>
  </testcase>
  <testcase name="shouldGetFullByUuid" classname="org.openmrs.module.webservices.rest.web.v1_0.controller.openmrs1_9.ConceptReferenceTermController1_9Test" time="0.005">
    <system-out><![CDATA[16:13:13.233 [main] DEBUG org.openmrs.test.BaseContextSensitiveTest - props: {connection.username=sa, connection.url=jdbc:h2:mem:openmrs;DB_CLOSE_DELAY=30;LOCK_TIMEOUT=10000, hibernate.connection.driver_class=org.h2.Driver, hibernate.dialect=org.hibernate.dialect.H2Dialect, connection.password=, hibernate.connection.username=sa, hibernate.hbm2ddl.auto=create-drop, hibernate.connection.url=jdbc:h2:mem:openmrs;DB_CLOSE_DELAY=30;LOCK_TIMEOUT=10000, hibernate.connection.password=}
16:13:13.233 [main] DEBUG org.springframework.orm.hibernate5.HibernateTransactionManager - Creating new transaction with name [org.openmrs.module.webservices.rest.web.v1_0.controller.openmrs1_9.ConceptReferenceTermController1_9Test.shouldGetFullByUuid]: PROPAGATION_REQUIRED,ISOLATION_DEFAULT
16:13:13.233 [main] DEBUG org.springframework.orm.hibernate5.HibernateTransactionManager - Opened new Session [SessionImpl(1624438343<open>)] for Hibernate transaction
16:13:13.233 [main] DEBUG org.springframework.orm.hibernate5.HibernateTransactionManager - Exposing Hibernate transaction as JDBC [org.springframework.orm.hibernate5.HibernateTransactionManager$$Lambda$1394/0x00000007c0e3dc28@515ffc01]
16:13:13.233 [main] INFO org.springframework.test.context.transaction.TransactionContext - Began transaction (1) for test context [DefaultTestContext@569957fc testClass = ConceptReferenceTermController1_9Test, testInstance = org.openmrs.module.webservices.rest.web.v1_0.controller.openmrs1_9.ConceptReferenceTermController1_9Test@43fd077f, testMethod = shouldGetFullByUuid@MainResourceControllerTest, testException = [null], mergedContextConfiguration = [WebMergedContextConfiguration@51207894 testClass = ConceptReferenceTermController1_9Test, locations = '{classpath:applicationContext-service.xml, classpath*:TestingApplicationContext.xml, classpath*:moduleApplicationContext.xml, classpath*:openmrs-servlet.xml, classpath*:webModuleApplicationContext.xml}', classes = '{}', contextInitializerClasses = '[]', activeProfiles = '{}', propertySourceLocations = '{}', propertySourceProperties = '{}', contextCustomizers = set[[empty]], resourceBasePath = 'src/main/webapp', contextLoader = 'org.springframework.test.context.web.WebDelegatingSmartContextLoader', parent = [null]], attributes = map['org.springframework.test.context.web.ServletTestExecutionListener.populatedRequestContextHolder' -> true, 'org.springframework.test.context.web.ServletTestExecutionListener.resetRequestContextHolder' -> true, 'org.springframework.test.context.event.ApplicationEventsTestExecutionListener.recordApplicationEvents' -> false]]; transaction manager [org.springframework.orm.hibernate5.HibernateTransactionManager@f47a569]; rollback [true]
16:13:13.233 [main] DEBUG org.openmrs.api.context.UserContext - Authenticating client 'admin' with scheme 'OPENMRS_USERPASS_AUTH_SCHEME'
16:13:13.233 [main] DEBUG org.openmrs.api.context.UsernamePasswordAuthenticationScheme - Authenticating client: admin
16:13:13.233 [main] DEBUG org.springframework.orm.hibernate5.HibernateTransactionManager - Found thread-bound Session [SessionImpl(1624438343<open>)] for Hibernate transaction
16:13:13.233 [main] DEBUG org.springframework.orm.hibernate5.HibernateTransactionManager - Participating in existing transaction
16:13:13.234 [main] DEBUG org.openmrs.api.db.hibernate.HibernateContextDAO - Candidate user id: 1
16:13:13.235 [main] DEBUG org.openmrs.User - User's base roles: [System Developer]
16:13:13.235 [main] DEBUG org.openmrs.User - User's base roles: [System Developer]
16:13:13.235 [main] DEBUG org.openmrs.api.context.UserContext - Authenticated as: admin
16:13:13.235 [main] DEBUG org.springframework.orm.hibernate5.HibernateTransactionManager - Found thread-bound Session [SessionImpl(1624438343<open>)] for Hibernate transaction
16:13:13.235 [main] DEBUG org.springframework.orm.hibernate5.HibernateTransactionManager - Participating in existing transaction
16:13:13.235 [main] DEBUG org.springframework.web.servlet.mvc.method.annotation.RequestMappingHandlerMapping - Mapped to org.openmrs.module.webservices.rest.web.v1_0.controller.MainResourceController#retrieve(String, String, HttpServletRequest, HttpServletResponse)
16:13:13.235 [main] DEBUG org.openmrs.api.context.UserContext - Adding proxy privilege: Get Global Properties
16:13:13.235 [main] DEBUG org.openmrs.aop.AuthorizationAdvice - Calling authorization advice before getGlobalProperty
16:13:13.235 [main] DEBUG org.openmrs.aop.AuthorizationAdvice - User admin
16:13:13.235 [main] DEBUG org.openmrs.User - User's base roles: [System Developer]
16:13:13.235 [main] DEBUG org.openmrs.aop.AuthorizationAdvice - has roles [System Developer]
16:13:13.235 [main] DEBUG org.openmrs.api.context.UserContext - Adding proxy privilege: Get Roles
16:13:13.235 [main] DEBUG org.openmrs.api.context.UserContext - Checking 'Get Global Properties' against proxies: [Get Global Properties, Get Roles]
16:13:13.235 [main] DEBUG org.openmrs.aop.AuthorizationAdvice - User has privilege Get Global Properties? true
16:13:13.235 [main] DEBUG org.openmrs.api.context.UserContext - Removing privilege: Get Roles
16:13:13.235 [main] DEBUG org.springframework.orm.hibernate5.HibernateTransactionManager - Found thread-bound Session [SessionImpl(1624438343<open>)] for Hibernate transaction
16:13:13.235 [main] DEBUG org.springframework.orm.hibernate5.HibernateTransactionManager - Participating in existing transaction
16:13:13.235 [main] DEBUG org.springframework.orm.hibernate5.HibernateTransactionManager - Found thread-bound Session [SessionImpl(1624438343<open>)] for Hibernate transaction
16:13:13.235 [main] DEBUG org.springframework.orm.hibernate5.HibernateTransactionManager - Participating in existing transaction
16:13:13.235 [main] DEBUG org.openmrs.aop.AuthorizationAdvice - Calling authorization advice before getGlobalProperty
16:13:13.235 [main] DEBUG org.openmrs.aop.AuthorizationAdvice - User admin
16:13:13.235 [main] DEBUG org.openmrs.User - User's base roles: [System Developer]
16:13:13.235 [main] DEBUG org.openmrs.aop.AuthorizationAdvice - has roles [System Developer]
16:13:13.235 [main] DEBUG org.openmrs.api.context.UserContext - Adding proxy privilege: Get Roles
16:13:13.235 [main] DEBUG org.openmrs.api.context.UserContext - Checking 'Get Global Properties' against proxies: [Get Global Properties, Get Roles]
16:13:13.235 [main] DEBUG org.openmrs.aop.AuthorizationAdvice - User has privilege Get Global Properties? true
16:13:13.235 [main] DEBUG org.openmrs.api.context.UserContext - Removing privilege: Get Roles
16:13:13.235 [main] DEBUG org.springframework.orm.hibernate5.HibernateTransactionManager - Found thread-bound Session [SessionImpl(1624438343<open>)] for Hibernate transaction
16:13:13.235 [main] DEBUG org.springframework.orm.hibernate5.HibernateTransactionManager - Participating in existing transaction
16:13:13.235 [main] DEBUG org.springframework.orm.hibernate5.HibernateTransactionManager - Found thread-bound Session [SessionImpl(1624438343<open>)] for Hibernate transaction
16:13:13.235 [main] DEBUG org.springframework.orm.hibernate5.HibernateTransactionManager - Participating in existing transaction
16:13:13.236 [main] DEBUG org.openmrs.api.context.UserContext - Removing privilege: Get Global Properties
16:13:13.236 [main] DEBUG org.openmrs.aop.AuthorizationAdvice - Calling authorization advice before getRepresentation
16:13:13.236 [main] DEBUG org.openmrs.aop.AuthorizationAdvice - User admin
16:13:13.236 [main] DEBUG org.openmrs.User - User's base roles: [System Developer]
16:13:13.236 [main] DEBUG org.openmrs.aop.AuthorizationAdvice - has roles [System Developer]
16:13:13.236 [main] DEBUG org.openmrs.aop.AuthorizationAdvice - Calling authorization advice before getResourceByName
16:13:13.236 [main] DEBUG org.openmrs.aop.AuthorizationAdvice - User admin
16:13:13.236 [main] DEBUG org.openmrs.User - User's base roles: [System Developer]
16:13:13.236 [main] DEBUG org.openmrs.aop.AuthorizationAdvice - has roles [System Developer]
16:13:13.236 [main] DEBUG org.openmrs.aop.AuthorizationAdvice - Calling authorization advice before getConceptReferenceTermByUuid
16:13:13.236 [main] DEBUG org.openmrs.aop.AuthorizationAdvice - User admin
16:13:13.236 [main] DEBUG org.openmrs.User - User's base roles: [System Developer]
16:13:13.236 [main] DEBUG org.openmrs.aop.AuthorizationAdvice - has roles [System Developer]
16:13:13.236 [main] DEBUG org.openmrs.api.context.UserContext - Adding proxy privilege: Get Roles
16:13:13.236 [main] DEBUG org.openmrs.api.context.UserContext - Checking 'Get Concept Reference Terms' against proxies: [Get Roles]
16:13:13.236 [main] DEBUG org.openmrs.User - User's base roles: [System Developer]
16:13:13.236 [main] DEBUG org.openmrs.aop.AuthorizationAdvice - User has privilege Get Concept Reference Terms? true
16:13:13.236 [main] DEBUG org.openmrs.api.context.UserContext - Removing privilege: Get Roles
16:13:13.236 [main] DEBUG org.springframework.orm.hibernate5.HibernateTransactionManager - Found thread-bound Session [SessionImpl(1624438343<open>)] for Hibernate transaction
16:13:13.236 [main] DEBUG org.springframework.orm.hibernate5.HibernateTransactionManager - Participating in existing transaction
16:13:13.236 [main] DEBUG org.springframework.orm.hibernate5.HibernateTransactionManager - Found thread-bound Session [SessionImpl(1624438343<open>)] for Hibernate transaction
16:13:13.236 [main] DEBUG org.springframework.orm.hibernate5.HibernateTransactionManager - Participating in existing transaction
16:13:13.236 [main] DEBUG org.openmrs.aop.AuthorizationAdvice - Calling authorization advice before getMessage
16:13:13.236 [main] DEBUG org.openmrs.aop.AuthorizationAdvice - User admin
16:13:13.236 [main] DEBUG org.openmrs.User - User's base roles: [System Developer]
16:13:13.236 [main] DEBUG org.openmrs.aop.AuthorizationAdvice - has roles [System Developer]
16:13:13.236 [main] DEBUG org.openmrs.aop.AuthorizationAdvice - Calling authorization advice before getMessage
16:13:13.236 [main] DEBUG org.openmrs.aop.AuthorizationAdvice - User admin
16:13:13.236 [main] DEBUG org.openmrs.User - User's base roles: [System Developer]
16:13:13.236 [main] DEBUG org.openmrs.aop.AuthorizationAdvice - has roles [System Developer]
16:13:13.237 [main] DEBUG org.openmrs.aop.AuthorizationAdvice - Calling authorization advice before getResourceByName
16:13:13.237 [main] DEBUG org.openmrs.aop.AuthorizationAdvice - User admin
16:13:13.237 [main] DEBUG org.openmrs.User - User's base roles: [System Developer]
16:13:13.237 [main] DEBUG org.openmrs.aop.AuthorizationAdvice - has roles [System Developer]
16:13:13.237 [main] DEBUG org.springframework.web.servlet.mvc.method.annotation.RequestResponseBodyMethodProcessor - Using 'application/json', given [*/*] and supported [application/json, application/*+json, application/xml, text/xml, application/*+xml]
16:13:13.237 [main] DEBUG org.springframework.web.servlet.mvc.method.annotation.RequestResponseBodyMethodProcessor - Writing [{uuid=SSTRM-127689_3, display=Some Standardized Terminology: 127cd4689 (cd4died term2), name=cd4died (truncated)...]
16:13:13.238 [main] DEBUG org.springframework.orm.hibernate5.HibernateTransactionManager - Found thread-bound Session [SessionImpl(1624438343<open>)] for Hibernate transaction
16:13:13.238 [main] DEBUG org.springframework.orm.hibernate5.HibernateTransactionManager - Participating in existing transaction
16:13:13.238 [main] DEBUG org.openmrs.api.context.Context - Clearing DB cache
16:13:13.238 [main] DEBUG org.openmrs.api.context.Context - Clearing API cache
16:13:13.238 [main] DEBUG org.openmrs.api.context.Context - Logging out : admin
16:13:13.238 [main] DEBUG org.openmrs.api.context.UserContext - setting user to null on logout
16:13:13.238 [main] DEBUG org.springframework.orm.hibernate5.HibernateTransactionManager - Initiating transaction rollback
16:13:13.238 [main] DEBUG org.springframework.orm.hibernate5.HibernateTransactionManager - Rolling back Hibernate transaction on Session [SessionImpl(1624438343<open>)]
16:13:13.238 [main] DEBUG org.springframework.orm.hibernate5.HibernateTransactionManager - Closing Hibernate Session [SessionImpl(1624438343<open>)] after transaction
16:13:13.238 [main] INFO org.springframework.test.context.transaction.TransactionContext - Rolled back transaction for test: [DefaultTestContext@569957fc testClass = ConceptReferenceTermController1_9Test, testInstance = org.openmrs.module.webservices.rest.web.v1_0.controller.openmrs1_9.ConceptReferenceTermController1_9Test@43fd077f, testMethod = shouldGetFullByUuid@MainResourceControllerTest, testException = [null], mergedContextConfiguration = [WebMergedContextConfiguration@51207894 testClass = ConceptReferenceTermController1_9Test, locations = '{classpath:applicationContext-service.xml, classpath*:TestingApplicationContext.xml, classpath*:moduleApplicationContext.xml, classpath*:openmrs-servlet.xml, classpath*:webModuleApplicationContext.xml}', classes = '{}', contextInitializerClasses = '[]', activeProfiles = '{}', propertySourceLocations = '{}', propertySourceProperties = '{}', contextCustomizers = set[[empty]], resourceBasePath = 'src/main/webapp', contextLoader = 'org.springframework.test.context.web.WebDelegatingSmartContextLoader', parent = [null]], attributes = map['org.springframework.test.context.web.ServletTestExecutionListener.populatedRequestContextHolder' -> true, 'org.springframework.test.context.web.ServletTestExecutionListener.resetRequestContextHolder' -> true, 'org.springframework.test.context.event.ApplicationEventsTestExecutionListener.recordApplicationEvents' -> false]]
]]></system-out>
  </testcase>
</testsuite>