<?xml version="1.0" encoding="UTF-8"?>
<testsuite xmlns:xsi="http://www.w3.org/2001/XMLSchema-instance" xsi:noNamespaceSchemaLocation="https://maven.apache.org/surefire/maven-surefire-plugin/xsd/surefire-test-report.xsd" version="3.0.2" name="org.openmrs.module.webservices.rest.web.v1_0.controller.openmrs1_8.RelationshipTypeController1_8Test" time="0.107" tests="11" errors="0" skipped="0" failures="0">
  <properties>
[...]
</properties>
  <testcase name="shouldRetireARelationshipType" classname="org.openmrs.module.webservices.rest.web.v1_0.controller.openmrs1_8.RelationshipTypeController1_8Test" time="0.024">
    <system-out><![CDATA[16:13:08.760 [main] DEBUG org.openmrs.test.BaseContextSensitiveTest - props: {connection.username=sa, connection.url=jdbc:h2:mem:openmrs;DB_CLOSE_DELAY=30;LOCK_TIMEOUT=10000, hibernate.connection.driver_class=org.h2.Driver, hibernate.dialect=org.hibernate.dialect.H2Dialect, connection.password=, hibernate.connection.username=sa, hibernate.hbm2ddl.auto=create-drop, hibernate.connection.url=jdbc:h2:mem:openmrs;DB_CLOSE_DELAY=30;LOCK_TIMEOUT=10000, hibernate.connection.password=}
16:13:08.760 [main] DEBUG org.springframework.orm.hibernate5.HibernateTransactionManager - Creating new transaction with name [org.openmrs.module.webservices.rest.web.v1_0.controller.openmrs1_8.RelationshipTypeController1_8Test.shouldRetireARelationshipType]: PROPAGATION_REQUIRED,ISOLATION_DEFAULT
16:13:08.761 [main] DEBUG org.springframework.orm.hibernate5.HibernateTransactionManager - Opened new Session [SessionImpl(503891503<open>)] for Hibernate transaction
16:13:08.761 [main] DEBUG org.springframework.orm.hibernate5.HibernateTransactionManager - Exposing Hibernate transaction as JDBC [org.springframework.orm.hibernate5.HibernateTransactionManager$$Lambda$1394/0x00000007c0e3dc28@6bb7a8f5]
16:13:08.761 [main] INFO org.springframework.test.context.transaction.TransactionContext - Began transaction (1) for test context [DefaultTestContext@2ba466d testClass = RelationshipTypeController1_8Test, testInstance = org.openmrs.module.webservices.rest.web.v1_0.controller.openmrs1_8.RelationshipTypeController1_8Test@5adbd1ab, testMethod = shouldRetireARelationshipType@RelationshipTypeController1_8Test, testException = [null], mergedContextConfiguration = [WebMergedContextConfiguration@30276fff testClass = RelationshipTypeController1_8Test, locations = '{classpath:applicationContext-service.xml, classpath*:TestingApplicationContext.xml, classpath*:moduleApplicationContext.xml, classpath*:openmrs-servlet.xml, classpath*:webModuleApplicationContext.xml}', classes = '{}', contextInitializerClasses = '[]', activeProfiles = '{}', propertySourceLocations = '{}', propertySourceProperties = '{}', contextCustomizers = set[[empty]], resourceBasePath = 'src/main/webapp', contextLoader = 'org.springframework.test.context.web.WebDelegatingSmartContextLoader', parent = [null]], attributes = map['org.springframework.test.context.web.ServletTestExecutionListener.populatedRequestContextHolder' -> true, 'org.springframework.test.context.web.ServletTestExecutionListener.resetRequestContextHolder' -> true, 'org.springframework.test.context.event.ApplicationEventsTestExecutionListener.recordApplicationEvents' -> false]]; transaction manager [org.springframework.orm.hibernate5.HibernateTransactionManager@f47a569]; rollback [true]
16:13:08.761 [main] DEBUG org.openmrs.api.db.hibernate.HibernateContextDAO - HibernateContext: Opening Hibernate Session
16:13:08.761 [main] DEBUG org.openmrs.api.db.hibernate.HibernateContextDAO - Participating in existing session (40380649)
16:13:08.761 [main] DEBUG org.openmrs.api.context.UserContext - Authenticating client 'admin' with scheme 'OPENMRS_USERPASS_AUTH_SCHEME'
16:13:08.761 [main] DEBUG org.openmrs.api.context.UsernamePasswordAuthenticationScheme - Authenticating client: admin
16:13:08.761 [main] DEBUG org.springframework.orm.hibernate5.HibernateTransactionManager - Found thread-bound Session [SessionImpl(503891503<open>)] for Hibernate transaction
16:13:08.761 [main] DEBUG org.springframework.orm.hibernate5.HibernateTransactionManager - Participating in existing transaction
16:13:08.762 [main] DEBUG org.openmrs.api.db.hibernate.HibernateContextDAO - Candidate user id: 1
16:13:08.762 [main] DEBUG org.openmrs.User - User's base roles: [System Developer]
16:13:08.762 [main] DEBUG org.openmrs.User - User's base roles: [System Developer]
16:13:08.763 [main] DEBUG org.openmrs.api.context.UserContext - Authenticated as: admin
16:13:08.763 [main] DEBUG org.springframework.orm.hibernate5.HibernateTransactionManager - Found thread-bound Session [SessionImpl(503891503<open>)] for Hibernate transaction
16:13:08.763 [main] DEBUG org.springframework.orm.hibernate5.HibernateTransactionManager - Participating in existing transaction
16:13:08.763 [main] DEBUG org.openmrs.aop.AuthorizationAdvice - Calling authorization advice before getRelationshipTypeByUuid
16:13:08.763 [main] DEBUG org.openmrs.aop.AuthorizationAdvice - User admin
16:13:08.763 [main] DEBUG org.openmrs.User - User's base roles: [System Developer]
16:13:08.763 [main] DEBUG org.openmrs.aop.AuthorizationAdvice - has roles [System Developer]
16:13:08.763 [main] DEBUG org.openmrs.api.context.UserContext - Adding proxy privilege: Get Roles
16:13:08.763 [main] DEBUG org.openmrs.api.context.UserContext - Checking 'Get Relationship Types' against proxies: [Get Roles]
16:13:08.763 [main] DEBUG org.openmrs.User - User's base roles: [System Developer]
16:13:08.763 [main] DEBUG org.openmrs.aop.AuthorizationAdvice - User has privilege Get Relationship Types? true
16:13:08.763 [main] DEBUG org.openmrs.api.context.UserContext - Removing privilege: Get Roles
16:13:08.763 [main] DEBUG org.springframework.orm.hibernate5.HibernateTransactionManager - Found thread-bound Session [SessionImpl(503891503<open>)] for Hibernate transaction
16:13:08.763 [main] DEBUG org.springframework.orm.hibernate5.HibernateTransactionManager - Participating in existing transaction
16:13:08.763 [main] DEBUG org.springframework.orm.hibernate5.HibernateTransactionManager - Found thread-bound Session [SessionImpl(503891503<open>)] for Hibernate transaction
16:13:08.763 [main] DEBUG org.springframework.orm.hibernate5.HibernateTransactionManager - Participating in existing transaction
16:13:08.764 [main] DEBUG org.springframework.web.servlet.mvc.method.annotation.RequestMappingHandlerMapping - Mapped to org.openmrs.module.webservices.rest.web.v1_0.controller.MainResourceController#delete(String, String, String, HttpServletRequest, HttpServletResponse)
16:13:08.764 [main] DEBUG org.openmrs.api.context.UserContext - Adding proxy privilege: Get Global Properties
16:13:08.764 [main] DEBUG org.openmrs.aop.AuthorizationAdvice - Calling authorization advice before getGlobalProperty
16:13:08.764 [main] DEBUG org.openmrs.aop.AuthorizationAdvice - User admin
16:13:08.764 [main] DEBUG org.openmrs.User - User's base roles: [System Developer]
16:13:08.764 [main] DEBUG org.openmrs.aop.AuthorizationAdvice - has roles [System Developer]
16:13:08.764 [main] DEBUG org.openmrs.api.context.UserContext - Adding proxy privilege: Get Roles
16:13:08.764 [main] DEBUG org.openmrs.api.context.UserContext - Checking 'Get Global Properties' against proxies: [Get Global Properties, Get Roles]
16:13:08.764 [main] DEBUG org.openmrs.aop.AuthorizationAdvice - User has privilege Get Global Properties? true
16:13:08.764 [main] DEBUG org.openmrs.api.context.UserContext - Removing privilege: Get Roles
16:13:08.764 [main] DEBUG org.springframework.orm.hibernate5.HibernateTransactionManager - Found thread-bound Session [SessionImpl(503891503<open>)] for Hibernate transaction
16:13:08.764 [main] DEBUG org.springframework.orm.hibernate5.HibernateTransactionManager - Participating in existing transaction
16:13:08.764 [main] DEBUG org.springframework.orm.hibernate5.HibernateTransactionManager - Found thread-bound Session [SessionImpl(503891503<open>)] for Hibernate transaction
16:13:08.764 [main] DEBUG org.springframework.orm.hibernate5.HibernateTransactionManager - Participating in existing transaction
16:13:08.764 [main] DEBUG org.openmrs.aop.AuthorizationAdvice - Calling authorization advice before getGlobalProperty
16:13:08.764 [main] DEBUG org.openmrs.aop.AuthorizationAdvice - User admin
16:13:08.764 [main] DEBUG org.openmrs.User - User's base roles: [System Developer]
16:13:08.764 [main] DEBUG org.openmrs.aop.AuthorizationAdvice - has roles [System Developer]
16:13:08.764 [main] DEBUG org.openmrs.api.context.UserContext - Adding proxy privilege: Get Roles
16:13:08.764 [main] DEBUG org.openmrs.api.context.UserContext - Checking 'Get Global Properties' against proxies: [Get Global Properties, Get Roles]
16:13:08.764 [main] DEBUG org.openmrs.aop.AuthorizationAdvice - User has privilege Get Global Properties? true
16:13:08.764 [main] DEBUG org.openmrs.api.context.UserContext - Removing privilege: Get Roles
16:13:08.764 [main] DEBUG org.springframework.orm.hibernate5.HibernateTransactionManager - Found thread-bound Session [SessionImpl(503891503<open>)] for Hibernate transaction
16:13:08.764 [main] DEBUG org.springframework.orm.hibernate5.HibernateTransactionManager - Participating in existing transaction
16:13:08.764 [main] DEBUG org.springframework.orm.hibernate5.HibernateTransactionManager - Found thread-bound Session [SessionImpl(503891503<open>)] for Hibernate transaction
16:13:08.764 [main] DEBUG org.springframework.orm.hibernate5.HibernateTransactionManager - Participating in existing transaction
16:13:08.765 [main] DEBUG org.openmrs.api.context.UserContext - Removing privilege: Get Global Properties
16:13:08.765 [main] DEBUG org.openmrs.aop.AuthorizationAdvice - Calling authorization advice before getResourceByName
16:13:08.765 [main] DEBUG org.openmrs.aop.AuthorizationAdvice - User admin
16:13:08.765 [main] DEBUG org.openmrs.User - User's base roles: [System Developer]
16:13:08.765 [main] DEBUG org.openmrs.aop.AuthorizationAdvice - has roles [System Developer]
16:13:08.765 [main] DEBUG org.openmrs.aop.AuthorizationAdvice - Calling authorization advice before getRelationshipTypeByUuid
16:13:08.765 [main] DEBUG org.openmrs.aop.AuthorizationAdvice - User admin
16:13:08.765 [main] DEBUG org.openmrs.User - User's base roles: [System Developer]
16:13:08.765 [main] DEBUG org.openmrs.aop.AuthorizationAdvice - has roles [System Developer]
16:13:08.765 [main] DEBUG org.openmrs.api.context.UserContext - Adding proxy privilege: Get Roles
16:13:08.765 [main] DEBUG org.openmrs.api.context.UserContext - Checking 'Get Relationship Types' against proxies: [Get Roles]
16:13:08.765 [main] DEBUG org.openmrs.User - User's base roles: [System Developer]
16:13:08.765 [main] DEBUG org.openmrs.aop.AuthorizationAdvice - User has privilege Get Relationship Types? true
16:13:08.765 [main] DEBUG org.openmrs.api.context.UserContext - Removing privilege: Get Roles
16:13:08.765 [main] DEBUG org.springframework.orm.hibernate5.HibernateTransactionManager - Found thread-bound Session [SessionImpl(503891503<open>)] for Hibernate transaction
16:13:08.765 [main] DEBUG org.springframework.orm.hibernate5.HibernateTransactionManager - Participating in existing transaction
16:13:08.765 [main] DEBUG org.springframework.orm.hibernate5.HibernateTransactionManager - Found thread-bound Session [SessionImpl(503891503<open>)] for Hibernate transaction
16:13:08.765 [main] DEBUG org.springframework.orm.hibernate5.HibernateTransactionManager - Participating in existing transaction
16:13:08.765 [main] DEBUG org.openmrs.aop.AuthorizationAdvice - Calling authorization advice before saveRelationshipType
16:13:08.765 [main] DEBUG org.openmrs.aop.AuthorizationAdvice - User admin
16:13:08.765 [main] DEBUG org.openmrs.User - User's base roles: [System Developer]
16:13:08.765 [main] DEBUG org.openmrs.aop.AuthorizationAdvice - has roles [System Developer]
16:13:08.765 [main] DEBUG org.openmrs.api.context.UserContext - Adding proxy privilege: Get Roles
16:13:08.765 [main] DEBUG org.openmrs.api.context.UserContext - Checking 'Manage Relationship Types' against proxies: [Get Roles]
16:13:08.765 [main] DEBUG org.openmrs.User - User's base roles: [System Developer]
16:13:08.765 [main] DEBUG org.openmrs.aop.AuthorizationAdvice - User has privilege Manage Relationship Types? true
16:13:08.765 [main] DEBUG org.openmrs.api.context.UserContext - Removing privilege: Get Roles
16:13:08.765 [main] DEBUG org.openmrs.util.HandlerUtil - Getting handlers of type interface org.openmrs.api.handler.SaveHandler for class org.openmrs.RelationshipType
16:13:08.765 [main] DEBUG org.openmrs.util.HandlerUtil - Found handler: class org.openmrs.api.handler.RetireSaveHandler
16:13:08.765 [main] DEBUG org.openmrs.util.HandlerUtil - Found handler: class org.openmrs.api.handler.OpenmrsObjectSaveHandler
16:13:08.770 [main] DEBUG org.openmrs.aop.AuthorizationAdvice - Calling authorization advice before validate
16:13:08.770 [main] DEBUG org.openmrs.aop.AuthorizationAdvice - User admin
16:13:08.770 [main] DEBUG org.openmrs.User - User's base roles: [System Developer]
16:13:08.770 [main] DEBUG org.openmrs.aop.AuthorizationAdvice - has roles [System Developer]
16:13:08.770 [main] DEBUG org.springframework.orm.hibernate5.HibernateTransactionManager - Found thread-bound Session [SessionImpl(503891503<open>)] for Hibernate transaction
16:13:08.770 [main] DEBUG org.springframework.orm.hibernate5.HibernateTransactionManager - Participating in existing transaction
16:13:08.770 [main] DEBUG org.springframework.orm.hibernate5.HibernateTransactionManager - Found thread-bound Session [SessionImpl(503891503<open>)] for Hibernate transaction
16:13:08.770 [main] DEBUG org.springframework.orm.hibernate5.HibernateTransactionManager - Participating in existing transaction
16:13:08.770 [main] DEBUG org.openmrs.util.HandlerUtil - Getting handlers of type interface org.springframework.validation.Validator for class org.openmrs.RelationshipType
16:13:08.770 [main] DEBUG org.openmrs.util.HandlerUtil - Found handler: class org.openmrs.validator.RelationshipTypeValidator
16:13:08.778 [main] DEBUG org.openmrs.aop.AuthorizationAdvice - Calling authorization advice before getRelationshipTypeByName
16:13:08.778 [main] DEBUG org.openmrs.aop.AuthorizationAdvice - User admin
16:13:08.778 [main] DEBUG org.openmrs.User - User's base roles: [System Developer]
16:13:08.778 [main] DEBUG org.openmrs.aop.AuthorizationAdvice - has roles [System Developer]
16:13:08.778 [main] DEBUG org.openmrs.api.context.UserContext - Adding proxy privilege: Get Roles
16:13:08.778 [main] DEBUG org.openmrs.api.context.UserContext - Checking 'Get Relationship Types' against proxies: [Get Roles]
16:13:08.778 [main] DEBUG org.openmrs.User - User's base roles: [System Developer]
16:13:08.778 [main] DEBUG org.openmrs.aop.AuthorizationAdvice - User has privilege Get Relationship Types? true
16:13:08.778 [main] DEBUG org.openmrs.api.context.UserContext - Removing privilege: Get Roles
16:13:08.778 [main] DEBUG org.springframework.orm.hibernate5.HibernateTransactionManager - Found thread-bound Session [SessionImpl(503891503<open>)] for Hibernate transaction
16:13:08.778 [main] DEBUG org.springframework.orm.hibernate5.HibernateTransactionManager - Participating in existing transaction
16:13:08.778 [main] DEBUG org.springframework.orm.hibernate5.HibernateTransactionManager - Found thread-bound Session [SessionImpl(503891503<open>)] for Hibernate transaction
16:13:08.778 [main] DEBUG org.springframework.orm.hibernate5.HibernateTransactionManager - Participating in existing transaction
16:13:08.781 [main] DEBUG org.openmrs.aop.AuthorizationAdvice - Calling authorization advice before getMaximumPropertyLength
16:13:08.781 [main] DEBUG org.openmrs.aop.AuthorizationAdvice - User admin
16:13:08.781 [main] DEBUG org.openmrs.User - User's base roles: [System Developer]
16:13:08.781 [main] DEBUG org.openmrs.aop.AuthorizationAdvice - has roles [System Developer]
16:13:08.781 [main] DEBUG org.springframework.orm.hibernate5.HibernateTransactionManager - Found thread-bound Session [SessionImpl(503891503<open>)] for Hibernate transaction
16:13:08.781 [main] DEBUG org.springframework.orm.hibernate5.HibernateTransactionManager - Participating in existing transaction
16:13:08.781 [main] DEBUG org.springframework.orm.hibernate5.HibernateTransactionManager - Found thread-bound Session [SessionImpl(503891503<open>)] for Hibernate transaction
16:13:08.781 [main] DEBUG org.springframework.orm.hibernate5.HibernateTransactionManager - Participating in existing transaction
16:13:08.781 [main] DEBUG org.openmrs.aop.AuthorizationAdvice - Calling authorization advice before getMaximumPropertyLength
16:13:08.781 [main] DEBUG org.openmrs.aop.AuthorizationAdvice - User admin
16:13:08.781 [main] DEBUG org.openmrs.User - User's base roles: [System Developer]
16:13:08.781 [main] DEBUG org.openmrs.aop.AuthorizationAdvice - has roles [System Developer]
16:13:08.781 [main] DEBUG org.springframework.orm.hibernate5.HibernateTransactionManager - Found thread-bound Session [SessionImpl(503891503<open>)] for Hibernate transaction
16:13:08.781 [main] DEBUG org.springframework.orm.hibernate5.HibernateTransactionManager - Participating in existing transaction
16:13:08.781 [main] DEBUG org.springframework.orm.hibernate5.HibernateTransactionManager - Found thread-bound Session [SessionImpl(503891503<open>)] for Hibernate transaction
16:13:08.781 [main] DEBUG org.springframework.orm.hibernate5.HibernateTransactionManager - Participating in existing transaction
16:13:08.781 [main] DEBUG org.openmrs.aop.AuthorizationAdvice - Calling authorization advice before getMaximumPropertyLength
16:13:08.781 [main] DEBUG org.openmrs.aop.AuthorizationAdvice - User admin
16:13:08.781 [main] DEBUG org.openmrs.User - User's base roles: [System Developer]
16:13:08.781 [main] DEBUG org.openmrs.aop.AuthorizationAdvice - has roles [System Developer]
16:13:08.781 [main] DEBUG org.springframework.orm.hibernate5.HibernateTransactionManager - Found thread-bound Session [SessionImpl(503891503<open>)] for Hibernate transaction
16:13:08.781 [main] DEBUG org.springframework.orm.hibernate5.HibernateTransactionManager - Participating in existing transaction
16:13:08.781 [main] DEBUG org.springframework.orm.hibernate5.HibernateTransactionManager - Found thread-bound Session [SessionImpl(503891503<open>)] for Hibernate transaction
16:13:08.781 [main] DEBUG org.springframework.orm.hibernate5.HibernateTransactionManager - Participating in existing transaction
16:13:08.781 [main] DEBUG org.openmrs.aop.AuthorizationAdvice - Calling authorization advice before getMaximumPropertyLength
16:13:08.782 [main] DEBUG org.openmrs.aop.AuthorizationAdvice - User admin
16:13:08.782 [main] DEBUG org.openmrs.User - User's base roles: [System Developer]
16:13:08.782 [main] DEBUG org.openmrs.aop.AuthorizationAdvice - has roles [System Developer]
16:13:08.782 [main] DEBUG org.springframework.orm.hibernate5.HibernateTransactionManager - Found thread-bound Session [SessionImpl(503891503<open>)] for Hibernate transaction
16:13:08.782 [main] DEBUG org.springframework.orm.hibernate5.HibernateTransactionManager - Participating in existing transaction
16:13:08.782 [main] DEBUG org.springframework.orm.hibernate5.HibernateTransactionManager - Found thread-bound Session [SessionImpl(503891503<open>)] for Hibernate transaction
16:13:08.782 [main] DEBUG org.springframework.orm.hibernate5.HibernateTransactionManager - Participating in existing transaction
16:13:08.782 [main] DEBUG org.openmrs.api - In method PersonService.saveRelationshipType. Arguments: RelationshipType=Doctor/Patient, 
16:13:08.782 [main] DEBUG org.springframework.orm.hibernate5.HibernateTransactionManager - Found thread-bound Session [SessionImpl(503891503<open>)] for Hibernate transaction
16:13:08.782 [main] DEBUG org.springframework.orm.hibernate5.HibernateTransactionManager - Participating in existing transaction
16:13:08.782 [main] DEBUG org.springframework.orm.hibernate5.HibernateTransactionManager - Found thread-bound Session [SessionImpl(503891503<open>)] for Hibernate transaction
16:13:08.782 [main] DEBUG org.springframework.orm.hibernate5.HibernateTransactionManager - Participating in existing transaction
16:13:08.782 [main] DEBUG org.openmrs.api - Exiting method saveRelationshipType. execution time: 0 ms
16:13:08.782 [main] DEBUG org.springframework.web.servlet.mvc.method.annotation.RequestResponseBodyMethodProcessor - Using 'text/plain', given [*/*] and supported [text/plain, */*, application/json, application/*+json, application/xml, text/xml, application/*+xml]
16:13:08.782 [main] DEBUG org.springframework.web.servlet.mvc.method.annotation.RequestResponseBodyMethodProcessor - Writing [""]
16:13:08.782 [main] DEBUG org.openmrs.aop.AuthorizationAdvice - Calling authorization advice before getRelationshipTypeByUuid
16:13:08.782 [main] DEBUG org.openmrs.aop.AuthorizationAdvice - User admin
16:13:08.782 [main] DEBUG org.openmrs.User - User's base roles: [System Developer]
16:13:08.782 [main] DEBUG org.openmrs.aop.AuthorizationAdvice - has roles [System Developer]
16:13:08.782 [main] DEBUG org.openmrs.api.context.UserContext - Adding proxy privilege: Get Roles
16:13:08.782 [main] DEBUG org.openmrs.api.context.UserContext - Checking 'Get Relationship Types' against proxies: [Get Roles]
16:13:08.782 [main] DEBUG org.openmrs.User - User's base roles: [System Developer]
16:13:08.782 [main] DEBUG org.openmrs.aop.AuthorizationAdvice - User has privilege Get Relationship Types? true
16:13:08.782 [main] DEBUG org.openmrs.api.context.UserContext - Removing privilege: Get Roles
16:13:08.782 [main] DEBUG org.springframework.orm.hibernate5.HibernateTransactionManager - Found thread-bound Session [SessionImpl(503891503<open>)] for Hibernate transaction
16:13:08.782 [main] DEBUG org.springframework.orm.hibernate5.HibernateTransactionManager - Participating in existing transaction
16:13:08.782 [main] DEBUG org.springframework.orm.hibernate5.HibernateTransactionManager - Found thread-bound Session [SessionImpl(503891503<open>)] for Hibernate transaction
16:13:08.782 [main] DEBUG org.springframework.orm.hibernate5.HibernateTransactionManager - Participating in existing transaction
16:13:08.782 [main] DEBUG org.openmrs.api.db.hibernate.AuditableInterceptor - Setting creator and dateCreated on Doctor/Patient
16:13:08.782 [main] DEBUG org.openmrs.api.db.hibernate.AuditableInterceptor - Setting changed by fields on class org.openmrs.RelationshipType
16:13:08.783 [main] DEBUG org.springframework.orm.hibernate5.HibernateTransactionManager - Found thread-bound Session [SessionImpl(503891503<open>)] for Hibernate transaction
16:13:08.783 [main] DEBUG org.springframework.orm.hibernate5.HibernateTransactionManager - Participating in existing transaction
16:13:08.783 [main] DEBUG org.openmrs.api.context.Context - Clearing DB cache
16:13:08.783 [main] DEBUG org.openmrs.api.context.Context - Clearing API cache
16:13:08.783 [main] DEBUG org.openmrs.api.context.Context - Logging out : admin
16:13:08.783 [main] DEBUG org.openmrs.api.context.UserContext - setting user to null on logout
16:13:08.783 [main] DEBUG org.springframework.orm.hibernate5.HibernateTransactionManager - Initiating transaction rollback
16:13:08.783 [main] DEBUG org.springframework.orm.hibernate5.HibernateTransactionManager - Rolling back Hibernate transaction on Session [SessionImpl(503891503<open>)]
16:13:08.783 [main] DEBUG org.springframework.orm.hibernate5.HibernateTransactionManager - Closing Hibernate Session [SessionImpl(503891503<open>)] after transaction
16:13:08.784 [main] INFO org.springframework.test.context.transaction.TransactionContext - Rolled back transaction for test: [DefaultTestContext@2ba466d testClass = RelationshipTypeController1_8Test, testInstance = org.openmrs.module.webservices.rest.web.v1_0.controller.openmrs1_8.RelationshipTypeController1_8Test@5adbd1ab, testMethod = shouldRetireARelationshipType@RelationshipTypeController1_8Test, testException = [null], mergedContextConfiguration = [WebMergedContextConfiguration@30276fff testClass = RelationshipTypeController1_8Test, locations = '{classpath:applicationContext-service.xml, classpath*:TestingApplicationContext.xml, classpath*:moduleApplicationContext.xml, classpath*:openmrs-servlet.xml, classpath*:webModuleApplicationContext.xml}', classes = '{}', contextInitializerClasses = '[]', activeProfiles = '{}', propertySourceLocations = '{}', propertySourceProperties = '{}', contextCustomizers = set[[empty]], resourceBasePath = 'src/main/webapp', contextLoader = 'org.springframework.test.context.web.WebDelegatingSmartContextLoader', parent = [null]], attributes = map['org.springframework.test.context.web.ServletTestExecutionListener.populatedRequestContextHolder' -> true, 'org.springframework.test.context.web.ServletTestExecutionListener.resetRequestContextHolder' -> true, 'org.springframework.test.context.event.ApplicationEventsTestExecutionListener.recordApplicationEvents' -> false]]
]]></system-out>
  </testcase>
  <testcase name="shouldCreateARelationshipType" classname="org.openmrs.module.webservices.rest.web.v1_0.controller.openmrs1_8.RelationshipTypeController1_8Test" time="0.014">
    <system-out><![CDATA[16:13:08.784 [main] DEBUG org.openmrs.test.BaseContextSensitiveTest - props: {connection.username=sa, connection.url=jdbc:h2:mem:openmrs;DB_CLOSE_DELAY=30;LOCK_TIMEOUT=10000, hibernate.connection.driver_class=org.h2.Driver, hibernate.dialect=org.hibernate.dialect.H2Dialect, connection.password=, hibernate.connection.username=sa, hibernate.hbm2ddl.auto=create-drop, hibernate.connection.url=jdbc:h2:mem:openmrs;DB_CLOSE_DELAY=30;LOCK_TIMEOUT=10000, hibernate.connection.password=}
16:13:08.784 [main] DEBUG org.springframework.orm.hibernate5.HibernateTransactionManager - Creating new transaction with name [org.openmrs.module.webservices.rest.web.v1_0.controller.openmrs1_8.RelationshipTypeController1_8Test.shouldCreateARelationshipType]: PROPAGATION_REQUIRED,ISOLATION_DEFAULT
16:13:08.784 [main] DEBUG org.springframework.orm.hibernate5.HibernateTransactionManager - Opened new Session [SessionImpl(1084667807<open>)] for Hibernate transaction
16:13:08.784 [main] DEBUG org.springframework.orm.hibernate5.HibernateTransactionManager - Exposing Hibernate transaction as JDBC [org.springframework.orm.hibernate5.HibernateTransactionManager$$Lambda$1394/0x00000007c0e3dc28@78beed52]
16:13:08.784 [main] INFO org.springframework.test.context.transaction.TransactionContext - Began transaction (1) for test context [DefaultTestContext@2ba466d testClass = RelationshipTypeController1_8Test, testInstance = org.openmrs.module.webservices.rest.web.v1_0.controller.openmrs1_8.RelationshipTypeController1_8Test@163eac8d, testMethod = shouldCreateARelationshipType@RelationshipTypeController1_8Test, testException = [null], mergedContextConfiguration = [WebMergedContextConfiguration@30276fff testClass = RelationshipTypeController1_8Test, locations = '{classpath:applicationContext-service.xml, classpath*:TestingApplicationContext.xml, classpath*:moduleApplicationContext.xml, classpath*:openmrs-servlet.xml, classpath*:webModuleApplicationContext.xml}', classes = '{}', contextInitializerClasses = '[]', activeProfiles = '{}', propertySourceLocations = '{}', propertySourceProperties = '{}', contextCustomizers = set[[empty]], resourceBasePath = 'src/main/webapp', contextLoader = 'org.springframework.test.context.web.WebDelegatingSmartContextLoader', parent = [null]], attributes = map['org.springframework.test.context.web.ServletTestExecutionListener.populatedRequestContextHolder' -> true, 'org.springframework.test.context.web.ServletTestExecutionListener.resetRequestContextHolder' -> true, 'org.springframework.test.context.event.ApplicationEventsTestExecutionListener.recordApplicationEvents' -> false]]; transaction manager [org.springframework.orm.hibernate5.HibernateTransactionManager@f47a569]; rollback [true]
16:13:08.785 [main] DEBUG org.openmrs.api.context.UserContext - Authenticating client 'admin' with scheme 'OPENMRS_USERPASS_AUTH_SCHEME'
16:13:08.785 [main] DEBUG org.openmrs.api.context.UsernamePasswordAuthenticationScheme - Authenticating client: admin
16:13:08.785 [main] DEBUG org.springframework.orm.hibernate5.HibernateTransactionManager - Found thread-bound Session [SessionImpl(1084667807<open>)] for Hibernate transaction
16:13:08.785 [main] DEBUG org.springframework.orm.hibernate5.HibernateTransactionManager - Participating in existing transaction
16:13:08.786 [main] DEBUG org.openmrs.api.db.hibernate.HibernateContextDAO - Candidate user id: 1
16:13:08.786 [main] DEBUG org.openmrs.User - User's base roles: [System Developer]
16:13:08.786 [main] DEBUG org.openmrs.User - User's base roles: [System Developer]
16:13:08.786 [main] DEBUG org.openmrs.api.context.UserContext - Authenticated as: admin
16:13:08.786 [main] DEBUG org.springframework.orm.hibernate5.HibernateTransactionManager - Found thread-bound Session [SessionImpl(1084667807<open>)] for Hibernate transaction
16:13:08.786 [main] DEBUG org.springframework.orm.hibernate5.HibernateTransactionManager - Participating in existing transaction
16:13:08.786 [main] DEBUG org.openmrs.aop.AuthorizationAdvice - Calling authorization advice before getAllRelationshipTypes
16:13:08.787 [main] DEBUG org.openmrs.aop.AuthorizationAdvice - User admin
16:13:08.787 [main] DEBUG org.openmrs.User - User's base roles: [System Developer]
16:13:08.787 [main] DEBUG org.openmrs.aop.AuthorizationAdvice - has roles [System Developer]
16:13:08.787 [main] DEBUG org.openmrs.api.context.UserContext - Adding proxy privilege: Get Roles
16:13:08.787 [main] DEBUG org.openmrs.api.context.UserContext - Checking 'Get Relationship Types' against proxies: [Get Roles]
16:13:08.787 [main] DEBUG org.openmrs.User - User's base roles: [System Developer]
16:13:08.787 [main] DEBUG org.openmrs.aop.AuthorizationAdvice - User has privilege Get Relationship Types? true
16:13:08.787 [main] DEBUG org.openmrs.api.context.UserContext - Removing privilege: Get Roles
16:13:08.787 [main] DEBUG org.springframework.orm.hibernate5.HibernateTransactionManager - Found thread-bound Session [SessionImpl(1084667807<open>)] for Hibernate transaction
16:13:08.787 [main] DEBUG org.springframework.orm.hibernate5.HibernateTransactionManager - Participating in existing transaction
16:13:08.787 [main] DEBUG org.springframework.orm.hibernate5.HibernateTransactionManager - Found thread-bound Session [SessionImpl(1084667807<open>)] for Hibernate transaction
16:13:08.787 [main] DEBUG org.springframework.orm.hibernate5.HibernateTransactionManager - Participating in existing transaction
16:13:08.787 [main] DEBUG org.openmrs.aop.AuthorizationAdvice - Calling authorization advice before getAllRelationshipTypes
16:13:08.787 [main] DEBUG org.openmrs.aop.AuthorizationAdvice - User admin
16:13:08.787 [main] DEBUG org.openmrs.User - User's base roles: [System Developer]
16:13:08.787 [main] DEBUG org.openmrs.aop.AuthorizationAdvice - has roles [System Developer]
16:13:08.787 [main] DEBUG org.openmrs.api.context.UserContext - Adding proxy privilege: Get Roles
16:13:08.787 [main] DEBUG org.openmrs.api.context.UserContext - Checking 'Get Relationship Types' against proxies: [Get Roles]
16:13:08.787 [main] DEBUG org.openmrs.User - User's base roles: [System Developer]
16:13:08.787 [main] DEBUG org.openmrs.aop.AuthorizationAdvice - User has privilege Get Relationship Types? true
16:13:08.787 [main] DEBUG org.openmrs.api.context.UserContext - Removing privilege: Get Roles
16:13:08.787 [main] DEBUG org.springframework.orm.hibernate5.HibernateTransactionManager - Found thread-bound Session [SessionImpl(1084667807<open>)] for Hibernate transaction
16:13:08.787 [main] DEBUG org.springframework.orm.hibernate5.HibernateTransactionManager - Participating in existing transaction
16:13:08.787 [main] DEBUG org.springframework.orm.hibernate5.HibernateTransactionManager - Found thread-bound Session [SessionImpl(1084667807<open>)] for Hibernate transaction
16:13:08.787 [main] DEBUG org.springframework.orm.hibernate5.HibernateTransactionManager - Participating in existing transaction
16:13:08.787 [main] DEBUG org.springframework.web.servlet.mvc.method.annotation.RequestMappingHandlerMapping - Mapped to org.openmrs.module.webservices.rest.web.v1_0.controller.MainResourceController#create(String, SimpleObject, HttpServletRequest, HttpServletResponse)
16:13:08.788 [main] DEBUG org.springframework.web.servlet.mvc.method.annotation.RequestResponseBodyMethodProcessor - Read "application/json" to [{aIsToB=Teacher, bIsToA=Student, weight=0, description=test relation}]
16:13:08.788 [main] DEBUG org.openmrs.api.context.UserContext - Adding proxy privilege: Get Global Properties
16:13:08.788 [main] DEBUG org.openmrs.aop.AuthorizationAdvice - Calling authorization advice before getGlobalProperty
16:13:08.788 [main] DEBUG org.openmrs.aop.AuthorizationAdvice - User admin
16:13:08.788 [main] DEBUG org.openmrs.User - User's base roles: [System Developer]
16:13:08.788 [main] DEBUG org.openmrs.aop.AuthorizationAdvice - has roles [System Developer]
16:13:08.788 [main] DEBUG org.openmrs.api.context.UserContext - Adding proxy privilege: Get Roles
16:13:08.788 [main] DEBUG org.openmrs.api.context.UserContext - Checking 'Get Global Properties' against proxies: [Get Global Properties, Get Roles]
16:13:08.788 [main] DEBUG org.openmrs.aop.AuthorizationAdvice - User has privilege Get Global Properties? true
16:13:08.788 [main] DEBUG org.openmrs.api.context.UserContext - Removing privilege: Get Roles
16:13:08.788 [main] DEBUG org.springframework.orm.hibernate5.HibernateTransactionManager - Found thread-bound Session [SessionImpl(1084667807<open>)] for Hibernate transaction
16:13:08.788 [main] DEBUG org.springframework.orm.hibernate5.HibernateTransactionManager - Participating in existing transaction
16:13:08.788 [main] DEBUG org.springframework.orm.hibernate5.HibernateTransactionManager - Found thread-bound Session [SessionImpl(1084667807<open>)] for Hibernate transaction
16:13:08.788 [main] DEBUG org.springframework.orm.hibernate5.HibernateTransactionManager - Participating in existing transaction
16:13:08.788 [main] DEBUG org.openmrs.aop.AuthorizationAdvice - Calling authorization advice before getGlobalProperty
16:13:08.788 [main] DEBUG org.openmrs.aop.AuthorizationAdvice - User admin
16:13:08.788 [main] DEBUG org.openmrs.User - User's base roles: [System Developer]
16:13:08.788 [main] DEBUG org.openmrs.aop.AuthorizationAdvice - has roles [System Developer]
16:13:08.788 [main] DEBUG org.openmrs.api.context.UserContext - Adding proxy privilege: Get Roles
16:13:08.788 [main] DEBUG org.openmrs.api.context.UserContext - Checking 'Get Global Properties' against proxies: [Get Global Properties, Get Roles]
16:13:08.788 [main] DEBUG org.openmrs.aop.AuthorizationAdvice - User has privilege Get Global Properties? true
16:13:08.788 [main] DEBUG org.openmrs.api.context.UserContext - Removing privilege: Get Roles
16:13:08.788 [main] DEBUG org.springframework.orm.hibernate5.HibernateTransactionManager - Found thread-bound Session [SessionImpl(1084667807<open>)] for Hibernate transaction
16:13:08.788 [main] DEBUG org.springframework.orm.hibernate5.HibernateTransactionManager - Participating in existing transaction
16:13:08.788 [main] DEBUG org.springframework.orm.hibernate5.HibernateTransactionManager - Found thread-bound Session [SessionImpl(1084667807<open>)] for Hibernate transaction
16:13:08.788 [main] DEBUG org.springframework.orm.hibernate5.HibernateTransactionManager - Participating in existing transaction
16:13:08.788 [main] DEBUG org.openmrs.api.context.UserContext - Removing privilege: Get Global Properties
16:13:08.789 [main] DEBUG org.openmrs.aop.AuthorizationAdvice - Calling authorization advice before getResourceByName
16:13:08.789 [main] DEBUG org.openmrs.aop.AuthorizationAdvice - User admin
16:13:08.789 [main] DEBUG org.openmrs.User - User's base roles: [System Developer]
16:13:08.789 [main] DEBUG org.openmrs.aop.AuthorizationAdvice - has roles [System Developer]
16:13:08.789 [main] DEBUG org.openmrs.api.context.UserContext - Checking 'Set Audit Data' against proxies: []
16:13:08.789 [main] DEBUG org.openmrs.User - User's base roles: [System Developer]
16:13:08.789 [main] DEBUG org.openmrs.aop.AuthorizationAdvice - Calling authorization advice before saveRelationshipType
16:13:08.789 [main] DEBUG org.openmrs.aop.AuthorizationAdvice - User admin
16:13:08.789 [main] DEBUG org.openmrs.User - User's base roles: [System Developer]
16:13:08.789 [main] DEBUG org.openmrs.aop.AuthorizationAdvice - has roles [System Developer]
16:13:08.789 [main] DEBUG org.openmrs.api.context.UserContext - Adding proxy privilege: Get Roles
16:13:08.789 [main] DEBUG org.openmrs.api.context.UserContext - Checking 'Manage Relationship Types' against proxies: [Get Roles]
16:13:08.789 [main] DEBUG org.openmrs.User - User's base roles: [System Developer]
16:13:08.789 [main] DEBUG org.openmrs.aop.AuthorizationAdvice - User has privilege Manage Relationship Types? true
16:13:08.789 [main] DEBUG org.openmrs.api.context.UserContext - Removing privilege: Get Roles
16:13:08.789 [main] DEBUG org.openmrs.aop.AuthorizationAdvice - Calling authorization advice before validate
16:13:08.789 [main] DEBUG org.openmrs.aop.AuthorizationAdvice - User admin
16:13:08.789 [main] DEBUG org.openmrs.User - User's base roles: [System Developer]
16:13:08.789 [main] DEBUG org.openmrs.aop.AuthorizationAdvice - has roles [System Developer]
16:13:08.789 [main] DEBUG org.springframework.orm.hibernate5.HibernateTransactionManager - Found thread-bound Session [SessionImpl(1084667807<open>)] for Hibernate transaction
16:13:08.789 [main] DEBUG org.springframework.orm.hibernate5.HibernateTransactionManager - Participating in existing transaction
16:13:08.789 [main] DEBUG org.springframework.orm.hibernate5.HibernateTransactionManager - Found thread-bound Session [SessionImpl(1084667807<open>)] for Hibernate transaction
16:13:08.789 [main] DEBUG org.springframework.orm.hibernate5.HibernateTransactionManager - Participating in existing transaction
16:13:08.789 [main] DEBUG org.openmrs.aop.AuthorizationAdvice - Calling authorization advice before getRelationshipTypeByName
16:13:08.790 [main] DEBUG org.openmrs.aop.AuthorizationAdvice - User admin
16:13:08.790 [main] DEBUG org.openmrs.User - User's base roles: [System Developer]
16:13:08.790 [main] DEBUG org.openmrs.aop.AuthorizationAdvice - has roles [System Developer]
16:13:08.790 [main] DEBUG org.openmrs.api.context.UserContext - Adding proxy privilege: Get Roles
16:13:08.790 [main] DEBUG org.openmrs.api.context.UserContext - Checking 'Get Relationship Types' against proxies: [Get Roles]
16:13:08.790 [main] DEBUG org.openmrs.User - User's base roles: [System Developer]
16:13:08.790 [main] DEBUG org.openmrs.aop.AuthorizationAdvice - User has privilege Get Relationship Types? true
16:13:08.790 [main] DEBUG org.openmrs.api.context.UserContext - Removing privilege: Get Roles
16:13:08.790 [main] DEBUG org.springframework.orm.hibernate5.HibernateTransactionManager - Found thread-bound Session [SessionImpl(1084667807<open>)] for Hibernate transaction
16:13:08.790 [main] DEBUG org.springframework.orm.hibernate5.HibernateTransactionManager - Participating in existing transaction
16:13:08.790 [main] DEBUG org.springframework.orm.hibernate5.HibernateTransactionManager - Found thread-bound Session [SessionImpl(1084667807<open>)] for Hibernate transaction
16:13:08.790 [main] DEBUG org.springframework.orm.hibernate5.HibernateTransactionManager - Participating in existing transaction
16:13:08.790 [main] DEBUG org.openmrs.aop.AuthorizationAdvice - Calling authorization advice before getMaximumPropertyLength
16:13:08.790 [main] DEBUG org.openmrs.aop.AuthorizationAdvice - User admin
16:13:08.790 [main] DEBUG org.openmrs.User - User's base roles: [System Developer]
16:13:08.790 [main] DEBUG org.openmrs.aop.AuthorizationAdvice - has roles [System Developer]
16:13:08.790 [main] DEBUG org.springframework.orm.hibernate5.HibernateTransactionManager - Found thread-bound Session [SessionImpl(1084667807<open>)] for Hibernate transaction
16:13:08.790 [main] DEBUG org.springframework.orm.hibernate5.HibernateTransactionManager - Participating in existing transaction
16:13:08.790 [main] DEBUG org.springframework.orm.hibernate5.HibernateTransactionManager - Found thread-bound Session [SessionImpl(1084667807<open>)] for Hibernate transaction
16:13:08.790 [main] DEBUG org.springframework.orm.hibernate5.HibernateTransactionManager - Participating in existing transaction
16:13:08.790 [main] DEBUG org.openmrs.aop.AuthorizationAdvice - Calling authorization advice before getMaximumPropertyLength
16:13:08.790 [main] DEBUG org.openmrs.aop.AuthorizationAdvice - User admin
16:13:08.790 [main] DEBUG org.openmrs.User - User's base roles: [System Developer]
16:13:08.790 [main] DEBUG org.openmrs.aop.AuthorizationAdvice - has roles [System Developer]
16:13:08.791 [main] DEBUG org.springframework.orm.hibernate5.HibernateTransactionManager - Found thread-bound Session [SessionImpl(1084667807<open>)] for Hibernate transaction
16:13:08.791 [main] DEBUG org.springframework.orm.hibernate5.HibernateTransactionManager - Participating in existing transaction
16:13:08.791 [main] DEBUG org.springframework.orm.hibernate5.HibernateTransactionManager - Found thread-bound Session [SessionImpl(1084667807<open>)] for Hibernate transaction
16:13:08.791 [main] DEBUG org.springframework.orm.hibernate5.HibernateTransactionManager - Participating in existing transaction
16:13:08.791 [main] DEBUG org.openmrs.aop.AuthorizationAdvice - Calling authorization advice before getMaximumPropertyLength
16:13:08.791 [main] DEBUG org.openmrs.aop.AuthorizationAdvice - User admin
16:13:08.791 [main] DEBUG org.openmrs.User - User's base roles: [System Developer]
16:13:08.791 [main] DEBUG org.openmrs.aop.AuthorizationAdvice - has roles [System Developer]
16:13:08.791 [main] DEBUG org.springframework.orm.hibernate5.HibernateTransactionManager - Found thread-bound Session [SessionImpl(1084667807<open>)] for Hibernate transaction
16:13:08.791 [main] DEBUG org.springframework.orm.hibernate5.HibernateTransactionManager - Participating in existing transaction
16:13:08.791 [main] DEBUG org.springframework.orm.hibernate5.HibernateTransactionManager - Found thread-bound Session [SessionImpl(1084667807<open>)] for Hibernate transaction
16:13:08.791 [main] DEBUG org.springframework.orm.hibernate5.HibernateTransactionManager - Participating in existing transaction
16:13:08.791 [main] DEBUG org.openmrs.api - In method PersonService.saveRelationshipType. Arguments: RelationshipType=Teacher/Student, 
16:13:08.791 [main] DEBUG org.springframework.orm.hibernate5.HibernateTransactionManager - Found thread-bound Session [SessionImpl(1084667807<open>)] for Hibernate transaction
16:13:08.791 [main] DEBUG org.springframework.orm.hibernate5.HibernateTransactionManager - Participating in existing transaction
16:13:08.791 [main] DEBUG org.springframework.orm.hibernate5.HibernateTransactionManager - Found thread-bound Session [SessionImpl(1084667807<open>)] for Hibernate transaction
16:13:08.791 [main] DEBUG org.springframework.orm.hibernate5.HibernateTransactionManager - Participating in existing transaction
16:13:08.791 [main] DEBUG org.openmrs.api.db.hibernate.AuditableInterceptor - Setting creator and dateCreated on Teacher/Student
16:13:08.792 [main] DEBUG org.openmrs.api - Exiting method saveRelationshipType. execution time: 1 ms
16:13:08.792 [main] DEBUG org.openmrs.aop.AuthorizationAdvice - Calling authorization advice before getResourceBySupportedClass
16:13:08.792 [main] DEBUG org.openmrs.aop.AuthorizationAdvice - User admin
16:13:08.792 [main] DEBUG org.openmrs.User - User's base roles: [System Developer]
16:13:08.792 [main] DEBUG org.openmrs.aop.AuthorizationAdvice - has roles [System Developer]
16:13:08.792 [main] DEBUG org.openmrs.aop.AuthorizationAdvice - Calling authorization advice before getMessage
16:13:08.792 [main] DEBUG org.openmrs.aop.AuthorizationAdvice - User admin
16:13:08.792 [main] DEBUG org.openmrs.User - User's base roles: [System Developer]
16:13:08.792 [main] DEBUG org.openmrs.aop.AuthorizationAdvice - has roles [System Developer]
16:13:08.792 [main] DEBUG org.openmrs.aop.AuthorizationAdvice - Calling authorization advice before getMessage
16:13:08.792 [main] DEBUG org.openmrs.aop.AuthorizationAdvice - User admin
16:13:08.792 [main] DEBUG org.openmrs.User - User's base roles: [System Developer]
16:13:08.792 [main] DEBUG org.openmrs.aop.AuthorizationAdvice - has roles [System Developer]
16:13:08.793 [main] DEBUG org.openmrs.messagesource.impl.MutableResourceBundleMessageSource - No properties file found for [classpath:custom_messages_en_GB] - neither plain properties nor XML
16:13:08.793 [main] DEBUG org.openmrs.messagesource.impl.MutableResourceBundleMessageSource - No properties file found for [classpath:custom_messages_en] - neither plain properties nor XML
16:13:08.794 [main] DEBUG org.openmrs.messagesource.impl.MutableResourceBundleMessageSource - No properties file found for [classpath:custom_messages_en_US] - neither plain properties nor XML
16:13:08.794 [main] DEBUG org.openmrs.messagesource.impl.MutableResourceBundleMessageSource - No properties file found for [classpath:custom_messages] - neither plain properties nor XML
16:13:08.794 [main] DEBUG org.openmrs.messagesource.impl.MutableResourceBundleMessageSource - Re-caching properties for filename [classpath:messages_en_GB] - file hasn't been modified
16:13:08.795 [main] DEBUG org.openmrs.messagesource.impl.MutableResourceBundleMessageSource - No properties file found for [classpath:messages_en] - neither plain properties nor XML
16:13:08.795 [main] DEBUG org.openmrs.messagesource.impl.MutableResourceBundleMessageSource - No properties file found for [classpath:messages_en_US] - neither plain properties nor XML
16:13:08.795 [main] DEBUG org.openmrs.messagesource.impl.MutableResourceBundleMessageSource - Re-caching properties for filename [classpath:messages] - file hasn't been modified
16:13:08.795 [main] DEBUG org.openmrs.aop.AuthorizationAdvice - Calling authorization advice before getMessage
16:13:08.796 [main] DEBUG org.openmrs.aop.AuthorizationAdvice - User admin
16:13:08.796 [main] DEBUG org.openmrs.User - User's base roles: [System Developer]
16:13:08.796 [main] DEBUG org.openmrs.aop.AuthorizationAdvice - has roles [System Developer]
16:13:08.796 [main] DEBUG org.openmrs.aop.AuthorizationAdvice - Calling authorization advice before getMessage
16:13:08.796 [main] DEBUG org.openmrs.aop.AuthorizationAdvice - User admin
16:13:08.796 [main] DEBUG org.openmrs.User - User's base roles: [System Developer]
16:13:08.796 [main] DEBUG org.openmrs.aop.AuthorizationAdvice - has roles [System Developer]
16:13:08.796 [main] DEBUG org.springframework.web.servlet.mvc.method.annotation.RequestResponseBodyMethodProcessor - Using 'application/json', given [*/*] and supported [application/json, application/*+json, application/xml, text/xml, application/*+xml]
16:13:08.796 [main] DEBUG org.springframework.web.servlet.mvc.method.annotation.RequestResponseBodyMethodProcessor - Writing [{uuid=a0156ea6-644b-464d-aac6-d93f79896278, display=Teacher/Student, description=test relation, aIsT (truncated)...]
16:13:08.797 [main] DEBUG org.openmrs.aop.AuthorizationAdvice - Calling authorization advice before getAllRelationshipTypes
16:13:08.797 [main] DEBUG org.openmrs.aop.AuthorizationAdvice - User admin
16:13:08.797 [main] DEBUG org.openmrs.User - User's base roles: [System Developer]
16:13:08.797 [main] DEBUG org.openmrs.aop.AuthorizationAdvice - has roles [System Developer]
16:13:08.797 [main] DEBUG org.openmrs.api.context.UserContext - Adding proxy privilege: Get Roles
16:13:08.797 [main] DEBUG org.openmrs.api.context.UserContext - Checking 'Get Relationship Types' against proxies: [Get Roles]
16:13:08.797 [main] DEBUG org.openmrs.User - User's base roles: [System Developer]
16:13:08.797 [main] DEBUG org.openmrs.aop.AuthorizationAdvice - User has privilege Get Relationship Types? true
16:13:08.797 [main] DEBUG org.openmrs.api.context.UserContext - Removing privilege: Get Roles
16:13:08.797 [main] DEBUG org.springframework.orm.hibernate5.HibernateTransactionManager - Found thread-bound Session [SessionImpl(1084667807<open>)] for Hibernate transaction
16:13:08.797 [main] DEBUG org.springframework.orm.hibernate5.HibernateTransactionManager - Participating in existing transaction
16:13:08.797 [main] DEBUG org.springframework.orm.hibernate5.HibernateTransactionManager - Found thread-bound Session [SessionImpl(1084667807<open>)] for Hibernate transaction
16:13:08.797 [main] DEBUG org.springframework.orm.hibernate5.HibernateTransactionManager - Participating in existing transaction
16:13:08.797 [main] DEBUG org.openmrs.aop.AuthorizationAdvice - Calling authorization advice before getAllRelationshipTypes
16:13:08.797 [main] DEBUG org.openmrs.aop.AuthorizationAdvice - User admin
16:13:08.797 [main] DEBUG org.openmrs.User - User's base roles: [System Developer]
16:13:08.797 [main] DEBUG org.openmrs.aop.AuthorizationAdvice - has roles [System Developer]
16:13:08.797 [main] DEBUG org.openmrs.api.context.UserContext - Adding proxy privilege: Get Roles
16:13:08.797 [main] DEBUG org.openmrs.api.context.UserContext - Checking 'Get Relationship Types' against proxies: [Get Roles]
16:13:08.797 [main] DEBUG org.openmrs.User - User's base roles: [System Developer]
16:13:08.797 [main] DEBUG org.openmrs.aop.AuthorizationAdvice - User has privilege Get Relationship Types? true
16:13:08.797 [main] DEBUG org.openmrs.api.context.UserContext - Removing privilege: Get Roles
16:13:08.797 [main] DEBUG org.springframework.orm.hibernate5.HibernateTransactionManager - Found thread-bound Session [SessionImpl(1084667807<open>)] for Hibernate transaction
16:13:08.797 [main] DEBUG org.springframework.orm.hibernate5.HibernateTransactionManager - Participating in existing transaction
16:13:08.797 [main] DEBUG org.springframework.orm.hibernate5.HibernateTransactionManager - Found thread-bound Session [SessionImpl(1084667807<open>)] for Hibernate transaction
16:13:08.797 [main] DEBUG org.springframework.orm.hibernate5.HibernateTransactionManager - Participating in existing transaction
16:13:08.797 [main] DEBUG org.springframework.orm.hibernate5.HibernateTransactionManager - Found thread-bound Session [SessionImpl(1084667807<open>)] for Hibernate transaction
16:13:08.797 [main] DEBUG org.springframework.orm.hibernate5.HibernateTransactionManager - Participating in existing transaction
16:13:08.797 [main] DEBUG org.openmrs.api.context.Context - Clearing DB cache
16:13:08.798 [main] DEBUG org.openmrs.api.context.Context - Clearing API cache
16:13:08.798 [main] DEBUG org.openmrs.api.context.Context - Logging out : admin
16:13:08.798 [main] DEBUG org.openmrs.api.context.UserContext - setting user to null on logout
16:13:08.798 [main] DEBUG org.springframework.orm.hibernate5.HibernateTransactionManager - Initiating transaction rollback
16:13:08.798 [main] DEBUG org.springframework.orm.hibernate5.HibernateTransactionManager - Rolling back Hibernate transaction on Session [SessionImpl(1084667807<open>)]
16:13:08.798 [main] DEBUG org.springframework.orm.hibernate5.HibernateTransactionManager - Closing Hibernate Session [SessionImpl(1084667807<open>)] after transaction
16:13:08.798 [main] INFO org.springframework.test.context.transaction.TransactionContext - Rolled back transaction for test: [DefaultTestContext@2ba466d testClass = RelationshipTypeController1_8Test, testInstance = org.openmrs.module.webservices.rest.web.v1_0.controller.openmrs1_8.RelationshipTypeController1_8Test@163eac8d, testMethod = shouldCreateARelationshipType@RelationshipTypeController1_8Test, testException = [null], mergedContextConfiguration = [WebMergedContextConfiguration@30276fff testClass = RelationshipTypeController1_8Test, locations = '{classpath:applicationContext-service.xml, classpath*:TestingApplicationContext.xml, classpath*:moduleApplicationContext.xml, classpath*:openmrs-servlet.xml, classpath*:webModuleApplicationContext.xml}', classes = '{}', contextInitializerClasses = '[]', activeProfiles = '{}', propertySourceLocations = '{}', propertySourceProperties = '{}', contextCustomizers = set[[empty]], resourceBasePath = 'src/main/webapp', contextLoader = 'org.springframework.test.context.web.WebDelegatingSmartContextLoader', parent = [null]], attributes = map['org.springframework.test.context.web.ServletTestExecutionListener.populatedRequestContextHolder' -> true, 'org.springframework.test.context.web.ServletTestExecutionListener.resetRequestContextHolder' -> true, 'org.springframework.test.context.event.ApplicationEventsTestExecutionListener.recordApplicationEvents' -> false]]
]]></system-out>
  </testcase>
  <testcase name="shouldSearchAndReturnAListOfRelationshipTypesMatchingTheQueryString" classname="org.openmrs.module.webservices.rest.web.v1_0.controller.openmrs1_8.RelationshipTypeController1_8Test" time="0.007">
    <system-out><![CDATA[16:13:08.798 [main] DEBUG org.openmrs.test.BaseContextSensitiveTest - props: {connection.username=sa, connection.url=jdbc:h2:mem:openmrs;DB_CLOSE_DELAY=30;LOCK_TIMEOUT=10000, hibernate.connection.driver_class=org.h2.Driver, hibernate.dialect=org.hibernate.dialect.H2Dialect, connection.password=, hibernate.connection.username=sa, hibernate.hbm2ddl.auto=create-drop, hibernate.connection.url=jdbc:h2:mem:openmrs;DB_CLOSE_DELAY=30;LOCK_TIMEOUT=10000, hibernate.connection.password=}
16:13:08.799 [main] DEBUG org.springframework.orm.hibernate5.HibernateTransactionManager - Creating new transaction with name [org.openmrs.module.webservices.rest.web.v1_0.controller.openmrs1_8.RelationshipTypeController1_8Test.shouldSearchAndReturnAListOfRelationshipTypesMatchingTheQueryString]: PROPAGATION_REQUIRED,ISOLATION_DEFAULT
16:13:08.799 [main] DEBUG org.springframework.orm.hibernate5.HibernateTransactionManager - Opened new Session [SessionImpl(1106404006<open>)] for Hibernate transaction
16:13:08.799 [main] DEBUG org.springframework.orm.hibernate5.HibernateTransactionManager - Exposing Hibernate transaction as JDBC [org.springframework.orm.hibernate5.HibernateTransactionManager$$Lambda$1394/0x00000007c0e3dc28@188177f5]
16:13:08.799 [main] INFO org.springframework.test.context.transaction.TransactionContext - Began transaction (1) for test context [DefaultTestContext@2ba466d testClass = RelationshipTypeController1_8Test, testInstance = org.openmrs.module.webservices.rest.web.v1_0.controller.openmrs1_8.RelationshipTypeController1_8Test@10c1fcf0, testMethod = shouldSearchAndReturnAListOfRelationshipTypesMatchingTheQueryString@RelationshipTypeController1_8Test, testException = [null], mergedContextConfiguration = [WebMergedContextConfiguration@30276fff testClass = RelationshipTypeController1_8Test, locations = '{classpath:applicationContext-service.xml, classpath*:TestingApplicationContext.xml, classpath*:moduleApplicationContext.xml, classpath*:openmrs-servlet.xml, classpath*:webModuleApplicationContext.xml}', classes = '{}', contextInitializerClasses = '[]', activeProfiles = '{}', propertySourceLocations = '{}', propertySourceProperties = '{}', contextCustomizers = set[[empty]], resourceBasePath = 'src/main/webapp', contextLoader = 'org.springframework.test.context.web.WebDelegatingSmartContextLoader', parent = [null]], attributes = map['org.springframework.test.context.web.ServletTestExecutionListener.populatedRequestContextHolder' -> true, 'org.springframework.test.context.web.ServletTestExecutionListener.resetRequestContextHolder' -> true, 'org.springframework.test.context.event.ApplicationEventsTestExecutionListener.recordApplicationEvents' -> false]]; transaction manager [org.springframework.orm.hibernate5.HibernateTransactionManager@f47a569]; rollback [true]
16:13:08.799 [main] DEBUG org.openmrs.api.context.UserContext - Authenticating client 'admin' with scheme 'OPENMRS_USERPASS_AUTH_SCHEME'
16:13:08.799 [main] DEBUG org.openmrs.api.context.UsernamePasswordAuthenticationScheme - Authenticating client: admin
16:13:08.799 [main] DEBUG org.springframework.orm.hibernate5.HibernateTransactionManager - Found thread-bound Session [SessionImpl(1106404006<open>)] for Hibernate transaction
16:13:08.799 [main] DEBUG org.springframework.orm.hibernate5.HibernateTransactionManager - Participating in existing transaction
16:13:08.801 [main] DEBUG org.openmrs.api.db.hibernate.HibernateContextDAO - Candidate user id: 1
16:13:08.801 [main] DEBUG org.openmrs.User - User's base roles: [System Developer]
16:13:08.801 [main] DEBUG org.openmrs.User - User's base roles: [System Developer]
16:13:08.801 [main] DEBUG org.openmrs.api.context.UserContext - Authenticated as: admin
16:13:08.801 [main] DEBUG org.springframework.orm.hibernate5.HibernateTransactionManager - Found thread-bound Session [SessionImpl(1106404006<open>)] for Hibernate transaction
16:13:08.801 [main] DEBUG org.springframework.orm.hibernate5.HibernateTransactionManager - Participating in existing transaction
16:13:08.801 [main] DEBUG org.springframework.web.servlet.mvc.method.annotation.RequestMappingHandlerMapping - Mapped to org.openmrs.module.webservices.rest.web.v1_0.controller.MainResourceController#get(String, HttpServletRequest, HttpServletResponse)
16:13:08.802 [main] DEBUG org.openmrs.aop.AuthorizationAdvice - Calling authorization advice before getResourceByName
16:13:08.802 [main] DEBUG org.openmrs.aop.AuthorizationAdvice - User admin
16:13:08.802 [main] DEBUG org.openmrs.User - User's base roles: [System Developer]
16:13:08.802 [main] DEBUG org.openmrs.aop.AuthorizationAdvice - has roles [System Developer]
16:13:08.802 [main] DEBUG org.openmrs.api.context.UserContext - Adding proxy privilege: Get Global Properties
16:13:08.802 [main] DEBUG org.openmrs.aop.AuthorizationAdvice - Calling authorization advice before getGlobalProperty
16:13:08.802 [main] DEBUG org.openmrs.aop.AuthorizationAdvice - User admin
16:13:08.802 [main] DEBUG org.openmrs.User - User's base roles: [System Developer]
16:13:08.802 [main] DEBUG org.openmrs.aop.AuthorizationAdvice - has roles [System Developer]
16:13:08.802 [main] DEBUG org.openmrs.api.context.UserContext - Adding proxy privilege: Get Roles
16:13:08.802 [main] DEBUG org.openmrs.api.context.UserContext - Checking 'Get Global Properties' against proxies: [Get Global Properties, Get Roles]
16:13:08.802 [main] DEBUG org.openmrs.aop.AuthorizationAdvice - User has privilege Get Global Properties? true
16:13:08.802 [main] DEBUG org.openmrs.api.context.UserContext - Removing privilege: Get Roles
16:13:08.802 [main] DEBUG org.springframework.orm.hibernate5.HibernateTransactionManager - Found thread-bound Session [SessionImpl(1106404006<open>)] for Hibernate transaction
16:13:08.802 [main] DEBUG org.springframework.orm.hibernate5.HibernateTransactionManager - Participating in existing transaction
16:13:08.802 [main] DEBUG org.springframework.orm.hibernate5.HibernateTransactionManager - Found thread-bound Session [SessionImpl(1106404006<open>)] for Hibernate transaction
16:13:08.802 [main] DEBUG org.springframework.orm.hibernate5.HibernateTransactionManager - Participating in existing transaction
16:13:08.802 [main] DEBUG org.openmrs.aop.AuthorizationAdvice - Calling authorization advice before getGlobalProperty
16:13:08.803 [main] DEBUG org.openmrs.aop.AuthorizationAdvice - User admin
16:13:08.803 [main] DEBUG org.openmrs.User - User's base roles: [System Developer]
16:13:08.803 [main] DEBUG org.openmrs.aop.AuthorizationAdvice - has roles [System Developer]
16:13:08.803 [main] DEBUG org.openmrs.api.context.UserContext - Adding proxy privilege: Get Roles
16:13:08.803 [main] DEBUG org.openmrs.api.context.UserContext - Checking 'Get Global Properties' against proxies: [Get Global Properties, Get Roles]
16:13:08.803 [main] DEBUG org.openmrs.aop.AuthorizationAdvice - User has privilege Get Global Properties? true
16:13:08.803 [main] DEBUG org.openmrs.api.context.UserContext - Removing privilege: Get Roles
16:13:08.803 [main] DEBUG org.springframework.orm.hibernate5.HibernateTransactionManager - Found thread-bound Session [SessionImpl(1106404006<open>)] for Hibernate transaction
16:13:08.803 [main] DEBUG org.springframework.orm.hibernate5.HibernateTransactionManager - Participating in existing transaction
16:13:08.803 [main] DEBUG org.springframework.orm.hibernate5.HibernateTransactionManager - Found thread-bound Session [SessionImpl(1106404006<open>)] for Hibernate transaction
16:13:08.803 [main] DEBUG org.springframework.orm.hibernate5.HibernateTransactionManager - Participating in existing transaction
16:13:08.803 [main] DEBUG org.openmrs.api.context.UserContext - Removing privilege: Get Global Properties
16:13:08.803 [main] DEBUG org.openmrs.aop.AuthorizationAdvice - Calling authorization advice before getSearchHandler
16:13:08.803 [main] DEBUG org.openmrs.aop.AuthorizationAdvice - User admin
16:13:08.803 [main] DEBUG org.openmrs.User - User's base roles: [System Developer]
16:13:08.803 [main] DEBUG org.openmrs.aop.AuthorizationAdvice - has roles [System Developer]
16:13:08.803 [main] DEBUG org.openmrs.aop.AuthorizationAdvice - Calling authorization advice before getAllRelationshipTypes
16:13:08.803 [main] DEBUG org.openmrs.aop.AuthorizationAdvice - User admin
16:13:08.803 [main] DEBUG org.openmrs.User - User's base roles: [System Developer]
16:13:08.803 [main] DEBUG org.openmrs.aop.AuthorizationAdvice - has roles [System Developer]
16:13:08.803 [main] DEBUG org.openmrs.api.context.UserContext - Adding proxy privilege: Get Roles
16:13:08.804 [main] DEBUG org.openmrs.api.context.UserContext - Checking 'Get Relationship Types' against proxies: [Get Roles]
16:13:08.804 [main] DEBUG org.openmrs.User - User's base roles: [System Developer]
16:13:08.804 [main] DEBUG org.openmrs.aop.AuthorizationAdvice - User has privilege Get Relationship Types? true
16:13:08.804 [main] DEBUG org.openmrs.api.context.UserContext - Removing privilege: Get Roles
16:13:08.804 [main] DEBUG org.springframework.orm.hibernate5.HibernateTransactionManager - Found thread-bound Session [SessionImpl(1106404006<open>)] for Hibernate transaction
16:13:08.804 [main] DEBUG org.springframework.orm.hibernate5.HibernateTransactionManager - Participating in existing transaction
16:13:08.804 [main] DEBUG org.springframework.orm.hibernate5.HibernateTransactionManager - Found thread-bound Session [SessionImpl(1106404006<open>)] for Hibernate transaction
16:13:08.804 [main] DEBUG org.springframework.orm.hibernate5.HibernateTransactionManager - Participating in existing transaction
16:13:08.804 [main] DEBUG org.openmrs.aop.AuthorizationAdvice - Calling authorization advice before getAllRelationshipTypes
16:13:08.804 [main] DEBUG org.openmrs.aop.AuthorizationAdvice - User admin
16:13:08.804 [main] DEBUG org.openmrs.User - User's base roles: [System Developer]
16:13:08.804 [main] DEBUG org.openmrs.aop.AuthorizationAdvice - has roles [System Developer]
16:13:08.804 [main] DEBUG org.openmrs.api.context.UserContext - Adding proxy privilege: Get Roles
16:13:08.804 [main] DEBUG org.openmrs.api.context.UserContext - Checking 'Get Relationship Types' against proxies: [Get Roles]
16:13:08.804 [main] DEBUG org.openmrs.User - User's base roles: [System Developer]
16:13:08.804 [main] DEBUG org.openmrs.aop.AuthorizationAdvice - User has privilege Get Relationship Types? true
16:13:08.804 [main] DEBUG org.openmrs.api.context.UserContext - Removing privilege: Get Roles
16:13:08.804 [main] DEBUG org.springframework.orm.hibernate5.HibernateTransactionManager - Found thread-bound Session [SessionImpl(1106404006<open>)] for Hibernate transaction
16:13:08.804 [main] DEBUG org.springframework.orm.hibernate5.HibernateTransactionManager - Participating in existing transaction
16:13:08.804 [main] DEBUG org.springframework.orm.hibernate5.HibernateTransactionManager - Found thread-bound Session [SessionImpl(1106404006<open>)] for Hibernate transaction
16:13:08.804 [main] DEBUG org.springframework.orm.hibernate5.HibernateTransactionManager - Participating in existing transaction
16:13:08.804 [main] DEBUG org.springframework.web.servlet.mvc.method.annotation.RequestResponseBodyMethodProcessor - Using 'application/json', given [*/*] and supported [application/json, application/*+json, application/xml, text/xml, application/*+xml]
16:13:08.804 [main] DEBUG org.springframework.web.servlet.mvc.method.annotation.RequestResponseBodyMethodProcessor - Writing [{results=[{uuid=6d9002ea-a96b-4889-af78-82d48c57a110, display=Doctor/Patient, links=[org.openmrs.mod (truncated)...]
16:13:08.805 [main] DEBUG org.springframework.orm.hibernate5.HibernateTransactionManager - Found thread-bound Session [SessionImpl(1106404006<open>)] for Hibernate transaction
16:13:08.805 [main] DEBUG org.springframework.orm.hibernate5.HibernateTransactionManager - Participating in existing transaction
16:13:08.805 [main] DEBUG org.openmrs.api.context.Context - Clearing DB cache
16:13:08.805 [main] DEBUG org.openmrs.api.context.Context - Clearing API cache
16:13:08.805 [main] DEBUG org.openmrs.api.context.Context - Logging out : admin
16:13:08.805 [main] DEBUG org.openmrs.api.context.UserContext - setting user to null on logout
16:13:08.805 [main] DEBUG org.springframework.orm.hibernate5.HibernateTransactionManager - Initiating transaction rollback
16:13:08.805 [main] DEBUG org.springframework.orm.hibernate5.HibernateTransactionManager - Rolling back Hibernate transaction on Session [SessionImpl(1106404006<open>)]
16:13:08.805 [main] DEBUG org.springframework.orm.hibernate5.HibernateTransactionManager - Closing Hibernate Session [SessionImpl(1106404006<open>)] after transaction
16:13:08.805 [main] INFO org.springframework.test.context.transaction.TransactionContext - Rolled back transaction for test: [DefaultTestContext@2ba466d testClass = RelationshipTypeController1_8Test, testInstance = org.openmrs.module.webservices.rest.web.v1_0.controller.openmrs1_8.RelationshipTypeController1_8Test@10c1fcf0, testMethod = shouldSearchAndReturnAListOfRelationshipTypesMatchingTheQueryString@RelationshipTypeController1_8Test, testException = [null], mergedContextConfiguration = [WebMergedContextConfiguration@30276fff testClass = RelationshipTypeController1_8Test, locations = '{classpath:applicationContext-service.xml, classpath*:TestingApplicationContext.xml, classpath*:moduleApplicationContext.xml, classpath*:openmrs-servlet.xml, classpath*:webModuleApplicationContext.xml}', classes = '{}', contextInitializerClasses = '[]', activeProfiles = '{}', propertySourceLocations = '{}', propertySourceProperties = '{}', contextCustomizers = set[[empty]], resourceBasePath = 'src/main/webapp', contextLoader = 'org.springframework.test.context.web.WebDelegatingSmartContextLoader', parent = [null]], attributes = map['org.springframework.test.context.web.ServletTestExecutionListener.populatedRequestContextHolder' -> true, 'org.springframework.test.context.web.ServletTestExecutionListener.resetRequestContextHolder' -> true, 'org.springframework.test.context.event.ApplicationEventsTestExecutionListener.recordApplicationEvents' -> false]]
]]></system-out>
  </testcase>
  <testcase name="shouldEditARelationshipType" classname="org.openmrs.module.webservices.rest.web.v1_0.controller.openmrs1_8.RelationshipTypeController1_8Test" time="0.009">
    <system-out><![CDATA[16:13:08.806 [main] DEBUG org.openmrs.test.BaseContextSensitiveTest - props: {connection.username=sa, connection.url=jdbc:h2:mem:openmrs;DB_CLOSE_DELAY=30;LOCK_TIMEOUT=10000, hibernate.connection.driver_class=org.h2.Driver, hibernate.dialect=org.hibernate.dialect.H2Dialect, connection.password=, hibernate.connection.username=sa, hibernate.hbm2ddl.auto=create-drop, hibernate.connection.url=jdbc:h2:mem:openmrs;DB_CLOSE_DELAY=30;LOCK_TIMEOUT=10000, hibernate.connection.password=}
16:13:08.806 [main] DEBUG org.springframework.orm.hibernate5.HibernateTransactionManager - Creating new transaction with name [org.openmrs.module.webservices.rest.web.v1_0.controller.openmrs1_8.RelationshipTypeController1_8Test.shouldEditARelationshipType]: PROPAGATION_REQUIRED,ISOLATION_DEFAULT
16:13:08.806 [main] DEBUG org.springframework.orm.hibernate5.HibernateTransactionManager - Opened new Session [SessionImpl(318168816<open>)] for Hibernate transaction
16:13:08.806 [main] DEBUG org.springframework.orm.hibernate5.HibernateTransactionManager - Exposing Hibernate transaction as JDBC [org.springframework.orm.hibernate5.HibernateTransactionManager$$Lambda$1394/0x00000007c0e3dc28@623a878]
16:13:08.806 [main] INFO org.springframework.test.context.transaction.TransactionContext - Began transaction (1) for test context [DefaultTestContext@2ba466d testClass = RelationshipTypeController1_8Test, testInstance = org.openmrs.module.webservices.rest.web.v1_0.controller.openmrs1_8.RelationshipTypeController1_8Test@3c224959, testMethod = shouldEditARelationshipType@RelationshipTypeController1_8Test, testException = [null], mergedContextConfiguration = [WebMergedContextConfiguration@30276fff testClass = RelationshipTypeController1_8Test, locations = '{classpath:applicationContext-service.xml, classpath*:TestingApplicationContext.xml, classpath*:moduleApplicationContext.xml, classpath*:openmrs-servlet.xml, classpath*:webModuleApplicationContext.xml}', classes = '{}', contextInitializerClasses = '[]', activeProfiles = '{}', propertySourceLocations = '{}', propertySourceProperties = '{}', contextCustomizers = set[[empty]], resourceBasePath = 'src/main/webapp', contextLoader = 'org.springframework.test.context.web.WebDelegatingSmartContextLoader', parent = [null]], attributes = map['org.springframework.test.context.web.ServletTestExecutionListener.populatedRequestContextHolder' -> true, 'org.springframework.test.context.web.ServletTestExecutionListener.resetRequestContextHolder' -> true, 'org.springframework.test.context.event.ApplicationEventsTestExecutionListener.recordApplicationEvents' -> false]]; transaction manager [org.springframework.orm.hibernate5.HibernateTransactionManager@f47a569]; rollback [true]
16:13:08.806 [main] DEBUG org.openmrs.api.context.UserContext - Authenticating client 'admin' with scheme 'OPENMRS_USERPASS_AUTH_SCHEME'
16:13:08.806 [main] DEBUG org.openmrs.api.context.UsernamePasswordAuthenticationScheme - Authenticating client: admin
16:13:08.806 [main] DEBUG org.springframework.orm.hibernate5.HibernateTransactionManager - Found thread-bound Session [SessionImpl(318168816<open>)] for Hibernate transaction
16:13:08.806 [main] DEBUG org.springframework.orm.hibernate5.HibernateTransactionManager - Participating in existing transaction
16:13:08.808 [main] DEBUG org.openmrs.api.db.hibernate.HibernateContextDAO - Candidate user id: 1
16:13:08.808 [main] DEBUG org.openmrs.User - User's base roles: [System Developer]
16:13:08.808 [main] DEBUG org.openmrs.User - User's base roles: [System Developer]
16:13:08.808 [main] DEBUG org.openmrs.api.context.UserContext - Authenticated as: admin
16:13:08.808 [main] DEBUG org.springframework.orm.hibernate5.HibernateTransactionManager - Found thread-bound Session [SessionImpl(318168816<open>)] for Hibernate transaction
16:13:08.808 [main] DEBUG org.springframework.orm.hibernate5.HibernateTransactionManager - Participating in existing transaction
16:13:08.809 [main] DEBUG org.springframework.web.servlet.mvc.method.annotation.RequestMappingHandlerMapping - Mapped to org.openmrs.module.webservices.rest.web.v1_0.controller.MainResourceController#update(String, String, SimpleObject, HttpServletRequest, HttpServletResponse)
16:13:08.809 [main] DEBUG org.springframework.web.servlet.mvc.method.annotation.RequestResponseBodyMethodProcessor - Read "application/json" to [{aIsToB=Teacher, bIsToA=Student, weight=0, description=new description}]
16:13:08.809 [main] DEBUG org.openmrs.api.context.UserContext - Adding proxy privilege: Get Global Properties
16:13:08.809 [main] DEBUG org.openmrs.aop.AuthorizationAdvice - Calling authorization advice before getGlobalProperty
16:13:08.809 [main] DEBUG org.openmrs.aop.AuthorizationAdvice - User admin
16:13:08.809 [main] DEBUG org.openmrs.User - User's base roles: [System Developer]
16:13:08.809 [main] DEBUG org.openmrs.aop.AuthorizationAdvice - has roles [System Developer]
16:13:08.809 [main] DEBUG org.openmrs.api.context.UserContext - Adding proxy privilege: Get Roles
16:13:08.809 [main] DEBUG org.openmrs.api.context.UserContext - Checking 'Get Global Properties' against proxies: [Get Global Properties, Get Roles]
16:13:08.809 [main] DEBUG org.openmrs.aop.AuthorizationAdvice - User has privilege Get Global Properties? true
16:13:08.809 [main] DEBUG org.openmrs.api.context.UserContext - Removing privilege: Get Roles
16:13:08.809 [main] DEBUG org.springframework.orm.hibernate5.HibernateTransactionManager - Found thread-bound Session [SessionImpl(318168816<open>)] for Hibernate transaction
16:13:08.809 [main] DEBUG org.springframework.orm.hibernate5.HibernateTransactionManager - Participating in existing transaction
16:13:08.809 [main] DEBUG org.springframework.orm.hibernate5.HibernateTransactionManager - Found thread-bound Session [SessionImpl(318168816<open>)] for Hibernate transaction
16:13:08.809 [main] DEBUG org.springframework.orm.hibernate5.HibernateTransactionManager - Participating in existing transaction
16:13:08.809 [main] DEBUG org.openmrs.aop.AuthorizationAdvice - Calling authorization advice before getGlobalProperty
16:13:08.809 [main] DEBUG org.openmrs.aop.AuthorizationAdvice - User admin
16:13:08.809 [main] DEBUG org.openmrs.User - User's base roles: [System Developer]
16:13:08.809 [main] DEBUG org.openmrs.aop.AuthorizationAdvice - has roles [System Developer]
16:13:08.809 [main] DEBUG org.openmrs.api.context.UserContext - Adding proxy privilege: Get Roles
16:13:08.809 [main] DEBUG org.openmrs.api.context.UserContext - Checking 'Get Global Properties' against proxies: [Get Global Properties, Get Roles]
16:13:08.809 [main] DEBUG org.openmrs.aop.AuthorizationAdvice - User has privilege Get Global Properties? true
16:13:08.809 [main] DEBUG org.openmrs.api.context.UserContext - Removing privilege: Get Roles
16:13:08.809 [main] DEBUG org.springframework.orm.hibernate5.HibernateTransactionManager - Found thread-bound Session [SessionImpl(318168816<open>)] for Hibernate transaction
16:13:08.809 [main] DEBUG org.springframework.orm.hibernate5.HibernateTransactionManager - Participating in existing transaction
16:13:08.809 [main] DEBUG org.springframework.orm.hibernate5.HibernateTransactionManager - Found thread-bound Session [SessionImpl(318168816<open>)] for Hibernate transaction
16:13:08.809 [main] DEBUG org.springframework.orm.hibernate5.HibernateTransactionManager - Participating in existing transaction
16:13:08.810 [main] DEBUG org.openmrs.api.context.UserContext - Removing privilege: Get Global Properties
16:13:08.810 [main] DEBUG org.openmrs.aop.AuthorizationAdvice - Calling authorization advice before getResourceByName
16:13:08.810 [main] DEBUG org.openmrs.aop.AuthorizationAdvice - User admin
16:13:08.810 [main] DEBUG org.openmrs.User - User's base roles: [System Developer]
16:13:08.810 [main] DEBUG org.openmrs.aop.AuthorizationAdvice - has roles [System Developer]
16:13:08.810 [main] DEBUG org.openmrs.aop.AuthorizationAdvice - Calling authorization advice before getRelationshipTypeByUuid
16:13:08.810 [main] DEBUG org.openmrs.aop.AuthorizationAdvice - User admin
16:13:08.810 [main] DEBUG org.openmrs.User - User's base roles: [System Developer]
16:13:08.810 [main] DEBUG org.openmrs.aop.AuthorizationAdvice - has roles [System Developer]
16:13:08.810 [main] DEBUG org.openmrs.api.context.UserContext - Adding proxy privilege: Get Roles
16:13:08.810 [main] DEBUG org.openmrs.api.context.UserContext - Checking 'Get Relationship Types' against proxies: [Get Roles]
16:13:08.810 [main] DEBUG org.openmrs.User - User's base roles: [System Developer]
16:13:08.810 [main] DEBUG org.openmrs.aop.AuthorizationAdvice - User has privilege Get Relationship Types? true
16:13:08.810 [main] DEBUG org.openmrs.api.context.UserContext - Removing privilege: Get Roles
16:13:08.810 [main] DEBUG org.springframework.orm.hibernate5.HibernateTransactionManager - Found thread-bound Session [SessionImpl(318168816<open>)] for Hibernate transaction
16:13:08.810 [main] DEBUG org.springframework.orm.hibernate5.HibernateTransactionManager - Participating in existing transaction
16:13:08.810 [main] DEBUG org.springframework.orm.hibernate5.HibernateTransactionManager - Found thread-bound Session [SessionImpl(318168816<open>)] for Hibernate transaction
16:13:08.810 [main] DEBUG org.springframework.orm.hibernate5.HibernateTransactionManager - Participating in existing transaction
16:13:08.811 [main] DEBUG org.openmrs.aop.AuthorizationAdvice - Calling authorization advice before saveRelationshipType
16:13:08.811 [main] DEBUG org.openmrs.aop.AuthorizationAdvice - User admin
16:13:08.811 [main] DEBUG org.openmrs.User - User's base roles: [System Developer]
16:13:08.811 [main] DEBUG org.openmrs.aop.AuthorizationAdvice - has roles [System Developer]
16:13:08.811 [main] DEBUG org.openmrs.api.context.UserContext - Adding proxy privilege: Get Roles
16:13:08.811 [main] DEBUG org.openmrs.api.context.UserContext - Checking 'Manage Relationship Types' against proxies: [Get Roles]
16:13:08.811 [main] DEBUG org.openmrs.User - User's base roles: [System Developer]
16:13:08.811 [main] DEBUG org.openmrs.aop.AuthorizationAdvice - User has privilege Manage Relationship Types? true
16:13:08.811 [main] DEBUG org.openmrs.api.context.UserContext - Removing privilege: Get Roles
16:13:08.811 [main] DEBUG org.openmrs.aop.AuthorizationAdvice - Calling authorization advice before validate
16:13:08.811 [main] DEBUG org.openmrs.aop.AuthorizationAdvice - User admin
16:13:08.811 [main] DEBUG org.openmrs.User - User's base roles: [System Developer]
16:13:08.811 [main] DEBUG org.openmrs.aop.AuthorizationAdvice - has roles [System Developer]
16:13:08.811 [main] DEBUG org.springframework.orm.hibernate5.HibernateTransactionManager - Found thread-bound Session [SessionImpl(318168816<open>)] for Hibernate transaction
16:13:08.811 [main] DEBUG org.springframework.orm.hibernate5.HibernateTransactionManager - Participating in existing transaction
16:13:08.811 [main] DEBUG org.springframework.orm.hibernate5.HibernateTransactionManager - Found thread-bound Session [SessionImpl(318168816<open>)] for Hibernate transaction
16:13:08.811 [main] DEBUG org.springframework.orm.hibernate5.HibernateTransactionManager - Participating in existing transaction
16:13:08.811 [main] DEBUG org.openmrs.aop.AuthorizationAdvice - Calling authorization advice before getRelationshipTypeByName
16:13:08.811 [main] DEBUG org.openmrs.aop.AuthorizationAdvice - User admin
16:13:08.811 [main] DEBUG org.openmrs.User - User's base roles: [System Developer]
16:13:08.811 [main] DEBUG org.openmrs.aop.AuthorizationAdvice - has roles [System Developer]
16:13:08.811 [main] DEBUG org.openmrs.api.context.UserContext - Adding proxy privilege: Get Roles
16:13:08.811 [main] DEBUG org.openmrs.api.context.UserContext - Checking 'Get Relationship Types' against proxies: [Get Roles]
16:13:08.811 [main] DEBUG org.openmrs.User - User's base roles: [System Developer]
16:13:08.811 [main] DEBUG org.openmrs.aop.AuthorizationAdvice - User has privilege Get Relationship Types? true
16:13:08.811 [main] DEBUG org.openmrs.api.context.UserContext - Removing privilege: Get Roles
16:13:08.811 [main] DEBUG org.springframework.orm.hibernate5.HibernateTransactionManager - Found thread-bound Session [SessionImpl(318168816<open>)] for Hibernate transaction
[...]
16:13:08.858 [main] DEBUG org.openmrs.User - User's base roles: [System Developer]
16:13:08.858 [main] DEBUG org.openmrs.aop.AuthorizationAdvice - User has privilege Get Relationship Types? true
16:13:08.858 [main] DEBUG org.openmrs.api.context.UserContext - Removing privilege: Get Roles
16:13:08.858 [main] DEBUG org.springframework.orm.hibernate5.HibernateTransactionManager - Found thread-bound Session [SessionImpl(1380346142<open>)] for Hibernate transaction
16:13:08.858 [main] DEBUG org.springframework.orm.hibernate5.HibernateTransactionManager - Participating in existing transaction
16:13:08.858 [main] DEBUG org.springframework.orm.hibernate5.HibernateTransactionManager - Found thread-bound Session [SessionImpl(1380346142<open>)] for Hibernate transaction
16:13:08.858 [main] DEBUG org.springframework.orm.hibernate5.HibernateTransactionManager - Participating in existing transaction
16:13:08.858 [main] DEBUG org.openmrs.aop.AuthorizationAdvice - Calling authorization advice before getMessage
16:13:08.858 [main] DEBUG org.openmrs.aop.AuthorizationAdvice - User admin
16:13:08.858 [main] DEBUG org.openmrs.User - User's base roles: [System Developer]
16:13:08.858 [main] DEBUG org.openmrs.aop.AuthorizationAdvice - has roles [System Developer]
16:13:08.858 [main] DEBUG org.openmrs.aop.AuthorizationAdvice - Calling authorization advice before getMessage
16:13:08.858 [main] DEBUG org.openmrs.aop.AuthorizationAdvice - User admin
16:13:08.858 [main] DEBUG org.openmrs.User - User's base roles: [System Developer]
16:13:08.858 [main] DEBUG org.openmrs.aop.AuthorizationAdvice - has roles [System Developer]
16:13:08.858 [main] DEBUG org.openmrs.aop.AuthorizationAdvice - Calling authorization advice before getMessage
16:13:08.858 [main] DEBUG org.openmrs.aop.AuthorizationAdvice - User admin
16:13:08.858 [main] DEBUG org.openmrs.User - User's base roles: [System Developer]
16:13:08.858 [main] DEBUG org.openmrs.aop.AuthorizationAdvice - has roles [System Developer]
16:13:08.858 [main] DEBUG org.openmrs.aop.AuthorizationAdvice - Calling authorization advice before getMessage
16:13:08.858 [main] DEBUG org.openmrs.aop.AuthorizationAdvice - User admin
16:13:08.858 [main] DEBUG org.openmrs.User - User's base roles: [System Developer]
16:13:08.858 [main] DEBUG org.openmrs.aop.AuthorizationAdvice - has roles [System Developer]
16:13:08.858 [main] DEBUG org.springframework.web.servlet.mvc.method.annotation.RequestResponseBodyMethodProcessor - Using 'application/json', given [*/*] and supported [application/json, application/*+json, application/xml, text/xml, application/*+xml]
16:13:08.858 [main] DEBUG org.springframework.web.servlet.mvc.method.annotation.RequestResponseBodyMethodProcessor - Writing [{uuid=6d9002ea-a96b-4889-af78-82d48c57a110, display=Doctor/Patient, description=Relationship from a  (truncated)...]
16:13:08.859 [main] DEBUG org.springframework.orm.hibernate5.HibernateTransactionManager - Found thread-bound Session [SessionImpl(1380346142<open>)] for Hibernate transaction
16:13:08.859 [main] DEBUG org.springframework.orm.hibernate5.HibernateTransactionManager - Participating in existing transaction
16:13:08.859 [main] DEBUG org.openmrs.api.context.Context - Clearing DB cache
16:13:08.859 [main] DEBUG org.openmrs.api.context.Context - Clearing API cache
16:13:08.859 [main] DEBUG org.openmrs.api.context.Context - Logging out : admin
16:13:08.859 [main] DEBUG org.openmrs.api.context.UserContext - setting user to null on logout
16:13:08.859 [main] DEBUG org.springframework.orm.hibernate5.HibernateTransactionManager - Initiating transaction rollback
16:13:08.859 [main] DEBUG org.springframework.orm.hibernate5.HibernateTransactionManager - Rolling back Hibernate transaction on Session [SessionImpl(1380346142<open>)]
16:13:08.859 [main] DEBUG org.springframework.orm.hibernate5.HibernateTransactionManager - Closing Hibernate Session [SessionImpl(1380346142<open>)] after transaction
16:13:08.859 [main] INFO org.springframework.test.context.transaction.TransactionContext - Rolled back transaction for test: [DefaultTestContext@2ba466d testClass = RelationshipTypeController1_8Test, testInstance = org.openmrs.module.webservices.rest.web.v1_0.controller.openmrs1_8.RelationshipTypeController1_8Test@37327826, testMethod = shouldGetDefaultByUuid@MainResourceControllerTest, testException = [null], mergedContextConfiguration = [WebMergedContextConfiguration@30276fff testClass = RelationshipTypeController1_8Test, locations = '{classpath:applicationContext-service.xml, classpath*:TestingApplicationContext.xml, classpath*:moduleApplicationContext.xml, classpath*:openmrs-servlet.xml, classpath*:webModuleApplicationContext.xml}', classes = '{}', contextInitializerClasses = '[]', activeProfiles = '{}', propertySourceLocations = '{}', propertySourceProperties = '{}', contextCustomizers = set[[empty]], resourceBasePath = 'src/main/webapp', contextLoader = 'org.springframework.test.context.web.WebDelegatingSmartContextLoader', parent = [null]], attributes = map['org.springframework.test.context.web.ServletTestExecutionListener.populatedRequestContextHolder' -> true, 'org.springframework.test.context.web.ServletTestExecutionListener.resetRequestContextHolder' -> true, 'org.springframework.test.context.event.ApplicationEventsTestExecutionListener.recordApplicationEvents' -> false]]
]]></system-out>
  </testcase>
  <testcase name="shouldGetFullByUuid" classname="org.openmrs.module.webservices.rest.web.v1_0.controller.openmrs1_8.RelationshipTypeController1_8Test" time="0.007">
    <system-out><![CDATA[16:13:08.860 [main] DEBUG org.openmrs.test.BaseContextSensitiveTest - props: {connection.username=sa, connection.url=jdbc:h2:mem:openmrs;DB_CLOSE_DELAY=30;LOCK_TIMEOUT=10000, hibernate.connection.driver_class=org.h2.Driver, hibernate.dialect=org.hibernate.dialect.H2Dialect, connection.password=, hibernate.connection.username=sa, hibernate.hbm2ddl.auto=create-drop, hibernate.connection.url=jdbc:h2:mem:openmrs;DB_CLOSE_DELAY=30;LOCK_TIMEOUT=10000, hibernate.connection.password=}
16:13:08.860 [main] DEBUG org.springframework.orm.hibernate5.HibernateTransactionManager - Creating new transaction with name [org.openmrs.module.webservices.rest.web.v1_0.controller.openmrs1_8.RelationshipTypeController1_8Test.shouldGetFullByUuid]: PROPAGATION_REQUIRED,ISOLATION_DEFAULT
16:13:08.860 [main] DEBUG org.springframework.orm.hibernate5.HibernateTransactionManager - Opened new Session [SessionImpl(402245229<open>)] for Hibernate transaction
16:13:08.861 [main] DEBUG org.springframework.orm.hibernate5.HibernateTransactionManager - Exposing Hibernate transaction as JDBC [org.springframework.orm.hibernate5.HibernateTransactionManager$$Lambda$1394/0x00000007c0e3dc28@33227155]
16:13:08.861 [main] INFO org.springframework.test.context.transaction.TransactionContext - Began transaction (1) for test context [DefaultTestContext@2ba466d testClass = RelationshipTypeController1_8Test, testInstance = org.openmrs.module.webservices.rest.web.v1_0.controller.openmrs1_8.RelationshipTypeController1_8Test@49daf068, testMethod = shouldGetFullByUuid@MainResourceControllerTest, testException = [null], mergedContextConfiguration = [WebMergedContextConfiguration@30276fff testClass = RelationshipTypeController1_8Test, locations = '{classpath:applicationContext-service.xml, classpath*:TestingApplicationContext.xml, classpath*:moduleApplicationContext.xml, classpath*:openmrs-servlet.xml, classpath*:webModuleApplicationContext.xml}', classes = '{}', contextInitializerClasses = '[]', activeProfiles = '{}', propertySourceLocations = '{}', propertySourceProperties = '{}', contextCustomizers = set[[empty]], resourceBasePath = 'src/main/webapp', contextLoader = 'org.springframework.test.context.web.WebDelegatingSmartContextLoader', parent = [null]], attributes = map['org.springframework.test.context.web.ServletTestExecutionListener.populatedRequestContextHolder' -> true, 'org.springframework.test.context.web.ServletTestExecutionListener.resetRequestContextHolder' -> true, 'org.springframework.test.context.event.ApplicationEventsTestExecutionListener.recordApplicationEvents' -> false]]; transaction manager [org.springframework.orm.hibernate5.HibernateTransactionManager@f47a569]; rollback [true]
16:13:08.861 [main] DEBUG org.openmrs.api.context.UserContext - Authenticating client 'admin' with scheme 'OPENMRS_USERPASS_AUTH_SCHEME'
16:13:08.861 [main] DEBUG org.openmrs.api.context.UsernamePasswordAuthenticationScheme - Authenticating client: admin
16:13:08.861 [main] DEBUG org.springframework.orm.hibernate5.HibernateTransactionManager - Found thread-bound Session [SessionImpl(402245229<open>)] for Hibernate transaction
16:13:08.861 [main] DEBUG org.springframework.orm.hibernate5.HibernateTransactionManager - Participating in existing transaction
16:13:08.862 [main] DEBUG org.openmrs.api.db.hibernate.HibernateContextDAO - Candidate user id: 1
16:13:08.862 [main] DEBUG org.openmrs.User - User's base roles: [System Developer]
16:13:08.862 [main] DEBUG org.openmrs.User - User's base roles: [System Developer]
16:13:08.862 [main] DEBUG org.openmrs.api.context.UserContext - Authenticated as: admin
16:13:08.862 [main] DEBUG org.springframework.orm.hibernate5.HibernateTransactionManager - Found thread-bound Session [SessionImpl(402245229<open>)] for Hibernate transaction
16:13:08.862 [main] DEBUG org.springframework.orm.hibernate5.HibernateTransactionManager - Participating in existing transaction
16:13:08.862 [main] DEBUG org.springframework.web.servlet.mvc.method.annotation.RequestMappingHandlerMapping - Mapped to org.openmrs.module.webservices.rest.web.v1_0.controller.MainResourceController#retrieve(String, String, HttpServletRequest, HttpServletResponse)
16:13:08.863 [main] DEBUG org.openmrs.api.context.UserContext - Adding proxy privilege: Get Global Properties
16:13:08.863 [main] DEBUG org.openmrs.aop.AuthorizationAdvice - Calling authorization advice before getGlobalProperty
16:13:08.863 [main] DEBUG org.openmrs.aop.AuthorizationAdvice - User admin
16:13:08.863 [main] DEBUG org.openmrs.User - User's base roles: [System Developer]
16:13:08.863 [main] DEBUG org.openmrs.aop.AuthorizationAdvice - has roles [System Developer]
16:13:08.863 [main] DEBUG org.openmrs.api.context.UserContext - Adding proxy privilege: Get Roles
16:13:08.863 [main] DEBUG org.openmrs.api.context.UserContext - Checking 'Get Global Properties' against proxies: [Get Global Properties, Get Roles]
16:13:08.863 [main] DEBUG org.openmrs.aop.AuthorizationAdvice - User has privilege Get Global Properties? true
16:13:08.863 [main] DEBUG org.openmrs.api.context.UserContext - Removing privilege: Get Roles
16:13:08.863 [main] DEBUG org.springframework.orm.hibernate5.HibernateTransactionManager - Found thread-bound Session [SessionImpl(402245229<open>)] for Hibernate transaction
16:13:08.863 [main] DEBUG org.springframework.orm.hibernate5.HibernateTransactionManager - Participating in existing transaction
16:13:08.863 [main] DEBUG org.springframework.orm.hibernate5.HibernateTransactionManager - Found thread-bound Session [SessionImpl(402245229<open>)] for Hibernate transaction
16:13:08.863 [main] DEBUG org.springframework.orm.hibernate5.HibernateTransactionManager - Participating in existing transaction
16:13:08.863 [main] DEBUG org.openmrs.aop.AuthorizationAdvice - Calling authorization advice before getGlobalProperty
16:13:08.863 [main] DEBUG org.openmrs.aop.AuthorizationAdvice - User admin
16:13:08.863 [main] DEBUG org.openmrs.User - User's base roles: [System Developer]
16:13:08.863 [main] DEBUG org.openmrs.aop.AuthorizationAdvice - has roles [System Developer]
16:13:08.863 [main] DEBUG org.openmrs.api.context.UserContext - Adding proxy privilege: Get Roles
16:13:08.863 [main] DEBUG org.openmrs.api.context.UserContext - Checking 'Get Global Properties' against proxies: [Get Global Properties, Get Roles]
16:13:08.863 [main] DEBUG org.openmrs.aop.AuthorizationAdvice - User has privilege Get Global Properties? true
16:13:08.863 [main] DEBUG org.openmrs.api.context.UserContext - Removing privilege: Get Roles
16:13:08.863 [main] DEBUG org.springframework.orm.hibernate5.HibernateTransactionManager - Found thread-bound Session [SessionImpl(402245229<open>)] for Hibernate transaction
16:13:08.863 [main] DEBUG org.springframework.orm.hibernate5.HibernateTransactionManager - Participating in existing transaction
16:13:08.863 [main] DEBUG org.springframework.orm.hibernate5.HibernateTransactionManager - Found thread-bound Session [SessionImpl(402245229<open>)] for Hibernate transaction
16:13:08.863 [main] DEBUG org.springframework.orm.hibernate5.HibernateTransactionManager - Participating in existing transaction
16:13:08.863 [main] DEBUG org.openmrs.api.context.UserContext - Removing privilege: Get Global Properties
16:13:08.863 [main] DEBUG org.openmrs.aop.AuthorizationAdvice - Calling authorization advice before getRepresentation
16:13:08.863 [main] DEBUG org.openmrs.aop.AuthorizationAdvice - User admin
16:13:08.863 [main] DEBUG org.openmrs.User - User's base roles: [System Developer]
16:13:08.863 [main] DEBUG org.openmrs.aop.AuthorizationAdvice - has roles [System Developer]
16:13:08.863 [main] DEBUG org.openmrs.aop.AuthorizationAdvice - Calling authorization advice before getResourceByName
16:13:08.863 [main] DEBUG org.openmrs.aop.AuthorizationAdvice - User admin
16:13:08.863 [main] DEBUG org.openmrs.User - User's base roles: [System Developer]
16:13:08.863 [main] DEBUG org.openmrs.aop.AuthorizationAdvice - has roles [System Developer]
16:13:08.863 [main] DEBUG org.openmrs.aop.AuthorizationAdvice - Calling authorization advice before getRelationshipTypeByUuid
16:13:08.863 [main] DEBUG org.openmrs.aop.AuthorizationAdvice - User admin
16:13:08.863 [main] DEBUG org.openmrs.User - User's base roles: [System Developer]
16:13:08.863 [main] DEBUG org.openmrs.aop.AuthorizationAdvice - has roles [System Developer]
16:13:08.863 [main] DEBUG org.openmrs.api.context.UserContext - Adding proxy privilege: Get Roles
16:13:08.864 [main] DEBUG org.openmrs.api.context.UserContext - Checking 'Get Relationship Types' against proxies: [Get Roles]
16:13:08.864 [main] DEBUG org.openmrs.User - User's base roles: [System Developer]
16:13:08.864 [main] DEBUG org.openmrs.aop.AuthorizationAdvice - User has privilege Get Relationship Types? true
16:13:08.864 [main] DEBUG org.openmrs.api.context.UserContext - Removing privilege: Get Roles
16:13:08.864 [main] DEBUG org.springframework.orm.hibernate5.HibernateTransactionManager - Found thread-bound Session [SessionImpl(402245229<open>)] for Hibernate transaction
16:13:08.864 [main] DEBUG org.springframework.orm.hibernate5.HibernateTransactionManager - Participating in existing transaction
16:13:08.864 [main] DEBUG org.springframework.orm.hibernate5.HibernateTransactionManager - Found thread-bound Session [SessionImpl(402245229<open>)] for Hibernate transaction
16:13:08.864 [main] DEBUG org.springframework.orm.hibernate5.HibernateTransactionManager - Participating in existing transaction
16:13:08.864 [main] DEBUG org.openmrs.aop.AuthorizationAdvice - Calling authorization advice before getMessage
16:13:08.864 [main] DEBUG org.openmrs.aop.AuthorizationAdvice - User admin
16:13:08.864 [main] DEBUG org.openmrs.User - User's base roles: [System Developer]
16:13:08.864 [main] DEBUG org.openmrs.aop.AuthorizationAdvice - has roles [System Developer]
16:13:08.864 [main] DEBUG org.openmrs.aop.AuthorizationAdvice - Calling authorization advice before getMessage
16:13:08.864 [main] DEBUG org.openmrs.aop.AuthorizationAdvice - User admin
16:13:08.864 [main] DEBUG org.openmrs.User - User's base roles: [System Developer]
16:13:08.864 [main] DEBUG org.openmrs.aop.AuthorizationAdvice - has roles [System Developer]
16:13:08.864 [main] DEBUG org.openmrs.aop.AuthorizationAdvice - Calling authorization advice before getMessage
16:13:08.864 [main] DEBUG org.openmrs.aop.AuthorizationAdvice - User admin
16:13:08.864 [main] DEBUG org.openmrs.User - User's base roles: [System Developer]
16:13:08.864 [main] DEBUG org.openmrs.aop.AuthorizationAdvice - has roles [System Developer]
16:13:08.864 [main] DEBUG org.openmrs.aop.AuthorizationAdvice - Calling authorization advice before getMessage
16:13:08.864 [main] DEBUG org.openmrs.aop.AuthorizationAdvice - User admin
16:13:08.864 [main] DEBUG org.openmrs.User - User's base roles: [System Developer]
16:13:08.864 [main] DEBUG org.openmrs.aop.AuthorizationAdvice - has roles [System Developer]
16:13:08.864 [main] DEBUG org.openmrs.aop.AuthorizationAdvice - Calling authorization advice before getResourceByName
16:13:08.864 [main] DEBUG org.openmrs.aop.AuthorizationAdvice - User admin
16:13:08.864 [main] DEBUG org.openmrs.User - User's base roles: [System Developer]
16:13:08.864 [main] DEBUG org.openmrs.aop.AuthorizationAdvice - has roles [System Developer]
16:13:08.865 [main] DEBUG org.springframework.web.servlet.mvc.method.annotation.RequestResponseBodyMethodProcessor - Using 'application/json', given [*/*] and supported [application/json, application/*+json, application/xml, text/xml, application/*+xml]
16:13:08.865 [main] DEBUG org.springframework.web.servlet.mvc.method.annotation.RequestResponseBodyMethodProcessor - Writing [{uuid=6d9002ea-a96b-4889-af78-82d48c57a110, display=Doctor/Patient, description=Relationship from a  (truncated)...]
16:13:08.866 [main] DEBUG org.springframework.orm.hibernate5.HibernateTransactionManager - Found thread-bound Session [SessionImpl(402245229<open>)] for Hibernate transaction
16:13:08.866 [main] DEBUG org.springframework.orm.hibernate5.HibernateTransactionManager - Participating in existing transaction
16:13:08.866 [main] DEBUG org.openmrs.api.context.Context - Clearing DB cache
16:13:08.866 [main] DEBUG org.openmrs.api.context.Context - Clearing API cache
16:13:08.866 [main] DEBUG org.openmrs.api.context.Context - Logging out : admin
16:13:08.866 [main] DEBUG org.openmrs.api.context.UserContext - setting user to null on logout
16:13:08.866 [main] DEBUG org.springframework.orm.hibernate5.HibernateTransactionManager - Initiating transaction rollback
16:13:08.866 [main] DEBUG org.springframework.orm.hibernate5.HibernateTransactionManager - Rolling back Hibernate transaction on Session [SessionImpl(402245229<open>)]
16:13:08.866 [main] DEBUG org.springframework.orm.hibernate5.HibernateTransactionManager - Closing Hibernate Session [SessionImpl(402245229<open>)] after transaction
16:13:08.866 [main] INFO org.springframework.test.context.transaction.TransactionContext - Rolled back transaction for test: [DefaultTestContext@2ba466d testClass = RelationshipTypeController1_8Test, testInstance = org.openmrs.module.webservices.rest.web.v1_0.controller.openmrs1_8.RelationshipTypeController1_8Test@49daf068, testMethod = shouldGetFullByUuid@MainResourceControllerTest, testException = [null], mergedContextConfiguration = [WebMergedContextConfiguration@30276fff testClass = RelationshipTypeController1_8Test, locations = '{classpath:applicationContext-service.xml, classpath*:TestingApplicationContext.xml, classpath*:moduleApplicationContext.xml, classpath*:openmrs-servlet.xml, classpath*:webModuleApplicationContext.xml}', classes = '{}', contextInitializerClasses = '[]', activeProfiles = '{}', propertySourceLocations = '{}', propertySourceProperties = '{}', contextCustomizers = set[[empty]], resourceBasePath = 'src/main/webapp', contextLoader = 'org.springframework.test.context.web.WebDelegatingSmartContextLoader', parent = [null]], attributes = map['org.springframework.test.context.web.ServletTestExecutionListener.populatedRequestContextHolder' -> true, 'org.springframework.test.context.web.ServletTestExecutionListener.resetRequestContextHolder' -> true, 'org.springframework.test.context.event.ApplicationEventsTestExecutionListener.recordApplicationEvents' -> false]]
]]></system-out>
  </testcase>
</testsuite>