<?xml version="1.0" encoding="UTF-8"?>
<testsuite xmlns:xsi="http://www.w3.org/2001/XMLSchema-instance" xsi:noNamespaceSchemaLocation="https://maven.apache.org/surefire/maven-surefire-plugin/xsd/surefire-test-report.xsd" version="3.0.2" name="org.openmrs.module.webservices.rest.web.v1_0.controller.openmrs2_2.EncounterController2_2Test" time="0.136" tests="5" errors="0" skipped="0" failures="0">
  <properties>
[...]
</properties>
  <testcase name="getEncounter_shouldExcludeVoidedDiagnosis" classname="org.openmrs.module.webservices.rest.web.v1_0.controller.openmrs2_2.EncounterController2_2Test" time="0.09">
    <system-out><![CDATA[18:33:54.706 [main] INFO  o.s.t.c.t.TransactionContext - Began transaction (1) for test context [DefaultTestContext@7a25cffb testClass = EncounterController2_2Test, testInstance = org.openmrs.module.webservices.rest.web.v1_0.controller.openmrs2_2.EncounterController2_2Test@7893e17f, testMethod = getEncounter_shouldExcludeVoidedDiagnosis@EncounterController2_2Test, testException = [null], mergedContextConfiguration = [WebMergedContextConfiguration@48c91512 testClass = EncounterController2_2Test, locations = '{classpath:applicationContext-service.xml, classpath*:TestingApplicationContext.xml, classpath*:moduleApplicationContext.xml, classpath*:openmrs-servlet.xml, classpath*:webModuleApplicationContext.xml}', classes = '{}', contextInitializerClasses = '[]', activeProfiles = '{}', propertySourceLocations = '{}', propertySourceProperties = '{}', contextCustomizers = set[[empty]], resourceBasePath = 'src/main/webapp', contextLoader = 'org.springframework.test.context.web.WebDelegatingSmartContextLoader', parent = [null]], attributes = map['org.springframework.test.context.web.ServletTestExecutionListener.populatedRequestContextHolder' -> true, 'org.springframework.test.context.web.ServletTestExecutionListener.resetRequestContextHolder' -> true, 'org.springframework.test.context.event.ApplicationEventsTestExecutionListener.recordApplicationEvents' -> false]]; transaction manager [org.springframework.orm.hibernate5.HibernateTransactionManager@23f8b7a4]; rollback [true]
full: {
  "uuid" : "6519d653-393b-4118-9c83-a3715b82d4ac",
  "display" : "Emergency 01/08/2008",
  "encounterDatetime" : "2008-08-01T00:00:00.000+0200",
  "patient" : {
    "uuid" : "5946f880-b197-400b-9caa-a3c661d23041",
    "display" : "6TS-4 - Collet Test Chebaskwony",
    "links" : [ {
      "rel" : "self",
      "uri" : "http://localhost/ws/rest/v1/patient/5946f880-b197-400b-9caa-a3c661d23041",
      "resourceAlias" : "patient"
    } ]
  },
  "location" : {
    "uuid" : "8d6c993e-c2cc-11de-8d13-0010c6dffd0f",
    "display" : "Unknown Location",
    "name" : "Unknown Location",
    "description" : "The default location used when limited information is known",
    "address1" : "",
    "address2" : "",
    "cityVillage" : "",
    "stateProvince" : "",
    "country" : "",
    "postalCode" : "",
    "latitude" : null,
    "longitude" : null,
    "countyDistrict" : null,
    "address3" : null,
    "address4" : null,
    "address5" : null,
    "address6" : null,
    "tags" : [ ],
    "parentLocation" : null,
    "childLocations" : [ ],
    "retired" : false,
    "attributes" : [ ],
    "address7" : null,
    "address8" : null,
    "address9" : null,
    "address10" : null,
    "address11" : null,
    "address12" : null,
    "address13" : null,
    "address14" : null,
    "address15" : null,
    "links" : [ {
      "rel" : "self",
      "uri" : "http://localhost/ws/rest/v1/location/8d6c993e-c2cc-11de-8d13-0010c6dffd0f",
      "resourceAlias" : "location"
    }, {
      "rel" : "full",
      "uri" : "http://localhost/ws/rest/v1/location/8d6c993e-c2cc-11de-8d13-0010c6dffd0f?v=full",
      "resourceAlias" : "location"
    } ],
    "resourceVersion" : "2.0"
  },
  "form" : {
    "uuid" : "d9218f76-6c39-45f4-8efa-4c5c6c199f50",
    "display" : "Basic Form",
    "name" : "Basic Form",
    "description" : "Test form",
    "encounterType" : null,
    "version" : "0.1",
    "build" : 0,
    "published" : false,
    "formFields" : [ {
      "uuid" : "1c822b7b-7840-463d-ba70-e0c8338a4c2d",
      "display" : null,
      "links" : [ {
        "rel" : "self",
        "uri" : "http://localhost/ws/rest/v1/form/d9218f76-6c39-45f4-8efa-4c5c6c199f50/formfield/1c822b7b-7840-463d-ba70-e0c8338a4c2d",
        "resourceAlias" : "formfield"
      } ]
    }, {
      "uuid" : "92e63d19-9b11-4bbf-8622-85bb191b2409",
      "display" : null,
      "links" : [ {
        "rel" : "self",
        "uri" : "http://localhost/ws/rest/v1/form/d9218f76-6c39-45f4-8efa-4c5c6c199f50/formfield/92e63d19-9b11-4bbf-8622-85bb191b2409",
        "resourceAlias" : "formfield"
      } ]
    }, {
      "uuid" : "1d26a18a-3f72-42e1-b6a2-59ab6494afb2",
      "display" : null,
      "links" : [ {
        "rel" : "self",
        "uri" : "http://localhost/ws/rest/v1/form/d9218f76-6c39-45f4-8efa-4c5c6c199f50/formfield/1d26a18a-3f72-42e1-b6a2-59ab6494afb2",
        "resourceAlias" : "formfield"
      } ]
    } ],
    "retired" : false,
    "resources" : [ ],
    "links" : [ {
      "rel" : "self",
      "uri" : "http://localhost/ws/rest/v1/form/d9218f76-6c39-45f4-8efa-4c5c6c199f50",
      "resourceAlias" : "form"
    }, {
      "rel" : "full",
      "uri" : "http://localhost/ws/rest/v1/form/d9218f76-6c39-45f4-8efa-4c5c6c199f50?v=full",
      "resourceAlias" : "form"
    } ],
    "resourceVersion" : "1.9"
  },
  "encounterType" : {
    "uuid" : "07000be2-26b6-4cce-8b40-866d8435b613",
    "display" : "Emergency",
    "name" : "Emergency",
    "description" : "Emergency visit",
    "retired" : false,
    "links" : [ {
      "rel" : "self",
      "uri" : "http://localhost/ws/rest/v1/encountertype/07000be2-26b6-4cce-8b40-866d8435b613",
      "resourceAlias" : "encountertype"
    }, {
      "rel" : "full",
      "uri" : "http://localhost/ws/rest/v1/encountertype/07000be2-26b6-4cce-8b40-866d8435b613?v=full",
      "resourceAlias" : "encountertype"
    } ],
    "resourceVersion" : "1.8"
  },
  "obs" : [ {
    "uuid" : "be48cdcb-6a76-47e3-9f2e-2635032f3a9a",
    "display" : "CD4 COUNT: 150",
    "concept" : {
      "uuid" : "a09ab2c5-878e-4905-b25d-5784167d0216",
      "display" : "CD4 COUNT",
      "links" : [ {
        "rel" : "self",
        "uri" : "http://localhost/ws/rest/v1/concept/a09ab2c5-878e-4905-b25d-5784167d0216",
        "resourceAlias" : "concept"
      } ]
    },
    "person" : {
      "uuid" : "5946f880-b197-400b-9caa-a3c661d23041",
      "display" : "6TS-4 - Collet Test Chebaskwony",
      "links" : [ {
        "rel" : "self",
        "uri" : "http://localhost/ws/rest/v1/patient/5946f880-b197-400b-9caa-a3c661d23041",
        "resourceAlias" : "patient"
      } ]
    },
    "obsDatetime" : "2008-08-01T00:00:00.000+0200",
    "accessionNumber" : null,
    "obsGroup" : null,
    "valueCodedName" : null,
    "groupMembers" : null,
    "comment" : "",
    "location" : {
      "uuid" : "8d6c993e-c2cc-11de-8d13-0010c6dffd0f",
      "display" : "Unknown Location",
      "links" : [ {
        "rel" : "self",
        "uri" : "http://localhost/ws/rest/v1/location/8d6c993e-c2cc-11de-8d13-0010c6dffd0f",
        "resourceAlias" : "location"
      } ]
    },
    "order" : null,
    "encounter" : {
      "uuid" : "6519d653-393b-4118-9c83-a3715b82d4ac",
      "display" : "Emergency 01/08/2008",
      "links" : [ {
        "rel" : "self",
        "uri" : "http://localhost/ws/rest/v1/encounter/6519d653-393b-4118-9c83-a3715b82d4ac",
        "resourceAlias" : "encounter"
      } ]
    },
    "voided" : false,
    "value" : 150,
    "valueModifier" : null,
    "formFieldPath" : null,
    "formFieldNamespace" : null,
    "status" : "PRELIMINARY",
    "interpretation" : null,
    "referenceRange" : null,
    "links" : [ {
      "rel" : "self",
      "uri" : "http://localhost/ws/rest/v1/obs/be48cdcb-6a76-47e3-9f2e-2635032f3a9a",
      "resourceAlias" : "obs"
    }, {
      "rel" : "full",
      "uri" : "http://localhost/ws/rest/v1/obs/be48cdcb-6a76-47e3-9f2e-2635032f3a9a?v=full",
      "resourceAlias" : "obs"
    } ],
    "resourceVersion" : "2.7"
  }, {
    "uuid" : "39fb7f47-e80a-4056-9285-bd798be13c63",
    "display" : "WEIGHT (KG): 50.0",
    "concept" : {
      "uuid" : "c607c80f-1ea9-4da3-bb88-6276ce8868dd",
      "display" : "WEIGHT (KG)",
      "links" : [ {
        "rel" : "self",
        "uri" : "http://localhost/ws/rest/v1/concept/c607c80f-1ea9-4da3-bb88-6276ce8868dd",
        "resourceAlias" : "concept"
      } ]
    },
    "person" : {
      "uuid" : "5946f880-b197-400b-9caa-a3c661d23041",
      "display" : "6TS-4 - Collet Test Chebaskwony",
      "links" : [ {
        "rel" : "self",
        "uri" : "http://localhost/ws/rest/v1/patient/5946f880-b197-400b-9caa-a3c661d23041",
        "resourceAlias" : "patient"
      } ]
    },
    "obsDatetime" : "2008-07-01T00:00:00.000+0200",
    "accessionNumber" : null,
    "obsGroup" : null,
    "valueCodedName" : null,
    "groupMembers" : null,
    "comment" : "",
    "location" : {
      "uuid" : "8d6c993e-c2cc-11de-8d13-0010c6dffd0f",
      "display" : "Unknown Location",
      "links" : [ {
        "rel" : "self",
        "uri" : "http://localhost/ws/rest/v1/location/8d6c993e-c2cc-11de-8d13-0010c6dffd0f",
        "resourceAlias" : "location"
      } ]
    },
    "order" : null,
    "encounter" : {
      "uuid" : "6519d653-393b-4118-9c83-a3715b82d4ac",
      "display" : "Emergency 01/08/2008",
      "links" : [ {
        "rel" : "self",
        "uri" : "http://localhost/ws/rest/v1/encounter/6519d653-393b-4118-9c83-a3715b82d4ac",
        "resourceAlias" : "encounter"
      } ]
    },
    "voided" : false,
    "value" : 50.0,
    "valueModifier" : null,
    "formFieldPath" : null,
    "formFieldNamespace" : null,
    "status" : "FINAL",
    "interpretation" : null,
    "referenceRange" : null,
    "links" : [ {
      "rel" : "self",
      "uri" : "http://localhost/ws/rest/v1/obs/39fb7f47-e80a-4056-9285-bd798be13c63",
      "resourceAlias" : "obs"
    }, {
      "rel" : "full",
      "uri" : "http://localhost/ws/rest/v1/obs/39fb7f47-e80a-4056-9285-bd798be13c63?v=full",
      "resourceAlias" : "obs"
    } ],
    "resourceVersion" : "2.7"
  } ],
  "orders" : [ {
    "uuid" : "921de0a3-05c4-444a-be03-e01b4c4b9142",
    "orderNumber" : "1",
    "accessionNumber" : null,
    "patient" : {
      "uuid" : "5946f880-b197-400b-9caa-a3c661d23041",
      "display" : "6TS-4 - Collet Test Chebaskwony",
      "links" : [ {
        "rel" : "self",
        "uri" : "http://localhost/ws/rest/v1/patient/5946f880-b197-400b-9caa-a3c661d23041",
        "resourceAlias" : "patient"
      } ]
    },
    "concept" : {
      "uuid" : "15f83cd6-64e9-4e06-a5f9-364d3b14a43d",
      "display" : "ASPIRIN",
      "links" : [ {
        "rel" : "self",
        "uri" : "http://localhost/ws/rest/v1/concept/15f83cd6-64e9-4e06-a5f9-364d3b14a43d",
        "resourceAlias" : "concept"
      } ]
    },
    "action" : "NEW",
    "careSetting" : {
      "uuid" : "6f0c9a92-6f24-11e3-af88-005056821db0",
      "display" : "OUTPATIENT",
      "links" : [ {
        "rel" : "self",
        "uri" : "http://localhost/ws/rest/v1/caresetting/6f0c9a92-6f24-11e3-af88-005056821db0",
        "resourceAlias" : "caresetting"
      } ]
    },
    "previousOrder" : null,
    "dateActivated" : "2008-08-08T00:00:00.000+0200",
    "scheduledDate" : null,
    "dateStopped" : "2008-08-15T00:00:00.000+0200",
    "autoExpireDate" : null,
    "encounter" : {
      "uuid" : "6519d653-393b-4118-9c83-a3715b82d4ac",
      "display" : "Emergency 01/08/2008",
      "links" : [ {
        "rel" : "self",
        "uri" : "http://localhost/ws/rest/v1/encounter/6519d653-393b-4118-9c83-a3715b82d4ac",
        "resourceAlias" : "encounter"
      } ]
    },
    "orderer" : {
      "uuid" : "c2299800-cca9-11e0-9572-0800200c9a66",
      "display" : "Test - Super User",
      "links" : [ {
        "rel" : "self",
        "uri" : "http://localhost/ws/rest/v1/provider/c2299800-cca9-11e0-9572-0800200c9a66",
        "resourceAlias" : "provider"
      } ]
    },
    "orderReason" : null,
    "orderReasonNonCoded" : null,
    "orderType" : {
      "uuid" : "131168f4-15f5-102d-96e4-000c29c2a5d7",
      "display" : "Drug order",
      "name" : "Drug order",
      "javaClassName" : "org.openmrs.DrugOrder",
      "retired" : false,
      "description" : "Categorises medication orders for the patient",
      "conceptClasses" : [ {
        "uuid" : "3d065ed4-b0b9-4710-9a17-6d8c4fd259b7",
        "display" : "Drug",
        "links" : [ {
          "rel" : "self",
          "uri" : "http://localhost/ws/rest/v1/conceptclass/3d065ed4-b0b9-4710-9a17-6d8c4fd259b7",
          "resourceAlias" : "conceptclass"
        } ]
      } ],
      "parent" : {
        "uuid" : "dd3fb1d0-ae06-11e3-a5e2-0800200c9a77",
        "display" : "Plain Order",
        "links" : [ {
          "rel" : "self",
          "uri" : "http://localhost/ws/rest/v1/ordertype/dd3fb1d0-ae06-11e3-a5e2-0800200c9a77",
          "resourceAlias" : "ordertype"
        } ]
      },
      "links" : [ {
        "rel" : "self",
        "uri" : "http://localhost/ws/rest/v1/ordertype/131168f4-15f5-102d-96e4-000c29c2a5d7",
        "resourceAlias" : "ordertype"
      }, {
        "rel" : "full",
        "uri" : "http://localhost/ws/rest/v1/ordertype/131168f4-15f5-102d-96e4-000c29c2a5d7?v=full",
        "resourceAlias" : "ordertype"
      } ],
      "resourceVersion" : "1.10"
    },
    "urgency" : "ROUTINE",
    "instructions" : "2x daily",
    "commentToFulfiller" : null,
    "display" : "(NEW) ASPIRIN: 325.0 mg UNKNOWN 1/day x 7 days/week",
    "drug" : {
      "uuid" : "05ec820a-d297-44e3-be6e-698531d9dd3f",
      "display" : "ASPIRIN",
      "links" : [ {
        "rel" : "self",
        "uri" : "http://localhost/ws/rest/v1/drug/05ec820a-d297-44e3-be6e-698531d9dd3f",
        "resourceAlias" : "drug"
      } ]
    },
    "dosingType" : "org.openmrs.SimpleDosingInstructions",
    "dose" : 325.0,
    "doseUnits" : {
      "uuid" : "557b9699-68a3-11e3-bd76-0800271c1b75",
      "display" : "mg",
      "links" : [ {
        "rel" : "self",
        "uri" : "http://localhost/ws/rest/v1/concept/557b9699-68a3-11e3-bd76-0800271c1b75",
        "resourceAlias" : "concept"
      } ]
    },
    "frequency" : {
      "uuid" : "28090760-7c38-11e3-baa7-0800200c9a66",
      "display" : "1/day x 7 days/week",
      "links" : [ {
        "rel" : "self",
        "uri" : "http://localhost/ws/rest/v1/orderfrequency/28090760-7c38-11e3-baa7-0800200c9a66",
        "resourceAlias" : "orderfrequency"
      } ]
    },
    "asNeeded" : false,
    "asNeededCondition" : null,
    "quantity" : 1.0,
    "quantityUnits" : {
      "uuid" : "5a2aa3db-68a3-11e3-bd76-0800271c1b75",
      "display" : "tab (s)",
      "links" : [ {
        "rel" : "self",
        "uri" : "http://localhost/ws/rest/v1/concept/5a2aa3db-68a3-11e3-bd76-0800271c1b75",
        "resourceAlias" : "concept"
      } ]
    },
    "numRefills" : 10,
    "dosingInstructions" : null,
    "duration" : null,
    "durationUnits" : null,
    "route" : {
      "uuid" : "e10ffe54-5184-4efe-8960-cd565ec1cdf8",
      "display" : "UNKNOWN",
      "links" : [ {
        "rel" : "self",
        "uri" : "http://localhost/ws/rest/v1/concept/e10ffe54-5184-4efe-8960-cd565ec1cdf8",
        "resourceAlias" : "concept"
      } ]
    },
    "brandName" : null,
    "dispenseAsWritten" : false,
    "drugNonCoded" : null,
    "links" : [ {
      "rel" : "self",
      "uri" : "http://localhost/ws/rest/v1/order/921de0a3-05c4-444a-be03-e01b4c4b9142",
      "resourceAlias" : "order"
    }, {
      "rel" : "full",
      "uri" : "http://localhost/ws/rest/v1/order/921de0a3-05c4-444a-be03-e01b4c4b9142?v=full",
      "resourceAlias" : "order"
    } ],
    "type" : "drugorder",
    "resourceVersion" : "1.10"
  }, {
    "uuid" : "e1f95924-697a-11e3-bd76-0800271c1b75",
    "orderNumber" : "111",
    "accessionNumber" : "ACC-123",
    "patient" : {
      "uuid" : "5946f880-b197-400b-9caa-a3c661d23041",
      "display" : "6TS-4 - Collet Test Chebaskwony",
      "links" : [ {
        "rel" : "self",
        "uri" : "http://localhost/ws/rest/v1/patient/5946f880-b197-400b-9caa-a3c661d23041",
        "resourceAlias" : "patient"
      } ]
    },
    "concept" : {
      "uuid" : "15f83cd6-64e9-4e06-a5f9-364d3b14a43d",
      "display" : "ASPIRIN",
      "links" : [ {
        "rel" : "self",
        "uri" : "http://localhost/ws/rest/v1/concept/15f83cd6-64e9-4e06-a5f9-364d3b14a43d",
        "resourceAlias" : "concept"
      } ]
    },
    "action" : "REVISE",
    "careSetting" : {
      "uuid" : "6f0c9a92-6f24-11e3-af88-005056821db0",
      "display" : "OUTPATIENT",
      "links" : [ {
        "rel" : "self",
        "uri" : "http://localhost/ws/rest/v1/caresetting/6f0c9a92-6f24-11e3-af88-005056821db0",
        "resourceAlias" : "caresetting"
      } ]
    },
    "previousOrder" : {
      "uuid" : "921de0a3-05c4-444a-be03-e01b4c4b9142",
      "display" : "(NEW) ASPIRIN: 325.0 mg UNKNOWN 1/day x 7 days/week",
      "links" : [ {
        "rel" : "self",
        "uri" : "http://localhost/ws/rest/v1/order/921de0a3-05c4-444a-be03-e01b4c4b9142",
        "resourceAlias" : "order"
      } ],
      "type" : "drugorder"
    },
    "dateActivated" : "2008-08-15T00:00:00.000+0200",
    "scheduledDate" : null,
    "dateStopped" : null,
    "autoExpireDate" : null,
    "encounter" : {
      "uuid" : "6519d653-393b-4118-9c83-a3715b82d4ac",
      "display" : "Emergency 01/08/2008",
      "links" : [ {
        "rel" : "self",
        "uri" : "http://localhost/ws/rest/v1/encounter/6519d653-393b-4118-9c83-a3715b82d4ac",
        "resourceAlias" : "encounter"
      } ]
    },
    "orderer" : {
      "uuid" : "c2299800-cca9-11e0-9572-0800200c9a66",
      "display" : "Test - Super User",
      "links" : [ {
        "rel" : "self",
        "uri" : "http://localhost/ws/rest/v1/provider/c2299800-cca9-11e0-9572-0800200c9a66",
        "resourceAlias" : "provider"
      } ]
    },
    "orderReason" : null,
    "orderReasonNonCoded" : null,
    "orderType" : {
      "uuid" : "131168f4-15f5-102d-96e4-000c29c2a5d7",
      "display" : "Drug order",
      "name" : "Drug order",
      "javaClassName" : "org.openmrs.DrugOrder",
      "retired" : false,
      "description" : "Categorises medication orders for the patient",
      "conceptClasses" : [ {
        "uuid" : "3d065ed4-b0b9-4710-9a17-6d8c4fd259b7",
        "display" : "Drug",
        "links" : [ {
          "rel" : "self",
          "uri" : "http://localhost/ws/rest/v1/conceptclass/3d065ed4-b0b9-4710-9a17-6d8c4fd259b7",
          "resourceAlias" : "conceptclass"
        } ]
      } ],
      "parent" : {
        "uuid" : "dd3fb1d0-ae06-11e3-a5e2-0800200c9a77",
        "display" : "Plain Order",
        "links" : [ {
          "rel" : "self",
          "uri" : "http://localhost/ws/rest/v1/ordertype/dd3fb1d0-ae06-11e3-a5e2-0800200c9a77",
          "resourceAlias" : "ordertype"
        } ]
      },
      "links" : [ {
        "rel" : "self",
        "uri" : "http://localhost/ws/rest/v1/ordertype/131168f4-15f5-102d-96e4-000c29c2a5d7",
        "resourceAlias" : "ordertype"
      }, {
        "rel" : "full",
        "uri" : "http://localhost/ws/rest/v1/ordertype/131168f4-15f5-102d-96e4-000c29c2a5d7?v=full",
        "resourceAlias" : "ordertype"
      } ],
      "resourceVersion" : "1.10"
    },
    "urgency" : "ROUTINE",
    "instructions" : null,
    "commentToFulfiller" : null,
    "display" : "(REVISE) ASPIRIN: 325.0 mg UNKNOWN 1/day x 7 days/week",
    "drug" : {
      "uuid" : "05ec820a-d297-44e3-be6e-698531d9dd3f",
      "display" : "ASPIRIN",
      "links" : [ {
        "rel" : "self",
        "uri" : "http://localhost/ws/rest/v1/drug/05ec820a-d297-44e3-be6e-698531d9dd3f",
        "resourceAlias" : "drug"
      } ]
    },
    "dosingType" : "org.openmrs.SimpleDosingInstructions",
    "dose" : 325.0,
    "doseUnits" : {
      "uuid" : "557b9699-68a3-11e3-bd76-0800271c1b75",
      "display" : "mg",
      "links" : [ {
        "rel" : "self",
        "uri" : "http://localhost/ws/rest/v1/concept/557b9699-68a3-11e3-bd76-0800271c1b75",
        "resourceAlias" : "concept"
      } ]
    },
    "frequency" : {
      "uuid" : "28090760-7c38-11e3-baa7-0800200c9a66",
      "display" : "1/day x 7 days/week",
      "links" : [ {
        "rel" : "self",
        "uri" : "http://localhost/ws/rest/v1/orderfrequency/28090760-7c38-11e3-baa7-0800200c9a66",
        "resourceAlias" : "orderfrequency"
      } ]
    },
    "asNeeded" : false,
    "asNeededCondition" : null,
    "quantity" : 1.0,
    "quantityUnits" : {
      "uuid" : "5a2aa3db-68a3-11e3-bd76-0800271c1b75",
      "display" : "tab (s)",
      "links" : [ {
        "rel" : "self",
        "uri" : "http://localhost/ws/rest/v1/concept/5a2aa3db-68a3-11e3-bd76-0800271c1b75",
        "resourceAlias" : "concept"
      } ]
    },
    "numRefills" : 10,
    "dosingInstructions" : null,
    "duration" : null,
    "durationUnits" : null,
    "route" : {
      "uuid" : "e10ffe54-5184-4efe-8960-cd565ec1cdf8",
      "display" : "UNKNOWN",
      "links" : [ {
        "rel" : "self",
        "uri" : "http://localhost/ws/rest/v1/concept/e10ffe54-5184-4efe-8960-cd565ec1cdf8",
        "resourceAlias" : "concept"
      } ]
    },
    "brandName" : null,
    "dispenseAsWritten" : false,
    "drugNonCoded" : null,
    "links" : [ {
      "rel" : "self",
      "uri" : "http://localhost/ws/rest/v1/order/e1f95924-697a-11e3-bd76-0800271c1b75",
      "resourceAlias" : "order"
    }, {
      "rel" : "full",
      "uri" : "http://localhost/ws/rest/v1/order/e1f95924-697a-11e3-bd76-0800271c1b75?v=full",
      "resourceAlias" : "order"
    } ],
    "type" : "drugorder",
    "resourceVersion" : "1.10"
  } ],
  "voided" : false,
  "auditInfo" : {
    "creator" : {
      "uuid" : "1010d442-e134-11de-babe-001e378eb67e",
      "display" : "admin",
      "links" : [ {
        "rel" : "self",
        "uri" : "http://localhost/ws/rest/v1/user/1010d442-e134-11de-babe-001e378eb67e",
        "resourceAlias" : "user"
      } ]
    },
    "dateCreated" : "2008-08-18T14:09:05.000+0200",
    "changedBy" : null,
    "dateChanged" : null
  },
  "visit" : {
    "uuid" : "a2428fea-6b78-11e0-93c3-18a905e044dc",
    "display" : "Initial HIV Clinic Visit ? - 01/01/2006 00:00",
    "patient" : {
      "uuid" : "5946f880-b197-400b-9caa-a3c661d23041",
      "display" : "6TS-4 - Collet Test Chebaskwony",
      "links" : [ {
        "rel" : "self",
        "uri" : "http://localhost/ws/rest/v1/patient/5946f880-b197-400b-9caa-a3c661d23041",
        "resourceAlias" : "patient"
      } ]
    },
    "visitType" : {
      "uuid" : "c0c579b0-8e59-401d-8a4a-976a0b183519",
      "display" : "Initial HIV Clinic Visit",
      "links" : [ {
        "rel" : "self",
        "uri" : "http://localhost/ws/rest/v1/visittype/c0c579b0-8e59-401d-8a4a-976a0b183519",
        "resourceAlias" : "visittype"
      } ]
    },
    "indication" : null,
    "location" : null,
    "startDatetime" : "2006-01-01T00:00:00.000+0100",
    "stopDatetime" : null,
    "encounters" : [ {
      "uuid" : "6519d653-393b-4118-9c83-a3715b82d4ac",
      "display" : "Emergency 01/08/2008",
      "links" : [ {
        "rel" : "self",
        "uri" : "http://localhost/ws/rest/v1/encounter/6519d653-393b-4118-9c83-a3715b82d4ac",
        "resourceAlias" : "encounter"
      } ]
    } ],
    "attributes" : [ ],
    "voided" : false,
    "links" : [ {
      "rel" : "self",
      "uri" : "http://localhost/ws/rest/v1/visit/a2428fea-6b78-11e0-93c3-18a905e044dc",
      "resourceAlias" : "visit"
    }, {
      "rel" : "full",
      "uri" : "http://localhost/ws/rest/v1/visit/a2428fea-6b78-11e0-93c3-18a905e044dc?v=full",
      "resourceAlias" : "visit"
    } ],
    "resourceVersion" : "1.9"
  },
  "encounterProviders" : [ {
    "uuid" : "19e0aae8-20ee-46b7-ade6-9e68f897b7a9",
    "provider" : {
      "uuid" : "c2299800-cca9-11e0-9572-0800200c9a66",
      "display" : "Test - Super User",
      "links" : [ {
        "rel" : "self",
        "uri" : "http://localhost/ws/rest/v1/provider/c2299800-cca9-11e0-9572-0800200c9a66",
        "resourceAlias" : "provider"
      } ]
    },
    "encounterRole" : {
      "uuid" : "a0b03050-c99b-11e0-9572-0800200c9a66",
      "display" : "Unknown",
      "links" : [ {
        "rel" : "self",
        "uri" : "http://localhost/ws/rest/v1/encounterrole/a0b03050-c99b-11e0-9572-0800200c9a66",
        "resourceAlias" : "encounterrole"
      } ]
    },
    "voided" : false,
    "links" : [ {
      "rel" : "full",
      "uri" : "http://localhost/ws/rest/v1/encounter/6519d653-393b-4118-9c83-a3715b82d4ac/encounterprovider/19e0aae8-20ee-46b7-ade6-9e68f897b7a9?v=full",
      "resourceAlias" : "encounterprovider"
    } ],
    "resourceVersion" : "1.9"
  } ],
  "diagnoses" : [ {
    "uuid" : "59bf4fbc-fcdb-4a5b-97ea-0d5c4b4315a7",
    "diagnosis" : {
      "specificName" : {
        "uuid" : "df215350-7863-11e3-981f-0800200c9a66",
        "display" : "Some Diagnosis",
        "links" : [ {
          "rel" : "self",
          "uri" : "http://localhost/ws/rest/v1/concept/d59ddec0-7863-11e3-981f-0800200c9a66/name/df215350-7863-11e3-981f-0800200c9a66",
          "resourceAlias" : "name"
        } ]
      },
      "coded" : {
        "uuid" : "d59ddec0-7863-11e3-981f-0800200c9a66",
        "display" : "Some Diagnosis",
        "retired" : true,
        "links" : [ {
          "rel" : "self",
          "uri" : "http://localhost/ws/rest/v1/concept/d59ddec0-7863-11e3-981f-0800200c9a66",
          "resourceAlias" : "concept"
        } ]
      }
    },
    "condition" : {
      "uuid" : "e804ee60-ecbc-4d70-abda-1e4f6f64e5b5",
      "display" : "",
      "links" : [ {
        "rel" : "self",
        "uri" : "http://localhost/ws/rest/v1/condition/e804ee60-ecbc-4d70-abda-1e4f6f64e5b5",
        "resourceAlias" : "condition"
      } ]
    },
    "encounter" : {
      "uuid" : "6519d653-393b-4118-9c83-a3715b82d4ac",
      "display" : "Emergency 01/08/2008",
      "links" : [ {
        "rel" : "self",
        "uri" : "http://localhost/ws/rest/v1/encounter/6519d653-393b-4118-9c83-a3715b82d4ac",
        "resourceAlias" : "encounter"
      } ]
    },
    "certainty" : "PROVISIONAL",
    "rank" : 1,
    "voided" : false,
    "display" : "Some Diagnosis",
    "patient" : {
      "uuid" : "5946f880-b197-400b-9caa-a3c661d23041",
      "display" : "6TS-4 - Collet Test Chebaskwony",
      "links" : [ {
        "rel" : "self",
        "uri" : "http://localhost/ws/rest/v1/patient/5946f880-b197-400b-9caa-a3c661d23041",
        "resourceAlias" : "patient"
      } ]
    },
    "formFieldNamespace" : null,
    "formFieldPath" : null,
    "links" : [ {
      "rel" : "full",
      "uri" : "http://localhost/ws/rest/v1/patientdiagnoses/59bf4fbc-fcdb-4a5b-97ea-0d5c4b4315a7?v=full",
      "resourceAlias" : "patientdiagnoses"
    }, {
      "rel" : "self",
      "uri" : "http://localhost/ws/rest/v1/patientdiagnoses/59bf4fbc-fcdb-4a5b-97ea-0d5c4b4315a7",
      "resourceAlias" : "patientdiagnoses"
    } ],
    "resourceVersion" : "1.8"
  }, {
    "uuid" : "a9e13c57-5f0e-4b65-819b-4f0cd312d82d",
    "diagnosis" : {
      "nonCoded" : "NonCoded"
    },
    "condition" : {
      "uuid" : "4b2f8e8e-7c91-4268-953b-3987c711f801",
      "display" : "",
      "links" : [ {
        "rel" : "self",
        "uri" : "http://localhost/ws/rest/v1/condition/4b2f8e8e-7c91-4268-953b-3987c711f801",
        "resourceAlias" : "condition"
      } ]
    },
    "encounter" : {
      "uuid" : "6519d653-393b-4118-9c83-a3715b82d4ac",
      "display" : "Emergency 01/08/2008",
      "links" : [ {
        "rel" : "self",
        "uri" : "http://localhost/ws/rest/v1/encounter/6519d653-393b-4118-9c83-a3715b82d4ac",
        "resourceAlias" : "encounter"
      } ]
    },
    "certainty" : "CONFIRMED",
    "rank" : 2,
    "voided" : false,
    "display" : "NonCoded",
    "patient" : {
      "uuid" : "5946f880-b197-400b-9caa-a3c661d23041",
      "display" : "6TS-4 - Collet Test Chebaskwony",
      "links" : [ {
        "rel" : "self",
        "uri" : "http://localhost/ws/rest/v1/patient/5946f880-b197-400b-9caa-a3c661d23041",
        "resourceAlias" : "patient"
      } ]
    },
    "formFieldNamespace" : null,
    "formFieldPath" : null,
    "links" : [ {
      "rel" : "full",
      "uri" : "http://localhost/ws/rest/v1/patientdiagnoses/a9e13c57-5f0e-4b65-819b-4f0cd312d82d?v=full",
      "resourceAlias" : "patientdiagnoses"
    }, {
      "rel" : "self",
      "uri" : "http://localhost/ws/rest/v1/patientdiagnoses/a9e13c57-5f0e-4b65-819b-4f0cd312d82d",
      "resourceAlias" : "patientdiagnoses"
    } ],
    "resourceVersion" : "1.8"
  } ],
  "links" : [ {
    "rel" : "self",
    "uri" : "http://localhost/ws/rest/v1/encounter/6519d653-393b-4118-9c83-a3715b82d4ac",
    "resourceAlias" : "encounter"
  } ],
  "resourceVersion" : "2.2"
}
18:33:54.795 [main] INFO  o.s.t.c.t.TransactionContext - Rolled back transaction for test: [DefaultTestContext@7a25cffb testClass = EncounterController2_2Test, testInstance = org.openmrs.module.webservices.rest.web.v1_0.controller.openmrs2_2.EncounterController2_2Test@7893e17f, testMethod = getEncounter_shouldExcludeVoidedDiagnosis@EncounterController2_2Test, testException = [null], mergedContextConfiguration = [WebMergedContextConfiguration@48c91512 testClass = EncounterController2_2Test, locations = '{classpath:applicationContext-service.xml, classpath*:TestingApplicationContext.xml, classpath*:moduleApplicationContext.xml, classpath*:openmrs-servlet.xml, classpath*:webModuleApplicationContext.xml}', classes = '{}', contextInitializerClasses = '[]', activeProfiles = '{}', propertySourceLocations = '{}', propertySourceProperties = '{}', contextCustomizers = set[[empty]], resourceBasePath = 'src/main/webapp', contextLoader = 'org.springframework.test.context.web.WebDelegatingSmartContextLoader', parent = [null]], attributes = map['org.springframework.test.context.web.ServletTestExecutionListener.populatedRequestContextHolder' -> true, 'org.springframework.test.context.web.ServletTestExecutionListener.resetRequestContextHolder' -> true, 'org.springframework.test.context.event.ApplicationEventsTestExecutionListener.recordApplicationEvents' -> false]]
]]></system-out>
  </testcase>
  <testcase name="shouldGetAll" classname="org.openmrs.module.webservices.rest.web.v1_0.controller.openmrs2_2.EncounterController2_2Test" time="0.003">
    <system-out><![CDATA[18:33:54.796 [main] INFO  o.s.t.c.t.TransactionContext - Began transaction (1) for test context [DefaultTestContext@7a25cffb testClass = EncounterController2_2Test, testInstance = org.openmrs.module.webservices.rest.web.v1_0.controller.openmrs2_2.EncounterController2_2Test@8cd4236, testMethod = shouldGetAll@EncounterController2_2Test, testException = [null], mergedContextConfiguration = [WebMergedContextConfiguration@48c91512 testClass = EncounterController2_2Test, locations = '{classpath:applicationContext-service.xml, classpath*:TestingApplicationContext.xml, classpath*:moduleApplicationContext.xml, classpath*:openmrs-servlet.xml, classpath*:webModuleApplicationContext.xml}', classes = '{}', contextInitializerClasses = '[]', activeProfiles = '{}', propertySourceLocations = '{}', propertySourceProperties = '{}', contextCustomizers = set[[empty]], resourceBasePath = 'src/main/webapp', contextLoader = 'org.springframework.test.context.web.WebDelegatingSmartContextLoader', parent = [null]], attributes = map['org.springframework.test.context.web.ServletTestExecutionListener.populatedRequestContextHolder' -> true, 'org.springframework.test.context.web.ServletTestExecutionListener.resetRequestContextHolder' -> true, 'org.springframework.test.context.event.ApplicationEventsTestExecutionListener.recordApplicationEvents' -> false]]; transaction manager [org.springframework.orm.hibernate5.HibernateTransactionManager@23f8b7a4]; rollback [true]
18:33:54.798 [main] INFO  o.s.t.c.t.TransactionContext - Rolled back transaction for test: [DefaultTestContext@7a25cffb testClass = EncounterController2_2Test, testInstance = org.openmrs.module.webservices.rest.web.v1_0.controller.openmrs2_2.EncounterController2_2Test@8cd4236, testMethod = shouldGetAll@EncounterController2_2Test, testException = [null], mergedContextConfiguration = [WebMergedContextConfiguration@48c91512 testClass = EncounterController2_2Test, locations = '{classpath:applicationContext-service.xml, classpath*:TestingApplicationContext.xml, classpath*:moduleApplicationContext.xml, classpath*:openmrs-servlet.xml, classpath*:webModuleApplicationContext.xml}', classes = '{}', contextInitializerClasses = '[]', activeProfiles = '{}', propertySourceLocations = '{}', propertySourceProperties = '{}', contextCustomizers = set[[empty]], resourceBasePath = 'src/main/webapp', contextLoader = 'org.springframework.test.context.web.WebDelegatingSmartContextLoader', parent = [null]], attributes = map['org.springframework.test.context.web.ServletTestExecutionListener.populatedRequestContextHolder' -> true, 'org.springframework.test.context.web.ServletTestExecutionListener.resetRequestContextHolder' -> true, 'org.springframework.test.context.event.ApplicationEventsTestExecutionListener.recordApplicationEvents' -> false]]
]]></system-out>
  </testcase>
  <testcase name="shouldGetRefByUuid" classname="org.openmrs.module.webservices.rest.web.v1_0.controller.openmrs2_2.EncounterController2_2Test" time="0.007">
    <system-out><![CDATA[18:33:54.799 [main] INFO  o.s.t.c.t.TransactionContext - Began transaction (1) for test context [DefaultTestContext@7a25cffb testClass = EncounterController2_2Test, testInstance = org.openmrs.module.webservices.rest.web.v1_0.controller.openmrs2_2.EncounterController2_2Test@42e5fe52, testMethod = shouldGetRefByUuid@MainResourceControllerTest, testException = [null], mergedContextConfiguration = [WebMergedContextConfiguration@48c91512 testClass = EncounterController2_2Test, locations = '{classpath:applicationContext-service.xml, classpath*:TestingApplicationContext.xml, classpath*:moduleApplicationContext.xml, classpath*:openmrs-servlet.xml, classpath*:webModuleApplicationContext.xml}', classes = '{}', contextInitializerClasses = '[]', activeProfiles = '{}', propertySourceLocations = '{}', propertySourceProperties = '{}', contextCustomizers = set[[empty]], resourceBasePath = 'src/main/webapp', contextLoader = 'org.springframework.test.context.web.WebDelegatingSmartContextLoader', parent = [null]], attributes = map['org.springframework.test.context.web.ServletTestExecutionListener.populatedRequestContextHolder' -> true, 'org.springframework.test.context.web.ServletTestExecutionListener.resetRequestContextHolder' -> true, 'org.springframework.test.context.event.ApplicationEventsTestExecutionListener.recordApplicationEvents' -> false]]; transaction manager [org.springframework.orm.hibernate5.HibernateTransactionManager@23f8b7a4]; rollback [true]
18:33:54.805 [main] INFO  o.s.t.c.t.TransactionContext - Rolled back transaction for test: [DefaultTestContext@7a25cffb testClass = EncounterController2_2Test, testInstance = org.openmrs.module.webservices.rest.web.v1_0.controller.openmrs2_2.EncounterController2_2Test@42e5fe52, testMethod = shouldGetRefByUuid@MainResourceControllerTest, testException = [null], mergedContextConfiguration = [WebMergedContextConfiguration@48c91512 testClass = EncounterController2_2Test, locations = '{classpath:applicationContext-service.xml, classpath*:TestingApplicationContext.xml, classpath*:moduleApplicationContext.xml, classpath*:openmrs-servlet.xml, classpath*:webModuleApplicationContext.xml}', classes = '{}', contextInitializerClasses = '[]', activeProfiles = '{}', propertySourceLocations = '{}', propertySourceProperties = '{}', contextCustomizers = set[[empty]], resourceBasePath = 'src/main/webapp', contextLoader = 'org.springframework.test.context.web.WebDelegatingSmartContextLoader', parent = [null]], attributes = map['org.springframework.test.context.web.ServletTestExecutionListener.populatedRequestContextHolder' -> true, 'org.springframework.test.context.web.ServletTestExecutionListener.resetRequestContextHolder' -> true, 'org.springframework.test.context.event.ApplicationEventsTestExecutionListener.recordApplicationEvents' -> false]]
]]></system-out>
  </testcase>
  <testcase name="shouldGetDefaultByUuid" classname="org.openmrs.module.webservices.rest.web.v1_0.controller.openmrs2_2.EncounterController2_2Test" time="0.012">
    <system-out><![CDATA[18:33:54.805 [main] INFO  o.s.t.c.t.TransactionContext - Began transaction (1) for test context [DefaultTestContext@7a25cffb testClass = EncounterController2_2Test, testInstance = org.openmrs.module.webservices.rest.web.v1_0.controller.openmrs2_2.EncounterController2_2Test@7d3fb4cf, testMethod = shouldGetDefaultByUuid@MainResourceControllerTest, testException = [null], mergedContextConfiguration = [WebMergedContextConfiguration@48c91512 testClass = EncounterController2_2Test, locations = '{classpath:applicationContext-service.xml, classpath*:TestingApplicationContext.xml, classpath*:moduleApplicationContext.xml, classpath*:openmrs-servlet.xml, classpath*:webModuleApplicationContext.xml}', classes = '{}', contextInitializerClasses = '[]', activeProfiles = '{}', propertySourceLocations = '{}', propertySourceProperties = '{}', contextCustomizers = set[[empty]], resourceBasePath = 'src/main/webapp', contextLoader = 'org.springframework.test.context.web.WebDelegatingSmartContextLoader', parent = [null]], attributes = map['org.springframework.test.context.web.ServletTestExecutionListener.populatedRequestContextHolder' -> true, 'org.springframework.test.context.web.ServletTestExecutionListener.resetRequestContextHolder' -> true, 'org.springframework.test.context.event.ApplicationEventsTestExecutionListener.recordApplicationEvents' -> false]]; transaction manager [org.springframework.orm.hibernate5.HibernateTransactionManager@23f8b7a4]; rollback [true]
18:33:54.817 [main] INFO  o.s.t.c.t.TransactionContext - Rolled back transaction for test: [DefaultTestContext@7a25cffb testClass = EncounterController2_2Test, testInstance = org.openmrs.module.webservices.rest.web.v1_0.controller.openmrs2_2.EncounterController2_2Test@7d3fb4cf, testMethod = shouldGetDefaultByUuid@MainResourceControllerTest, testException = [null], mergedContextConfiguration = [WebMergedContextConfiguration@48c91512 testClass = EncounterController2_2Test, locations = '{classpath:applicationContext-service.xml, classpath*:TestingApplicationContext.xml, classpath*:moduleApplicationContext.xml, classpath*:openmrs-servlet.xml, classpath*:webModuleApplicationContext.xml}', classes = '{}', contextInitializerClasses = '[]', activeProfiles = '{}', propertySourceLocations = '{}', propertySourceProperties = '{}', contextCustomizers = set[[empty]], resourceBasePath = 'src/main/webapp', contextLoader = 'org.springframework.test.context.web.WebDelegatingSmartContextLoader', parent = [null]], attributes = map['org.springframework.test.context.web.ServletTestExecutionListener.populatedRequestContextHolder' -> true, 'org.springframework.test.context.web.ServletTestExecutionListener.resetRequestContextHolder' -> true, 'org.springframework.test.context.event.ApplicationEventsTestExecutionListener.recordApplicationEvents' -> false]]
]]></system-out>
  </testcase>
  <testcase name="shouldGetFullByUuid" classname="org.openmrs.module.webservices.rest.web.v1_0.controller.openmrs2_2.EncounterController2_2Test" time="0.023">
    <system-out><![CDATA[18:33:54.818 [main] INFO  o.s.t.c.t.TransactionContext - Began transaction (1) for test context [DefaultTestContext@7a25cffb testClass = EncounterController2_2Test, testInstance = org.openmrs.module.webservices.rest.web.v1_0.controller.openmrs2_2.EncounterController2_2Test@65091e3f, testMethod = shouldGetFullByUuid@MainResourceControllerTest, testException = [null], mergedContextConfiguration = [WebMergedContextConfiguration@48c91512 testClass = EncounterController2_2Test, locations = '{classpath:applicationContext-service.xml, classpath*:TestingApplicationContext.xml, classpath*:moduleApplicationContext.xml, classpath*:openmrs-servlet.xml, classpath*:webModuleApplicationContext.xml}', classes = '{}', contextInitializerClasses = '[]', activeProfiles = '{}', propertySourceLocations = '{}', propertySourceProperties = '{}', contextCustomizers = set[[empty]], resourceBasePath = 'src/main/webapp', contextLoader = 'org.springframework.test.context.web.WebDelegatingSmartContextLoader', parent = [null]], attributes = map['org.springframework.test.context.web.ServletTestExecutionListener.populatedRequestContextHolder' -> true, 'org.springframework.test.context.web.ServletTestExecutionListener.resetRequestContextHolder' -> true, 'org.springframework.test.context.event.ApplicationEventsTestExecutionListener.recordApplicationEvents' -> false]]; transaction manager [org.springframework.orm.hibernate5.HibernateTransactionManager@23f8b7a4]; rollback [true]
18:33:54.841 [main] INFO  o.s.t.c.t.TransactionContext - Rolled back transaction for test: [DefaultTestContext@7a25cffb testClass = EncounterController2_2Test, testInstance = org.openmrs.module.webservices.rest.web.v1_0.controller.openmrs2_2.EncounterController2_2Test@65091e3f, testMethod = shouldGetFullByUuid@MainResourceControllerTest, testException = [null], mergedContextConfiguration = [WebMergedContextConfiguration@48c91512 testClass = EncounterController2_2Test, locations = '{classpath:applicationContext-service.xml, classpath*:TestingApplicationContext.xml, classpath*:moduleApplicationContext.xml, classpath*:openmrs-servlet.xml, classpath*:webModuleApplicationContext.xml}', classes = '{}', contextInitializerClasses = '[]', activeProfiles = '{}', propertySourceLocations = '{}', propertySourceProperties = '{}', contextCustomizers = set[[empty]], resourceBasePath = 'src/main/webapp', contextLoader = 'org.springframework.test.context.web.WebDelegatingSmartContextLoader', parent = [null]], attributes = map['org.springframework.test.context.web.ServletTestExecutionListener.populatedRequestContextHolder' -> true, 'org.springframework.test.context.web.ServletTestExecutionListener.resetRequestContextHolder' -> true, 'org.springframework.test.context.event.ApplicationEventsTestExecutionListener.recordApplicationEvents' -> false]]
]]></system-out>
  </testcase>
</testsuite>